93 109 125 141 157
174 190 206 222 238
6 22 38 54 70
1 17 33 49 65
12 28 44 60 76
166 182 198 214 230
92 108 124 140 156
0 16 32 48 64
173 189 205 221 237
95 111 127 143 159
11 27 43 59 75
169 185 201 217 233
161 177 193 209 225
164 180 196 212 228
163 179 195 211 227
80 96 112 128 144
3 19 35 51 67
162 178 194 210 226
94 110 126 142 158
14 30 46 62 78
168 184 200 216 232
89 105 121 137 153
15 31 47 63 79
172 188 204 220 236
91 107 123 139 155
10 26 42 58 74
165 181 197 213 229
82 98 114 130 146
2 18 34 50 66
170 186 202 218 234
88 104 120 136 152
9 25 41 57 73
167 183 199 215 231
83 99 115 131 147
13 29 45 61 77
175 191 207 223 239
87 103 119 135 151
4 20 36 52 68
171 187 203 219 235
84 100 116 132 148
8 24 40 56 72
160 176 192 208 224
86 102 118 134 150
5 21 37 53 69
90 106 122 138 154
7 23 39 55 71
85 101 117 133 149
81 97 113 129 145
logging to.../global/cscratch1/sd/huikong/obiwan_Aug/repos_for_docker/obiwan_out/elg_eight_bricks/logs/001//rs0/log.0016m020
logging to.../global/cscratch1/sd/huikong/obiwan_Aug/repos_for_docker/obiwan_out/elg_eight_bricks/logs/001//rs0/log.0011m027
logging to.../global/cscratch1/sd/huikong/obiwan_Aug/repos_for_docker/obiwan_out/elg_eight_bricks/logs/001//rs0/log.0016m025
logging to.../global/cscratch1/sd/huikong/obiwan_Aug/repos_for_docker/obiwan_out/elg_eight_bricks/logs/001//rs0/log.0016m042
logging to.../global/cscratch1/sd/huikong/obiwan_Aug/repos_for_docker/obiwan_out/elg_eight_bricks/logs/001//rs0/log.0016m030
logging to.../global/cscratch1/sd/huikong/obiwan_Aug/repos_for_docker/obiwan_out/elg_eight_bricks/logs/001//rs0/log.0016m022
logging to.../global/cscratch1/sd/huikong/obiwan_Aug/repos_for_docker/obiwan_out/elg_eight_bricks/logs/001//rs0/log.0016m045
logging to.../global/cscratch1/sd/huikong/obiwan_Aug/repos_for_docker/obiwan_out/elg_eight_bricks/logs/001//rs0/log.0016m027
logging to.../global/cscratch1/sd/huikong/obiwan_Aug/repos_for_docker/obiwan_out/elg_eight_bricks/logs/001//rs0/log.0011m032
logging to.../global/cscratch1/sd/huikong/obiwan_Aug/repos_for_docker/obiwan_out/elg_eight_bricks/logs/001//rs0/log.0016m035
logging to.../global/cscratch1/sd/huikong/obiwan_Aug/repos_for_docker/obiwan_out/elg_eight_bricks/logs/001//rs0/log.0011m042
logging to.../global/cscratch1/sd/huikong/obiwan_Aug/repos_for_docker/obiwan_out/elg_eight_bricks/logs/001//rs0/log.0016p000
logging to.../global/cscratch1/sd/huikong/obiwan_Aug/repos_for_docker/obiwan_out/elg_eight_bricks/logs/001//rs0/log.0011m045
logging to.../global/cscratch1/sd/huikong/obiwan_Aug/repos_for_docker/obiwan_out/elg_eight_bricks/logs/001//rs0/log.0016m040
logging to.../global/cscratch1/sd/huikong/obiwan_Aug/repos_for_docker/obiwan_out/elg_eight_bricks/logs/001//rs0/log.0016m032
logging to.../global/cscratch1/sd/huikong/obiwan_Aug/repos_for_docker/obiwan_out/elg_eight_bricks/logs/001//rs0/log.0011m020
logging to.../global/cscratch1/sd/huikong/obiwan_Aug/repos_for_docker/obiwan_out/elg_eight_bricks/logs/001//rs0/log.0016m015
logging to.../global/cscratch1/sd/huikong/obiwan_Aug/repos_for_docker/obiwan_out/elg_eight_bricks/logs/001//rs0/log.0011m015
logging to.../global/cscratch1/sd/huikong/obiwan_Aug/repos_for_docker/obiwan_out/elg_eight_bricks/logs/001//rs0/log.0016m037
logging to.../global/cscratch1/sd/huikong/obiwan_Aug/repos_for_docker/obiwan_out/elg_eight_bricks/logs/001//rs0/log.0011m012
logging to.../global/cscratch1/sd/huikong/obiwan_Aug/repos_for_docker/obiwan_out/elg_eight_bricks/logs/001//rs0/log.0016m017
logging to.../global/cscratch1/sd/huikong/obiwan_Aug/repos_for_docker/obiwan_out/elg_eight_bricks/logs/001//rs0/log.0016m047
logging to.../global/cscratch1/sd/huikong/obiwan_Aug/repos_for_docker/obiwan_out/elg_eight_bricks/logs/001//rs0/log.0011m025
logging to.../global/cscratch1/sd/huikong/obiwan_Aug/repos_for_docker/obiwan_out/elg_eight_bricks/logs/001//rs0/log.0016p002
logging to.../global/cscratch1/sd/huikong/obiwan_Aug/repos_for_docker/obiwan_out/elg_eight_bricks/logs/001//rs0/log.0011m040
logging to.../global/cscratch1/sd/huikong/obiwan_Aug/repos_for_docker/obiwan_out/elg_eight_bricks/logs/001//rs0/log.0011m047
logging to.../global/cscratch1/sd/huikong/obiwan_Aug/repos_for_docker/obiwan_out/elg_eight_bricks/logs/001//rs0/log.0011m017
logging to.../global/cscratch1/sd/huikong/obiwan_Aug/repos_for_docker/obiwan_out/elg_eight_bricks/logs/000//rs0/log.0006m030
logging to.../global/cscratch1/sd/huikong/obiwan_Aug/repos_for_docker/obiwan_out/elg_eight_bricks/logs/001//rs0/log.0011m010
logging to.../global/cscratch1/sd/huikong/obiwan_Aug/repos_for_docker/obiwan_out/elg_eight_bricks/logs/000//rs0/log.0006m015
logging to.../global/cscratch1/sd/huikong/obiwan_Aug/repos_for_docker/obiwan_out/elg_eight_bricks/logs/001//rs0/log.0011m035
logging to.../global/cscratch1/sd/huikong/obiwan_Aug/repos_for_docker/obiwan_out/elg_eight_bricks/logs/001//rs0/log.0011m022
logging to.../global/cscratch1/sd/huikong/obiwan_Aug/repos_for_docker/obiwan_out/elg_eight_bricks/logs/000//rs0/log.0006m040
logging to.../global/cscratch1/sd/huikong/obiwan_Aug/repos_for_docker/obiwan_out/elg_eight_bricks/logs/000//rs0/log.0006m027
logging to.../global/cscratch1/sd/huikong/obiwan_Aug/repos_for_docker/obiwan_out/elg_eight_bricks/logs/001//rs0/log.0011m030
logging to.../global/cscratch1/sd/huikong/obiwan_Aug/repos_for_docker/obiwan_out/elg_eight_bricks/logs/000//rs0/log.0006m037
logging to.../global/cscratch1/sd/huikong/obiwan_Aug/repos_for_docker/obiwan_out/elg_eight_bricks/logs/001//rs0/log.0011m037
logging to.../global/cscratch1/sd/huikong/obiwan_Aug/repos_for_docker/obiwan_out/elg_eight_bricks/logs/000//rs0/log.0006m012
logging to.../global/cscratch1/sd/huikong/obiwan_Aug/repos_for_docker/obiwan_out/elg_eight_bricks/logs/000//rs0/log.0006m010
logging to.../global/cscratch1/sd/huikong/obiwan_Aug/repos_for_docker/obiwan_out/elg_eight_bricks/logs/000//rs0/log.0006m007
logging to.../global/cscratch1/sd/huikong/obiwan_Aug/repos_for_docker/obiwan_out/elg_eight_bricks/logs/000//rs0/log.0006m005
logging to.../global/cscratch1/sd/huikong/obiwan_Aug/repos_for_docker/obiwan_out/elg_eight_bricks/logs/000//rs0/log.0006m035
logging to.../global/cscratch1/sd/huikong/obiwan_Aug/repos_for_docker/obiwan_out/elg_eight_bricks/logs/000//rs0/log.0006m002
logging to.../global/cscratch1/sd/huikong/obiwan_Aug/repos_for_docker/obiwan_out/elg_eight_bricks/logs/000//rs0/log.0006m025
logging to.../global/cscratch1/sd/huikong/obiwan_Aug/repos_for_docker/obiwan_out/elg_eight_bricks/logs/000//rs0/log.0006m017
logging to.../global/cscratch1/sd/huikong/obiwan_Aug/repos_for_docker/obiwan_out/elg_eight_bricks/logs/000//rs0/log.0006m020
logging to.../global/cscratch1/sd/huikong/obiwan_Aug/repos_for_docker/obiwan_out/elg_eight_bricks/logs/000//rs0/log.0006m032
logging to.../global/cscratch1/sd/huikong/obiwan_Aug/repos_for_docker/obiwan_out/elg_eight_bricks/logs/000//rs0/log.0006m022
logging to.../global/cscratch1/sd/huikong/obiwan_Aug/repos_for_docker/obiwan_out/elg_eight_bricks/logs/000//rs0/log.0006p012
logging to.../global/cscratch1/sd/huikong/obiwan_Aug/repos_for_docker/obiwan_out/elg_eight_bricks/logs/000//rs0/log.0006p025
logging to.../global/cscratch1/sd/huikong/obiwan_Aug/repos_for_docker/obiwan_out/elg_eight_bricks/logs/000//rs0/log.0006p017
logging to.../global/cscratch1/sd/huikong/obiwan_Aug/repos_for_docker/obiwan_out/elg_eight_bricks/logs/000//rs0/log.0006p007
logging to.../global/cscratch1/sd/huikong/obiwan_Aug/repos_for_docker/obiwan_out/elg_eight_bricks/logs/000//rs0/log.0006p027
logging to.../global/cscratch1/sd/huikong/obiwan_Aug/repos_for_docker/obiwan_out/elg_eight_bricks/logs/000//rs0/log.0006p002
logging to.../global/cscratch1/sd/huikong/obiwan_Aug/repos_for_docker/obiwan_out/elg_eight_bricks/logs/001//rs0/log.0016p010
logging to.../global/cscratch1/sd/huikong/obiwan_Aug/repos_for_docker/obiwan_out/elg_eight_bricks/logs/001//rs0/log.0011p017
logging to.../global/cscratch1/sd/huikong/obiwan_Aug/repos_for_docker/obiwan_out/elg_eight_bricks/logs/001//rs0/log.0016p035
logging to.../global/cscratch1/sd/huikong/obiwan_Aug/repos_for_docker/obiwan_out/elg_eight_bricks/logs/001//rs0/log.0016p012
logging to.../global/cscratch1/sd/huikong/obiwan_Aug/repos_for_docker/obiwan_out/elg_eight_bricks/logs/001//rs0/log.0016p017
logging to.../global/cscratch1/sd/huikong/obiwan_Aug/repos_for_docker/obiwan_out/elg_eight_bricks/logs/001//rs0/log.0011p035
logging to.../global/cscratch1/sd/huikong/obiwan_Aug/repos_for_docker/obiwan_out/elg_eight_bricks/logs/001//rs0/log.0011p032
logging to.../global/cscratch1/sd/huikong/obiwan_Aug/repos_for_docker/obiwan_out/elg_eight_bricks/logs/001//rs0/log.0016p027
logging to.../global/cscratch1/sd/huikong/obiwan_Aug/repos_for_docker/obiwan_out/elg_eight_bricks/logs/000//rs0/log.0006p000
logging to.../global/cscratch1/sd/huikong/obiwan_Aug/repos_for_docker/obiwan_out/elg_eight_bricks/logs/001//rs0/log.0011p027
logging to.../global/cscratch1/sd/huikong/obiwan_Aug/repos_for_docker/obiwan_out/elg_eight_bricks/logs/001//rs0/log.0011p005
logging to.../global/cscratch1/sd/huikong/obiwan_Aug/repos_for_docker/obiwan_out/elg_eight_bricks/logs/001//rs0/log.0011p002
logging to.../global/cscratch1/sd/huikong/obiwan_Aug/repos_for_docker/obiwan_out/elg_eight_bricks/logs/001//rs0/log.0016p020
logging to.../global/cscratch1/sd/huikong/obiwan_Aug/repos_for_docker/obiwan_out/elg_eight_bricks/logs/001//rs0/log.0016p015
logging to.../global/cscratch1/sd/huikong/obiwan_Aug/repos_for_docker/obiwan_out/elg_eight_bricks/logs/000//rs0/log.0006m047
logging to.../global/cscratch1/sd/huikong/obiwan_Aug/repos_for_docker/obiwan_out/elg_eight_bricks/logs/001//rs0/log.0011p000
logging to.../global/cscratch1/sd/huikong/obiwan_Aug/repos_for_docker/obiwan_out/elg_eight_bricks/logs/000//rs0/log.0006m045
logging to.../global/cscratch1/sd/huikong/obiwan_Aug/repos_for_docker/obiwan_out/elg_eight_bricks/logs/001//rs0/log.0018m010
logging to.../global/cscratch1/sd/huikong/obiwan_Aug/repos_for_docker/obiwan_out/elg_eight_bricks/logs/001//rs0/log.0011p030
logging to.../global/cscratch1/sd/huikong/obiwan_Aug/repos_for_docker/obiwan_out/elg_eight_bricks/logs/000//rs0/log.0006p010
logging to.../global/cscratch1/sd/huikong/obiwan_Aug/repos_for_docker/obiwan_out/elg_eight_bricks/logs/001//rs0/log.0016p007
logging to.../global/cscratch1/sd/huikong/obiwan_Aug/repos_for_docker/obiwan_out/elg_eight_bricks/logs/001//rs0/log.0016p022
logging to.../global/cscratch1/sd/huikong/obiwan_Aug/repos_for_docker/obiwan_out/elg_eight_bricks/logs/001//rs0/log.0016p025
logging to.../global/cscratch1/sd/huikong/obiwan_Aug/repos_for_docker/obiwan_out/elg_eight_bricks/logs/001//rs0/log.0011p015
logging to.../global/cscratch1/sd/huikong/obiwan_Aug/repos_for_docker/obiwan_out/elg_eight_bricks/logs/000//rs0/log.0006p015
logging to.../global/cscratch1/sd/huikong/obiwan_Aug/repos_for_docker/obiwan_out/elg_eight_bricks/logs/000//rs0/log.0008m022
logging to.../global/cscratch1/sd/huikong/obiwan_Aug/repos_for_docker/obiwan_out/elg_eight_bricks/logs/001//rs0/log.0016p005
logging to.../global/cscratch1/sd/huikong/obiwan_Aug/repos_for_docker/obiwan_out/elg_eight_bricks/logs/000//rs0/log.0006m042
logging to.../global/cscratch1/sd/huikong/obiwan_Aug/repos_for_docker/obiwan_out/elg_eight_bricks/logs/000//rs0/log.0006p037
logging to.../global/cscratch1/sd/huikong/obiwan_Aug/repos_for_docker/obiwan_out/elg_eight_bricks/logs/001//rs0/log.0016p032
logging to.../global/cscratch1/sd/huikong/obiwan_Aug/repos_for_docker/obiwan_out/elg_eight_bricks/logs/001//rs0/log.0011p020
logging to.../global/cscratch1/sd/huikong/obiwan_Aug/repos_for_docker/obiwan_out/elg_eight_bricks/logs/000//rs0/log.0006p030
logging to.../global/cscratch1/sd/huikong/obiwan_Aug/repos_for_docker/obiwan_out/elg_eight_bricks/logs/001//rs0/log.0016p037
logging to.../global/cscratch1/sd/huikong/obiwan_Aug/repos_for_docker/obiwan_out/elg_eight_bricks/logs/000//rs0/log.0006p005
logging to.../global/cscratch1/sd/huikong/obiwan_Aug/repos_for_docker/obiwan_out/elg_eight_bricks/logs/001//rs0/log.0011p025
logging to.../global/cscratch1/sd/huikong/obiwan_Aug/repos_for_docker/obiwan_out/elg_eight_bricks/logs/001//rs0/log.0011p037
logging to.../global/cscratch1/sd/huikong/obiwan_Aug/repos_for_docker/obiwan_out/elg_eight_bricks/logs/001//rs0/log.0011p022
logging to.../global/cscratch1/sd/huikong/obiwan_Aug/repos_for_docker/obiwan_out/elg_eight_bricks/logs/000//rs0/log.0008m007
logging to.../global/cscratch1/sd/huikong/obiwan_Aug/repos_for_docker/obiwan_out/elg_eight_bricks/logs/001//rs0/log.0016p030
logging to.../global/cscratch1/sd/huikong/obiwan_Aug/repos_for_docker/obiwan_out/elg_eight_bricks/logs/001//rs0/log.0011p012
logging to.../global/cscratch1/sd/huikong/obiwan_Aug/repos_for_docker/obiwan_out/elg_eight_bricks/logs/000//rs0/log.0006p022
logging to.../global/cscratch1/sd/huikong/obiwan_Aug/repos_for_docker/obiwan_out/elg_eight_bricks/logs/000//rs0/log.0008m020
logging to.../global/cscratch1/sd/huikong/obiwan_Aug/repos_for_docker/obiwan_out/elg_eight_bricks/logs/000//rs0/log.0006p020
logging to.../global/cscratch1/sd/huikong/obiwan_Aug/repos_for_docker/obiwan_out/elg_eight_bricks/logs/001//rs0/log.0013m007
logging to.../global/cscratch1/sd/huikong/obiwan_Aug/repos_for_docker/obiwan_out/elg_eight_bricks/logs/001//rs0/log.0016p040
logging to.../global/cscratch1/sd/huikong/obiwan_Aug/repos_for_docker/obiwan_out/elg_eight_bricks/logs/001//rs0/log.0018m027
logging to.../global/cscratch1/sd/huikong/obiwan_Aug/repos_for_docker/obiwan_out/elg_eight_bricks/logs/000//rs0/log.0008p010
logging to.../global/cscratch1/sd/huikong/obiwan_Aug/repos_for_docker/obiwan_out/elg_eight_bricks/logs/000//rs0/log.0008p012
logging to.../global/cscratch1/sd/huikong/obiwan_Aug/repos_for_docker/obiwan_out/elg_eight_bricks/logs/001//rs0/log.0011p010
logging to.../global/cscratch1/sd/huikong/obiwan_Aug/repos_for_docker/obiwan_out/elg_eight_bricks/logs/000//rs0/log.0008m017
logging to.../global/cscratch1/sd/huikong/obiwan_Aug/repos_for_docker/obiwan_out/elg_eight_bricks/logs/001//rs0/log.0018m020
logging to.../global/cscratch1/sd/huikong/obiwan_Aug/repos_for_docker/obiwan_out/elg_eight_bricks/logs/001//rs0/log.0013m017
logging to.../global/cscratch1/sd/huikong/obiwan_Aug/repos_for_docker/obiwan_out/elg_eight_bricks/logs/001//rs0/log.0013m027
logging to.../global/cscratch1/sd/huikong/obiwan_Aug/repos_for_docker/obiwan_out/elg_eight_bricks/logs/000//rs0/log.0006p045
logging to.../global/cscratch1/sd/huikong/obiwan_Aug/repos_for_docker/obiwan_out/elg_eight_bricks/logs/000//rs0/log.0008m032
logging to.../global/cscratch1/sd/huikong/obiwan_Aug/repos_for_docker/obiwan_out/elg_eight_bricks/logs/001//rs0/log.0013m025
logging to.../global/cscratch1/sd/huikong/obiwan_Aug/repos_for_docker/obiwan_out/elg_eight_bricks/logs/001//rs0/log.0011p007
logging to.../global/cscratch1/sd/huikong/obiwan_Aug/repos_for_docker/obiwan_out/elg_eight_bricks/logs/000//rs0/log.0008m012
logging to.../global/cscratch1/sd/huikong/obiwan_Aug/repos_for_docker/obiwan_out/elg_eight_bricks/logs/001//rs0/log.0013m012
logging to.../global/cscratch1/sd/huikong/obiwan_Aug/repos_for_docker/obiwan_out/elg_eight_bricks/logs/001//rs0/log.0013m015
logging to.../global/cscratch1/sd/huikong/obiwan_Aug/repos_for_docker/obiwan_out/elg_eight_bricks/logs/000//rs0/log.0008p007
logging to.../global/cscratch1/sd/huikong/obiwan_Aug/repos_for_docker/obiwan_out/elg_eight_bricks/logs/001//rs0/log.0018m002
logging to.../global/cscratch1/sd/huikong/obiwan_Aug/repos_for_docker/obiwan_out/elg_eight_bricks/logs/001//rs0/log.0018p017
logging to.../global/cscratch1/sd/huikong/obiwan_Aug/repos_for_docker/obiwan_out/elg_eight_bricks/logs/001//rs0/log.0013p005
logging to.../global/cscratch1/sd/huikong/obiwan_Aug/repos_for_docker/obiwan_out/elg_eight_bricks/logs/000//rs0/log.0008p002
logging to.../global/cscratch1/sd/huikong/obiwan_Aug/repos_for_docker/obiwan_out/elg_eight_bricks/logs/001//rs0/log.0011m002
logging to.../global/cscratch1/sd/huikong/obiwan_Aug/repos_for_docker/obiwan_out/elg_eight_bricks/logs/001//rs0/log.0013m020
logging to.../global/cscratch1/sd/huikong/obiwan_Aug/repos_for_docker/obiwan_out/elg_eight_bricks/logs/001//rs0/log.0018m005
logging to.../global/cscratch1/sd/huikong/obiwan_Aug/repos_for_docker/obiwan_out/elg_eight_bricks/logs/001//rs0/log.0018m012
logging to.../global/cscratch1/sd/huikong/obiwan_Aug/repos_for_docker/obiwan_out/elg_eight_bricks/logs/001//rs0/log.0016p045
logging to.../global/cscratch1/sd/huikong/obiwan_Aug/repos_for_docker/obiwan_out/elg_eight_bricks/logs/001//rs0/log.0011p047
logging to.../global/cscratch1/sd/huikong/obiwan_Aug/repos_for_docker/obiwan_out/elg_eight_bricks/logs/001//rs0/log.0018m007
logging to.../global/cscratch1/sd/huikong/obiwan_Aug/repos_for_docker/obiwan_out/elg_eight_bricks/logs/001//rs0/log.0011p045
logging to.../global/cscratch1/sd/huikong/obiwan_Aug/repos_for_docker/obiwan_out/elg_eight_bricks/logs/001//rs0/log.0013p045
logging to.../global/cscratch1/sd/huikong/obiwan_Aug/repos_for_docker/obiwan_out/elg_eight_bricks/logs/001//rs0/log.0018m030
logging to.../global/cscratch1/sd/huikong/obiwan_Aug/repos_for_docker/obiwan_out/elg_eight_bricks/logs/001//rs0/log.0011p042
logging to.../global/cscratch1/sd/huikong/obiwan_Aug/repos_for_docker/obiwan_out/elg_eight_bricks/logs/000//rs0/log.0008m010
logging to.../global/cscratch1/sd/huikong/obiwan_Aug/repos_for_docker/obiwan_out/elg_eight_bricks/logs/001//rs0/log.0013m030
logging to.../global/cscratch1/sd/huikong/obiwan_Aug/repos_for_docker/obiwan_out/elg_eight_bricks/logs/001//rs0/log.0018m015
logging to.../global/cscratch1/sd/huikong/obiwan_Aug/repos_for_docker/obiwan_out/elg_eight_bricks/logs/001//rs0/log.0018m017
logging to.../global/cscratch1/sd/huikong/obiwan_Aug/repos_for_docker/obiwan_out/elg_eight_bricks/logs/001//rs0/log.0013m010
logging to.../global/cscratch1/sd/huikong/obiwan_Aug/repos_for_docker/obiwan_out/elg_eight_bricks/logs/000//rs0/log.0008m047
logging to.../global/cscratch1/sd/huikong/obiwan_Aug/repos_for_docker/obiwan_out/elg_eight_bricks/logs/001//rs0/log.0018m025
logging to.../global/cscratch1/sd/huikong/obiwan_Aug/repos_for_docker/obiwan_out/elg_eight_bricks/logs/001//rs0/log.0013m022
logging to.../global/cscratch1/sd/huikong/obiwan_Aug/repos_for_docker/obiwan_out/elg_eight_bricks/logs/000//rs0/log.0008p042
logging to.../global/cscratch1/sd/huikong/obiwan_Aug/repos_for_docker/obiwan_out/elg_eight_bricks/logs/001//rs0/log.0018m032
logging to.../global/cscratch1/sd/huikong/obiwan_Aug/repos_for_docker/obiwan_out/elg_eight_bricks/logs/000//rs0/log.0008m005
logging to.../global/cscratch1/sd/huikong/obiwan_Aug/repos_for_docker/obiwan_out/elg_eight_bricks/logs/000//rs0/log.0008m040
logging to.../global/cscratch1/sd/huikong/obiwan_Aug/repos_for_docker/obiwan_out/elg_eight_bricks/logs/001//rs0/log.0011p040
logging to.../global/cscratch1/sd/huikong/obiwan_Aug/repos_for_docker/obiwan_out/elg_eight_bricks/logs/000//rs0/log.0006p032
logging to.../global/cscratch1/sd/huikong/obiwan_Aug/repos_for_docker/obiwan_out/elg_eight_bricks/logs/001//rs0/log.0013p017
logging to.../global/cscratch1/sd/huikong/obiwan_Aug/repos_for_docker/obiwan_out/elg_eight_bricks/logs/001//rs0/log.0018m022
logging to.../global/cscratch1/sd/huikong/obiwan_Aug/repos_for_docker/obiwan_out/elg_eight_bricks/logs/000//rs0/log.0008p000
logging to.../global/cscratch1/sd/huikong/obiwan_Aug/repos_for_docker/obiwan_out/elg_eight_bricks/logs/001//rs0/log.0013m032
logging to.../global/cscratch1/sd/huikong/obiwan_Aug/repos_for_docker/obiwan_out/elg_eight_bricks/logs/001//rs0/log.0013p015
logging to.../global/cscratch1/sd/huikong/obiwan_Aug/repos_for_docker/obiwan_out/elg_eight_bricks/logs/001//rs0/log.0018p015
logging to.../global/cscratch1/sd/huikong/obiwan_Aug/repos_for_docker/obiwan_out/elg_eight_bricks/logs/000//rs0/log.0006p035
logging to.../global/cscratch1/sd/huikong/obiwan_Aug/repos_for_docker/obiwan_out/elg_eight_bricks/logs/000//rs0/log.0008m025
logging to.../global/cscratch1/sd/huikong/obiwan_Aug/repos_for_docker/obiwan_out/elg_eight_bricks/logs/000//rs0/log.0008m002
logging to.../global/cscratch1/sd/huikong/obiwan_Aug/repos_for_docker/obiwan_out/elg_eight_bricks/logs/000//rs0/log.0008m015
logging to.../global/cscratch1/sd/huikong/obiwan_Aug/repos_for_docker/obiwan_out/elg_eight_bricks/logs/001//rs0/log.0013m040
logging to.../global/cscratch1/sd/huikong/obiwan_Aug/repos_for_docker/obiwan_out/elg_eight_bricks/logs/001//rs0/log.0018m037
logging to.../global/cscratch1/sd/huikong/obiwan_Aug/repos_for_docker/obiwan_out/elg_eight_bricks/logs/001//rs0/log.0011m005
logging to.../global/cscratch1/sd/huikong/obiwan_Aug/repos_for_docker/obiwan_out/elg_eight_bricks/logs/000//rs0/log.0008p015
logging to.../global/cscratch1/sd/huikong/obiwan_Aug/repos_for_docker/obiwan_out/elg_eight_bricks/logs/001//rs0/log.0018p010
logging to.../global/cscratch1/sd/huikong/obiwan_Aug/repos_for_docker/obiwan_out/elg_eight_bricks/logs/001//rs0/log.0013m037
logging to.../global/cscratch1/sd/huikong/obiwan_Aug/repos_for_docker/obiwan_out/elg_eight_bricks/logs/001//rs0/log.0013m047
logging to.../global/cscratch1/sd/huikong/obiwan_Aug/repos_for_docker/obiwan_out/elg_eight_bricks/logs/001//rs0/log.0013p030
logging to.../global/cscratch1/sd/huikong/obiwan_Aug/repos_for_docker/obiwan_out/elg_eight_bricks/logs/000//rs0/log.0008p005
logging to.../global/cscratch1/sd/huikong/obiwan_Aug/repos_for_docker/obiwan_out/elg_eight_bricks/logs/001//rs0/log.0013m005
logging to.../global/cscratch1/sd/huikong/obiwan_Aug/repos_for_docker/obiwan_out/elg_eight_bricks/logs/001//rs0/log.0011m007
logging to.../global/cscratch1/sd/huikong/obiwan_Aug/repos_for_docker/obiwan_out/elg_eight_bricks/logs/001//rs0/log.0013p027
logging to.../global/cscratch1/sd/huikong/obiwan_Aug/repos_for_docker/obiwan_out/elg_eight_bricks/logs/002//rs0/log.0021m010
logging to.../global/cscratch1/sd/huikong/obiwan_Aug/repos_for_docker/obiwan_out/elg_eight_bricks/logs/001//rs0/log.0013p037
logging to.../global/cscratch1/sd/huikong/obiwan_Aug/repos_for_docker/obiwan_out/elg_eight_bricks/logs/000//rs0/log.0008p040
logging to.../global/cscratch1/sd/huikong/obiwan_Aug/repos_for_docker/obiwan_out/elg_eight_bricks/logs/001//rs0/log.0013p007
logging to.../global/cscratch1/sd/huikong/obiwan_Aug/repos_for_docker/obiwan_out/elg_eight_bricks/logs/001//rs0/log.0013m002
logging to.../global/cscratch1/sd/huikong/obiwan_Aug/repos_for_docker/obiwan_out/elg_eight_bricks/logs/000//rs0/log.0008p022
logging to.../global/cscratch1/sd/huikong/obiwan_Aug/repos_for_docker/obiwan_out/elg_eight_bricks/logs/001//rs0/log.0013m035
logging to.../global/cscratch1/sd/huikong/obiwan_Aug/repos_for_docker/obiwan_out/elg_eight_bricks/logs/000//rs0/log.0008p047
logging to.../global/cscratch1/sd/huikong/obiwan_Aug/repos_for_docker/obiwan_out/elg_eight_bricks/logs/000//rs0/log.0008p037
logging to.../global/cscratch1/sd/huikong/obiwan_Aug/repos_for_docker/obiwan_out/elg_eight_bricks/logs/001//rs0/log.0013p010
logging to.../global/cscratch1/sd/huikong/obiwan_Aug/repos_for_docker/obiwan_out/elg_eight_bricks/logs/001//rs0/log.0013p047
logging to.../global/cscratch1/sd/huikong/obiwan_Aug/repos_for_docker/obiwan_out/elg_eight_bricks/logs/001//rs0/log.0018p027
logging to.../global/cscratch1/sd/huikong/obiwan_Aug/repos_for_docker/obiwan_out/elg_eight_bricks/logs/001//rs0/log.0013p012
logging to.../global/cscratch1/sd/huikong/obiwan_Aug/repos_for_docker/obiwan_out/elg_eight_bricks/logs/001//rs0/log.0018p007
logging to.../global/cscratch1/sd/huikong/obiwan_Aug/repos_for_docker/obiwan_out/elg_eight_bricks/logs/002//rs0/log.0021m002
logging to.../global/cscratch1/sd/huikong/obiwan_Aug/repos_for_docker/obiwan_out/elg_eight_bricks/logs/000//rs0/log.0008m042
logging to.../global/cscratch1/sd/huikong/obiwan_Aug/repos_for_docker/obiwan_out/elg_eight_bricks/logs/001//rs0/log.0016p047
logging to.../global/cscratch1/sd/huikong/obiwan_Aug/repos_for_docker/obiwan_out/elg_eight_bricks/logs/001//rs0/log.0018p020
logging to.../global/cscratch1/sd/huikong/obiwan_Aug/repos_for_docker/obiwan_out/elg_eight_bricks/logs/001//rs0/log.0018p012
logging to.../global/cscratch1/sd/huikong/obiwan_Aug/repos_for_docker/obiwan_out/elg_eight_bricks/logs/001//rs0/log.0013p022
logging to.../global/cscratch1/sd/huikong/obiwan_Aug/repos_for_docker/obiwan_out/elg_eight_bricks/logs/001//rs0/log.0013p020
logging to.../global/cscratch1/sd/huikong/obiwan_Aug/repos_for_docker/obiwan_out/elg_eight_bricks/logs/001//rs0/log.0018p022
logging to.../global/cscratch1/sd/huikong/obiwan_Aug/repos_for_docker/obiwan_out/elg_eight_bricks/logs/001//rs0/log.0013m045
logging to.../global/cscratch1/sd/huikong/obiwan_Aug/repos_for_docker/obiwan_out/elg_eight_bricks/logs/001//rs0/log.0016m010
logging to.../global/cscratch1/sd/huikong/obiwan_Aug/repos_for_docker/obiwan_out/elg_eight_bricks/logs/001//rs0/log.0013m042
logging to.../global/cscratch1/sd/huikong/obiwan_Aug/repos_for_docker/obiwan_out/elg_eight_bricks/logs/001//rs0/log.0016m012
logging to.../global/cscratch1/sd/huikong/obiwan_Aug/repos_for_docker/obiwan_out/elg_eight_bricks/logs/002//rs0/log.0021m005
logging to.../global/cscratch1/sd/huikong/obiwan_Aug/repos_for_docker/obiwan_out/elg_eight_bricks/logs/000//rs0/log.0008p030
logging to.../global/cscratch1/sd/huikong/obiwan_Aug/repos_for_docker/obiwan_out/elg_eight_bricks/logs/002//rs0/log.0021m012
logging to.../global/cscratch1/sd/huikong/obiwan_Aug/repos_for_docker/obiwan_out/elg_eight_bricks/logs/001//rs0/log.0018m047
logging to.../global/cscratch1/sd/huikong/obiwan_Aug/repos_for_docker/obiwan_out/elg_eight_bricks/logs/001//rs0/log.0018m045
logging to.../global/cscratch1/sd/huikong/obiwan_Aug/repos_for_docker/obiwan_out/elg_eight_bricks/logs/001//rs0/log.0018p005
logging to.../global/cscratch1/sd/huikong/obiwan_Aug/repos_for_docker/obiwan_out/elg_eight_bricks/logs/001//rs0/log.0018p002
logging to.../global/cscratch1/sd/huikong/obiwan_Aug/repos_for_docker/obiwan_out/elg_eight_bricks/logs/000//rs0/log.0008m030
logging to.../global/cscratch1/sd/huikong/obiwan_Aug/repos_for_docker/obiwan_out/elg_eight_bricks/logs/001//rs0/log.0018p047
logging to.../global/cscratch1/sd/huikong/obiwan_Aug/repos_for_docker/obiwan_out/elg_eight_bricks/logs/001//rs0/log.0018m042
logging to.../global/cscratch1/sd/huikong/obiwan_Aug/repos_for_docker/obiwan_out/elg_eight_bricks/logs/001//rs0/log.0013p002
logging to.../global/cscratch1/sd/huikong/obiwan_Aug/repos_for_docker/obiwan_out/elg_eight_bricks/logs/001//rs0/log.0018m040
logging to.../global/cscratch1/sd/huikong/obiwan_Aug/repos_for_docker/obiwan_out/elg_eight_bricks/logs/001//rs0/log.0013p025
logging to.../global/cscratch1/sd/huikong/obiwan_Aug/repos_for_docker/obiwan_out/elg_eight_bricks/logs/002//rs0/log.0021m007
logging to.../global/cscratch1/sd/huikong/obiwan_Aug/repos_for_docker/obiwan_out/elg_eight_bricks/logs/000//rs0/log.0008m027
logging to.../global/cscratch1/sd/huikong/obiwan_Aug/repos_for_docker/obiwan_out/elg_eight_bricks/logs/001//rs0/log.0016m002
logging to.../global/cscratch1/sd/huikong/obiwan_Aug/repos_for_docker/obiwan_out/elg_eight_bricks/logs/001//rs0/log.0018p035
logging to.../global/cscratch1/sd/huikong/obiwan_Aug/repos_for_docker/obiwan_out/elg_eight_bricks/logs/001//rs0/log.0018p037
logging to.../global/cscratch1/sd/huikong/obiwan_Aug/repos_for_docker/obiwan_out/elg_eight_bricks/logs/001//rs0/log.0016m005
logging to.../global/cscratch1/sd/huikong/obiwan_Aug/repos_for_docker/obiwan_out/elg_eight_bricks/logs/001//rs0/log.0013p035
logging to.../global/cscratch1/sd/huikong/obiwan_Aug/repos_for_docker/obiwan_out/elg_eight_bricks/logs/000//rs0/log.0008p032
logging to.../global/cscratch1/sd/huikong/obiwan_Aug/repos_for_docker/obiwan_out/elg_eight_bricks/logs/000//rs0/log.0008p020
logging to.../global/cscratch1/sd/huikong/obiwan_Aug/repos_for_docker/obiwan_out/elg_eight_bricks/logs/001//rs0/log.0013p032
logging to.../global/cscratch1/sd/huikong/obiwan_Aug/repos_for_docker/obiwan_out/elg_eight_bricks/logs/001//rs0/log.0018p042
logging to.../global/cscratch1/sd/huikong/obiwan_Aug/repos_for_docker/obiwan_out/elg_eight_bricks/logs/001//rs0/log.0016p042
logging to.../global/cscratch1/sd/huikong/obiwan_Aug/repos_for_docker/obiwan_out/elg_eight_bricks/logs/000//rs0/log.0008p017
logging to.../global/cscratch1/sd/huikong/obiwan_Aug/repos_for_docker/obiwan_out/elg_eight_bricks/logs/002//rs0/log.0021m015
logging to.../global/cscratch1/sd/huikong/obiwan_Aug/repos_for_docker/obiwan_out/elg_eight_bricks/logs/001//rs0/log.0018p032
logging to.../global/cscratch1/sd/huikong/obiwan_Aug/repos_for_docker/obiwan_out/elg_eight_bricks/logs/001//rs0/log.0018p030
logging to.../global/cscratch1/sd/huikong/obiwan_Aug/repos_for_docker/obiwan_out/elg_eight_bricks/logs/001//rs0/log.0013p000
logging to.../global/cscratch1/sd/huikong/obiwan_Aug/repos_for_docker/obiwan_out/elg_eight_bricks/logs/001//rs0/log.0018m035
logging to.../global/cscratch1/sd/huikong/obiwan_Aug/repos_for_docker/obiwan_out/elg_eight_bricks/logs/001//rs0/log.0018p000
logging to.../global/cscratch1/sd/huikong/obiwan_Aug/repos_for_docker/obiwan_out/elg_eight_bricks/logs/001//rs0/log.0013p040
logging to.../global/cscratch1/sd/huikong/obiwan_Aug/repos_for_docker/obiwan_out/elg_eight_bricks/logs/001//rs0/log.0018p045
logging to.../global/cscratch1/sd/huikong/obiwan_Aug/repos_for_docker/obiwan_out/elg_eight_bricks/logs/001//rs0/log.0018p040
logging to.../global/cscratch1/sd/huikong/obiwan_Aug/repos_for_docker/obiwan_out/elg_eight_bricks/logs/000//rs0/log.0006p040
logging to.../global/cscratch1/sd/huikong/obiwan_Aug/repos_for_docker/obiwan_out/elg_eight_bricks/logs/000//rs0/log.0006p042
logging to.../global/cscratch1/sd/huikong/obiwan_Aug/repos_for_docker/obiwan_out/elg_eight_bricks/logs/000//rs0/log.0008m035
logging to.../global/cscratch1/sd/huikong/obiwan_Aug/repos_for_docker/obiwan_out/elg_eight_bricks/logs/001//rs0/log.0018p025
logging to.../global/cscratch1/sd/huikong/obiwan_Aug/repos_for_docker/obiwan_out/elg_eight_bricks/logs/002//rs0/log.0021m017
logging to.../global/cscratch1/sd/huikong/obiwan_Aug/repos_for_docker/obiwan_out/elg_eight_bricks/logs/000//rs0/log.0008m037
logging to.../global/cscratch1/sd/huikong/obiwan_Aug/repos_for_docker/obiwan_out/elg_eight_bricks/logs/000//rs0/log.0008p045
logging to.../global/cscratch1/sd/huikong/obiwan_Aug/repos_for_docker/obiwan_out/elg_eight_bricks/logs/001//rs0/log.0013p042
logging to.../global/cscratch1/sd/huikong/obiwan_Aug/repos_for_docker/obiwan_out/elg_eight_bricks/logs/000//rs0/log.0008m045
logging to.../global/cscratch1/sd/huikong/obiwan_Aug/repos_for_docker/obiwan_out/elg_eight_bricks/logs/000//rs0/log.0008p025
slurmstepd: error: *** STEP 15456209.1 ON nid01329 CANCELLED AT 2018-10-04T20:37:28 DUE TO TIME LIMIT ***
slurmstepd: error: *** STEP 15456209.3 ON nid01494 CANCELLED AT 2018-10-04T20:37:28 DUE TO TIME LIMIT ***
srun: got SIGCONT
srun: got SIGCONT
srun: forcing job termination
srun: forcing job termination
