logging to.../global/cscratch1/sd/huikong/obiwan_Aug/repos_for_docker/obiwan_out/elg_eight_bricks/logs/000//rs0/log.0001p027
logging to.../global/cscratch1/sd/huikong/obiwan_Aug/repos_for_docker/obiwan_out/elg_eight_bricks/logs/000//rs0/log.0003m005
/global/cscratch1/sd/huikong/obiwan_Aug/repos_for_docker/obiwan_data/DR3_copies/legacysurveydir_dr3_copy80001p027
logging to.../global/cscratch1/sd/huikong/obiwan_Aug/repos_for_docker/obiwan_out/elg_eight_bricks/logs/000//rs0/log.0003m002
/global/cscratch1/sd/huikong/obiwan_Aug/repos_for_docker/obiwan_data/DR3_copies/legacysurveydir_dr3_copy140003m005
/global/cscratch1/sd/huikong/obiwan_Aug/repos_for_docker/obiwan_data/DR3_copies/legacysurveydir_dr3_copy130003m002
logging to.../global/cscratch1/sd/huikong/obiwan_Aug/repos_for_docker/obiwan_out/elg_eight_bricks/logs/000//rs0/log.0003m007
/global/cscratch1/sd/huikong/obiwan_Aug/repos_for_docker/obiwan_data/DR3_copies/legacysurveydir_dr3_copy150003m007
logging to.../global/cscratch1/sd/huikong/obiwan_Aug/repos_for_docker/obiwan_out/elg_eight_bricks/logs/000//rs0/log.0001p037
/global/cscratch1/sd/huikong/obiwan_Aug/repos_for_docker/obiwan_data/DR3_copies/legacysurveydir_dr3_copy120001p037
logging to.../global/cscratch1/sd/huikong/obiwan_Aug/repos_for_docker/obiwan_out/elg_eight_bricks/logs/000//rs0/log.0001p015
logging to.../global/cscratch1/sd/huikong/obiwan_Aug/repos_for_docker/obiwan_out/elg_eight_bricks/logs/000//rs0/log.0001p012
/global/cscratch1/sd/huikong/obiwan_Aug/repos_for_docker/obiwan_data/DR3_copies/legacysurveydir_dr3_copy30001p015
/global/cscratch1/sd/huikong/obiwan_Aug/repos_for_docker/obiwan_data/DR3_copies/legacysurveydir_dr3_copy20001p012
logging to.../global/cscratch1/sd/huikong/obiwan_Aug/repos_for_docker/obiwan_out/elg_eight_bricks/logs/000//rs0/log.0001p035
/global/cscratch1/sd/huikong/obiwan_Aug/repos_for_docker/obiwan_data/DR3_copies/legacysurveydir_dr3_copy110001p035
logging to.../global/cscratch1/sd/huikong/obiwan_Aug/repos_for_docker/obiwan_out/elg_eight_bricks/logs/000//rs0/log.0001p010
logging to.../global/cscratch1/sd/huikong/obiwan_Aug/repos_for_docker/obiwan_out/elg_eight_bricks/logs/000//rs0/log.0003m010
/global/cscratch1/sd/huikong/obiwan_Aug/repos_for_docker/obiwan_data/DR3_copies/legacysurveydir_dr3_copy10001p010
/global/cscratch1/sd/huikong/obiwan_Aug/repos_for_docker/obiwan_data/DR3_copies/legacysurveydir_dr3_copy160003m010
logging to.../global/cscratch1/sd/huikong/obiwan_Aug/repos_for_docker/obiwan_out/elg_eight_bricks/logs/000//rs0/log.0001p025
logging to.../global/cscratch1/sd/huikong/obiwan_Aug/repos_for_docker/obiwan_out/elg_eight_bricks/logs/000//rs0/log.0001p030
logging to.../global/cscratch1/sd/huikong/obiwan_Aug/repos_for_docker/obiwan_out/elg_eight_bricks/logs/000//rs0/log.0001p022
/global/cscratch1/sd/huikong/obiwan_Aug/repos_for_docker/obiwan_data/DR3_copies/legacysurveydir_dr3_copy70001p025
/global/cscratch1/sd/huikong/obiwan_Aug/repos_for_docker/obiwan_data/DR3_copies/legacysurveydir_dr3_copy60001p022
logging to.../global/cscratch1/sd/huikong/obiwan_Aug/repos_for_docker/obiwan_out/elg_eight_bricks/logs/000//rs0/log.0001p032
/global/cscratch1/sd/huikong/obiwan_Aug/repos_for_docker/obiwan_data/DR3_copies/legacysurveydir_dr3_copy90001p030
logging to.../global/cscratch1/sd/huikong/obiwan_Aug/repos_for_docker/obiwan_out/elg_eight_bricks/logs/000//rs0/log.0001p020
/global/cscratch1/sd/huikong/obiwan_Aug/repos_for_docker/obiwan_data/DR3_copies/legacysurveydir_dr3_copy100001p032
logging to.../global/cscratch1/sd/huikong/obiwan_Aug/repos_for_docker/obiwan_out/elg_eight_bricks/logs/000//rs0/log.0001p017
/global/cscratch1/sd/huikong/obiwan_Aug/repos_for_docker/obiwan_data/DR3_copies/legacysurveydir_dr3_copy50001p020
/global/cscratch1/sd/huikong/obiwan_Aug/repos_for_docker/obiwan_data/DR3_copies/legacysurveydir_dr3_copy40001p017
logging to.../global/cscratch1/sd/huikong/obiwan_Aug/repos_for_docker/obiwan_out/elg_eight_bricks/logs/000//rs0/log.0003m025
/global/cscratch1/sd/huikong/obiwan_Aug/repos_for_docker/obiwan_data/DR3_copies/legacysurveydir_dr3_copy60003m025
logging to.../global/cscratch1/sd/huikong/obiwan_Aug/repos_for_docker/obiwan_out/elg_eight_bricks/logs/000//rs0/log.0003m022
/global/cscratch1/sd/huikong/obiwan_Aug/repos_for_docker/obiwan_data/DR3_copies/legacysurveydir_dr3_copy50003m022
srun: got SIGCONT
slurmstepd: error: *** STEP 15404833.1 ON nid00681 CANCELLED AT 2018-10-02T08:33:31 ***
srun: forcing job termination
