logging to.../global/cscratch1/sd/huikong/obiwan_Aug/repos_for_docker/obiwan_out/elg_eight_bricks/logs/000//rs0/log.0001p032
/global/cscratch1/sd/huikong/obiwan_Aug/repos_for_docker/obiwan_data/DR3_copies/legacysurveydir_dr3_copy100001p032
logging to.../global/cscratch1/sd/huikong/obiwan_Aug/repos_for_docker/obiwan_out/elg_eight_bricks/logs/000//rs0/log.0003m010
logging to.../global/cscratch1/sd/huikong/obiwan_Aug/repos_for_docker/obiwan_out/elg_eight_bricks/logs/000//rs0/log.0001p022
logging to.../global/cscratch1/sd/huikong/obiwan_Aug/repos_for_docker/obiwan_out/elg_eight_bricks/logs/000//rs0/log.0001p012
/global/cscratch1/sd/huikong/obiwan_Aug/repos_for_docker/obiwan_data/DR3_copies/legacysurveydir_dr3_copy60001p022
/global/cscratch1/sd/huikong/obiwan_Aug/repos_for_docker/obiwan_data/DR3_copies/legacysurveydir_dr3_copy20001p012
/global/cscratch1/sd/huikong/obiwan_Aug/repos_for_docker/obiwan_data/DR3_copies/legacysurveydir_dr3_copy160003m010
logging to.../global/cscratch1/sd/huikong/obiwan_Aug/repos_for_docker/obiwan_out/elg_eight_bricks/logs/000//rs0/log.0001p025
logging to.../global/cscratch1/sd/huikong/obiwan_Aug/repos_for_docker/obiwan_out/elg_eight_bricks/logs/000//rs0/log.0001p010
logging to.../global/cscratch1/sd/huikong/obiwan_Aug/repos_for_docker/obiwan_out/elg_eight_bricks/logs/000//rs0/log.0001p015
/global/cscratch1/sd/huikong/obiwan_Aug/repos_for_docker/obiwan_data/DR3_copies/legacysurveydir_dr3_copy70001p025
/global/cscratch1/sd/huikong/obiwan_Aug/repos_for_docker/obiwan_data/DR3_copies/legacysurveydir_dr3_copy10001p010
logging to.../global/cscratch1/sd/huikong/obiwan_Aug/repos_for_docker/obiwan_out/elg_eight_bricks/logs/000//rs0/log.0001p037
/global/cscratch1/sd/huikong/obiwan_Aug/repos_for_docker/obiwan_data/DR3_copies/legacysurveydir_dr3_copy30001p015
logging to.../global/cscratch1/sd/huikong/obiwan_Aug/repos_for_docker/obiwan_out/elg_eight_bricks/logs/000//rs0/log.0003m007
/global/cscratch1/sd/huikong/obiwan_Aug/repos_for_docker/obiwan_data/DR3_copies/legacysurveydir_dr3_copy120001p037
logging to.../global/cscratch1/sd/huikong/obiwan_Aug/repos_for_docker/obiwan_out/elg_eight_bricks/logs/000//rs0/log.0003m002
/global/cscratch1/sd/huikong/obiwan_Aug/repos_for_docker/obiwan_data/DR3_copies/legacysurveydir_dr3_copy150003m007
logging to.../global/cscratch1/sd/huikong/obiwan_Aug/repos_for_docker/obiwan_out/elg_eight_bricks/logs/000//rs0/log.0001p035
/global/cscratch1/sd/huikong/obiwan_Aug/repos_for_docker/obiwan_data/DR3_copies/legacysurveydir_dr3_copy130003m002
/global/cscratch1/sd/huikong/obiwan_Aug/repos_for_docker/obiwan_data/DR3_copies/legacysurveydir_dr3_copy110001p035
logging to.../global/cscratch1/sd/huikong/obiwan_Aug/repos_for_docker/obiwan_out/elg_eight_bricks/logs/000//rs0/log.0001p030
logging to.../global/cscratch1/sd/huikong/obiwan_Aug/repos_for_docker/obiwan_out/elg_eight_bricks/logs/000//rs0/log.0003m005
/global/cscratch1/sd/huikong/obiwan_Aug/repos_for_docker/obiwan_data/DR3_copies/legacysurveydir_dr3_copy90001p030
logging to.../global/cscratch1/sd/huikong/obiwan_Aug/repos_for_docker/obiwan_out/elg_eight_bricks/logs/000//rs0/log.0001p027
logging to.../global/cscratch1/sd/huikong/obiwan_Aug/repos_for_docker/obiwan_out/elg_eight_bricks/logs/000//rs0/log.0001p020
logging to.../global/cscratch1/sd/huikong/obiwan_Aug/repos_for_docker/obiwan_out/elg_eight_bricks/logs/000//rs0/log.0001p017
/global/cscratch1/sd/huikong/obiwan_Aug/repos_for_docker/obiwan_data/DR3_copies/legacysurveydir_dr3_copy140003m005
/global/cscratch1/sd/huikong/obiwan_Aug/repos_for_docker/obiwan_data/DR3_copies/legacysurveydir_dr3_copy80001p027
/global/cscratch1/sd/huikong/obiwan_Aug/repos_for_docker/obiwan_data/DR3_copies/legacysurveydir_dr3_copy50001p020
/global/cscratch1/sd/huikong/obiwan_Aug/repos_for_docker/obiwan_data/DR3_copies/legacysurveydir_dr3_copy40001p017
logging to.../global/cscratch1/sd/huikong/obiwan_Aug/repos_for_docker/obiwan_out/elg_eight_bricks/logs/000//rs0/log.0003m035
/global/cscratch1/sd/huikong/obiwan_Aug/repos_for_docker/obiwan_data/DR3_copies/legacysurveydir_dr3_copy100003m035
logging to.../global/cscratch1/sd/huikong/obiwan_Aug/repos_for_docker/obiwan_out/elg_eight_bricks/logs/000//rs0/log.0003m020
/global/cscratch1/sd/huikong/obiwan_Aug/repos_for_docker/obiwan_data/DR3_copies/legacysurveydir_dr3_copy40003m020
logging to.../global/cscratch1/sd/huikong/obiwan_Aug/repos_for_docker/obiwan_out/elg_eight_bricks/logs/000//rs0/log.0003m027
/global/cscratch1/sd/huikong/obiwan_Aug/repos_for_docker/obiwan_data/DR3_copies/legacysurveydir_dr3_copy70003m027
logging to.../global/cscratch1/sd/huikong/obiwan_Aug/repos_for_docker/obiwan_out/elg_eight_bricks/logs/000//rs0/log.0003m030
/global/cscratch1/sd/huikong/obiwan_Aug/repos_for_docker/obiwan_data/DR3_copies/legacysurveydir_dr3_copy80003m030
logging to.../global/cscratch1/sd/huikong/obiwan_Aug/repos_for_docker/obiwan_out/elg_eight_bricks/logs/000//rs0/log.0003m012
/global/cscratch1/sd/huikong/obiwan_Aug/repos_for_docker/obiwan_data/DR3_copies/legacysurveydir_dr3_copy10003m012
logging to.../global/cscratch1/sd/huikong/obiwan_Aug/repos_for_docker/obiwan_out/elg_eight_bricks/logs/000//rs0/log.0003p020
/global/cscratch1/sd/huikong/obiwan_Aug/repos_for_docker/obiwan_data/DR3_copies/legacysurveydir_dr3_copy80003p020
logging to.../global/cscratch1/sd/huikong/obiwan_Aug/repos_for_docker/obiwan_out/elg_eight_bricks/logs/000//rs0/log.0003m037
/global/cscratch1/sd/huikong/obiwan_Aug/repos_for_docker/obiwan_data/DR3_copies/legacysurveydir_dr3_copy110003m037
logging to.../global/cscratch1/sd/huikong/obiwan_Aug/repos_for_docker/obiwan_out/elg_eight_bricks/logs/000//rs0/log.0003m040
/global/cscratch1/sd/huikong/obiwan_Aug/repos_for_docker/obiwan_data/DR3_copies/legacysurveydir_dr3_copy120003m040
logging to.../global/cscratch1/sd/huikong/obiwan_Aug/repos_for_docker/obiwan_out/elg_eight_bricks/logs/000//rs0/log.0003m042
/global/cscratch1/sd/huikong/obiwan_Aug/repos_for_docker/obiwan_data/DR3_copies/legacysurveydir_dr3_copy130003m042
logging to.../global/cscratch1/sd/huikong/obiwan_Aug/repos_for_docker/obiwan_out/elg_eight_bricks/logs/000//rs0/log.0003p032
/global/cscratch1/sd/huikong/obiwan_Aug/repos_for_docker/obiwan_data/DR3_copies/legacysurveydir_dr3_copy130003p032
logging to.../global/cscratch1/sd/huikong/obiwan_Aug/repos_for_docker/obiwan_out/elg_eight_bricks/logs/000//rs0/log.0003m032
/global/cscratch1/sd/huikong/obiwan_Aug/repos_for_docker/obiwan_data/DR3_copies/legacysurveydir_dr3_copy90003m032
logging to.../global/cscratch1/sd/huikong/obiwan_Aug/repos_for_docker/obiwan_out/elg_eight_bricks/logs/000//rs0/log.0003m022
/global/cscratch1/sd/huikong/obiwan_Aug/repos_for_docker/obiwan_data/DR3_copies/legacysurveydir_dr3_copy50003m022
logging to.../global/cscratch1/sd/huikong/obiwan_Aug/repos_for_docker/obiwan_out/elg_eight_bricks/logs/000//rs0/log.0003p022
/global/cscratch1/sd/huikong/obiwan_Aug/repos_for_docker/obiwan_data/DR3_copies/legacysurveydir_dr3_copy90003p022
logging to.../global/cscratch1/sd/huikong/obiwan_Aug/repos_for_docker/obiwan_out/elg_eight_bricks/logs/000//rs0/log.0003m025
/global/cscratch1/sd/huikong/obiwan_Aug/repos_for_docker/obiwan_data/DR3_copies/legacysurveydir_dr3_copy60003m025
logging to.../global/cscratch1/sd/huikong/obiwan_Aug/repos_for_docker/obiwan_out/elg_eight_bricks/logs/000//rs0/log.0003m015
/global/cscratch1/sd/huikong/obiwan_Aug/repos_for_docker/obiwan_data/DR3_copies/legacysurveydir_dr3_copy20003m015
logging to.../global/cscratch1/sd/huikong/obiwan_Aug/repos_for_docker/obiwan_out/elg_eight_bricks/logs/000//rs0/log.0003p012
/global/cscratch1/sd/huikong/obiwan_Aug/repos_for_docker/obiwan_data/DR3_copies/legacysurveydir_dr3_copy50003p012
logging to.../global/cscratch1/sd/huikong/obiwan_Aug/repos_for_docker/obiwan_out/elg_eight_bricks/logs/000//rs0/log.0003m017
/global/cscratch1/sd/huikong/obiwan_Aug/repos_for_docker/obiwan_data/DR3_copies/legacysurveydir_dr3_copy30003m017
logging to.../global/cscratch1/sd/huikong/obiwan_Aug/repos_for_docker/obiwan_out/elg_eight_bricks/logs/000//rs0/log.0003p017
/global/cscratch1/sd/huikong/obiwan_Aug/repos_for_docker/obiwan_data/DR3_copies/legacysurveydir_dr3_copy70003p017
logging to.../global/cscratch1/sd/huikong/obiwan_Aug/repos_for_docker/obiwan_out/elg_eight_bricks/logs/000//rs0/log.0003p010
/global/cscratch1/sd/huikong/obiwan_Aug/repos_for_docker/obiwan_data/DR3_copies/legacysurveydir_dr3_copy40003p010
logging to.../global/cscratch1/sd/huikong/obiwan_Aug/repos_for_docker/obiwan_out/elg_eight_bricks/logs/000//rs0/log.0003p007
/global/cscratch1/sd/huikong/obiwan_Aug/repos_for_docker/obiwan_data/DR3_copies/legacysurveydir_dr3_copy30003p007
logging to.../global/cscratch1/sd/huikong/obiwan_Aug/repos_for_docker/obiwan_out/elg_eight_bricks/logs/000//rs0/log.0003p002
/global/cscratch1/sd/huikong/obiwan_Aug/repos_for_docker/obiwan_data/DR3_copies/legacysurveydir_dr3_copy10003p002
logging to.../global/cscratch1/sd/huikong/obiwan_Aug/repos_for_docker/obiwan_out/elg_eight_bricks/logs/000//rs0/log.0003p030
/global/cscratch1/sd/huikong/obiwan_Aug/repos_for_docker/obiwan_data/DR3_copies/legacysurveydir_dr3_copy120003p030
logging to.../global/cscratch1/sd/huikong/obiwan_Aug/repos_for_docker/obiwan_out/elg_eight_bricks/logs/000//rs0/log.0003p025
/global/cscratch1/sd/huikong/obiwan_Aug/repos_for_docker/obiwan_data/DR3_copies/legacysurveydir_dr3_copy100003p025
logging to.../global/cscratch1/sd/huikong/obiwan_Aug/repos_for_docker/obiwan_out/elg_eight_bricks/logs/000//rs0/log.0003p027
/global/cscratch1/sd/huikong/obiwan_Aug/repos_for_docker/obiwan_data/DR3_copies/legacysurveydir_dr3_copy110003p027
logging to.../global/cscratch1/sd/huikong/obiwan_Aug/repos_for_docker/obiwan_out/elg_eight_bricks/logs/000//rs0/log.0003p015
/global/cscratch1/sd/huikong/obiwan_Aug/repos_for_docker/obiwan_data/DR3_copies/legacysurveydir_dr3_copy60003p015
logging to.../global/cscratch1/sd/huikong/obiwan_Aug/repos_for_docker/obiwan_out/elg_eight_bricks/logs/000//rs0/log.0003p000
/global/cscratch1/sd/huikong/obiwan_Aug/repos_for_docker/obiwan_data/DR3_copies/legacysurveydir_dr3_copy160003p000
logging to.../global/cscratch1/sd/huikong/obiwan_Aug/repos_for_docker/obiwan_out/elg_eight_bricks/logs/000//rs0/log.0003p005
/global/cscratch1/sd/huikong/obiwan_Aug/repos_for_docker/obiwan_data/DR3_copies/legacysurveydir_dr3_copy20003p005
logging to.../global/cscratch1/sd/huikong/obiwan_Aug/repos_for_docker/obiwan_out/elg_eight_bricks/logs/000//rs0/log.0003p040
/global/cscratch1/sd/huikong/obiwan_Aug/repos_for_docker/obiwan_data/DR3_copies/legacysurveydir_dr3_copy160003p040
logging to.../global/cscratch1/sd/huikong/obiwan_Aug/repos_for_docker/obiwan_out/elg_eight_bricks/logs/000//rs0/log.0003m047
/global/cscratch1/sd/huikong/obiwan_Aug/repos_for_docker/obiwan_data/DR3_copies/legacysurveydir_dr3_copy150003m047
logging to.../global/cscratch1/sd/huikong/obiwan_Aug/repos_for_docker/obiwan_out/elg_eight_bricks/logs/000//rs0/log.0003m045
/global/cscratch1/sd/huikong/obiwan_Aug/repos_for_docker/obiwan_data/DR3_copies/legacysurveydir_dr3_copy140003m045
logging to.../global/cscratch1/sd/huikong/obiwan_Aug/repos_for_docker/obiwan_out/elg_eight_bricks/logs/000//rs0/log.0003p037
/global/cscratch1/sd/huikong/obiwan_Aug/repos_for_docker/obiwan_data/DR3_copies/legacysurveydir_dr3_copy150003p037
srun: Job step aborted: Waiting up to 32 seconds for job step to finish.
slurmstepd: error: *** STEP 15415376.1 ON nid02080 CANCELLED AT 2018-10-03T06:33:07 DUE TO TIME LIMIT ***
srun: got SIGCONT
srun: forcing job termination
srun: forcing job termination
