logging to.../global/cscratch1/sd/huikong/obiwan_Aug/repos_for_docker/obiwan_out/elg_eight_bricks/logs/000//rs0/log.0001p007
logging to.../global/cscratch1/sd/huikong/obiwan_Aug/repos_for_docker/obiwan_out/elg_eight_bricks/logs/000//rs0/log.0001m037
/global/cscratch1/sd/huikong/obiwan_Aug/repos_for_docker/obiwan_data/DR3_copies/legacysurveydir_dr3_copy8
/global/cscratch1/sd/huikong/obiwan_Aug/repos_for_docker/obiwan_data/DR3_copies/legacysurveydir_dr3_copy3
logging to.../global/cscratch1/sd/huikong/obiwan_Aug/repos_for_docker/obiwan_out/elg_eight_bricks/logs/000//rs0/log.0001m007
logging to.../global/cscratch1/sd/huikong/obiwan_Aug/repos_for_docker/obiwan_out/elg_eight_bricks/logs/000//rs0/log.0001p002
/global/cscratch1/sd/huikong/obiwan_Aug/repos_for_docker/obiwan_data/DR3_copies/legacysurveydir_dr3_copy1
/global/cscratch1/sd/huikong/obiwan_Aug/repos_for_docker/obiwan_data/DR3_copies/legacysurveydir_dr3_copy6
logging to.../global/cscratch1/sd/huikong/obiwan_Aug/repos_for_docker/obiwan_out/elg_eight_bricks/logs/000//rs0/log.0001p005
/global/cscratch1/sd/huikong/obiwan_Aug/repos_for_docker/obiwan_data/DR3_copies/legacysurveydir_dr3_copy7
logging to.../global/cscratch1/sd/huikong/obiwan_Aug/repos_for_docker/obiwan_out/elg_eight_bricks/logs/000//rs0/log.0001m010
logging to.../global/cscratch1/sd/huikong/obiwan_Aug/repos_for_docker/obiwan_out/elg_eight_bricks/logs/000//rs0/log.0001m045
logging to.../global/cscratch1/sd/huikong/obiwan_Aug/repos_for_docker/obiwan_out/elg_eight_bricks/logs/000//rs0/log.0001m042
/global/cscratch1/sd/huikong/obiwan_Aug/repos_for_docker/obiwan_data/DR3_copies/legacysurveydir_dr3_copy2
/global/cscratch1/sd/huikong/obiwan_Aug/repos_for_docker/obiwan_data/DR3_copies/legacysurveydir_dr3_copy4
/global/cscratch1/sd/huikong/obiwan_Aug/repos_for_docker/obiwan_data/DR3_copies/legacysurveydir_dr3_copy5
srun: got SIGCONT
slurmstepd: error: *** STEP 15375475.1 ON nid00829 CANCELLED AT 2018-10-01T13:38:17 ***
srun: forcing job termination
srun: Job step aborted: Waiting up to 32 seconds for job step to finish.
