1395893 pairs outside the bin, 132 pairs too small
/global/cscratch1/sd/huikong/obiwan_Aug/repos_for_docker/obiwan_out/obiwan_corr/elg_eight_bricks/splitdata/uniform/dr5_subset_masked_old_subset1.dat
/global/cscratch1/sd/huikong/obiwan_Aug/repos_for_docker/obiwan_out/obiwan_corr/elg_eight_bricks/BinHist/uniform/BinHistD1D1.dat
/global/cscratch1/sd/huikong/obiwan_Aug/repos_for_docker/obiwan_out/obiwan_corr/elg_eight_bricks/splitdata/uniform/dr5_subset_masked_old_subset2.dat
/global/cscratch1/sd/huikong/obiwan_Aug/repos_for_docker/obiwan_out/obiwan_corr/elg_eight_bricks/BinHist/uniform/BinHistD2D2.dat
/global/cscratch1/sd/huikong/obiwan_Aug/repos_for_docker/obiwan_out/obiwan_corr/elg_eight_bricks/splitdata/uniform/dr5_subset_masked_old_subset3.dat
/global/cscratch1/sd/huikong/obiwan_Aug/repos_for_docker/obiwan_out/obiwan_corr/elg_eight_bricks/BinHist/uniform/BinHistD3D3.dat
/global/cscratch1/sd/huikong/obiwan_Aug/repos_for_docker/obiwan_out/obiwan_corr/elg_eight_bricks/splitdata/uniform/dr5_subset_masked_old_subset4.dat
/global/cscratch1/sd/huikong/obiwan_Aug/repos_for_docker/obiwan_out/obiwan_corr/elg_eight_bricks/BinHist/uniform/BinHistD4D4.dat
/global/cscratch1/sd/huikong/obiwan_Aug/repos_for_docker/obiwan_out/obiwan_corr/elg_eight_bricks/splitdata/uniform/dr5_subset_masked_old_subset5.dat
/global/cscratch1/sd/huikong/obiwan_Aug/repos_for_docker/obiwan_out/obiwan_corr/elg_eight_bricks/BinHist/uniform/BinHistD5D5.dat
/global/cscratch1/sd/huikong/obiwan_Aug/repos_for_docker/obiwan_out/obiwan_corr/elg_eight_bricks/splitdata/uniform/dr5_subset_masked_old_subset6.dat
/global/cscratch1/sd/huikong/obiwan_Aug/repos_for_docker/obiwan_out/obiwan_corr/elg_eight_bricks/BinHist/uniform/BinHistD6D6.dat
/global/cscratch1/sd/huikong/obiwan_Aug/repos_for_docker/obiwan_out/obiwan_corr/elg_eight_bricks/splitdata/uniform/dr5_subset_masked_old_subset7.dat
/global/cscratch1/sd/huikong/obiwan_Aug/repos_for_docker/obiwan_out/obiwan_corr/elg_eight_bricks/BinHist/uniform/BinHistD7D7.dat
/global/cscratch1/sd/huikong/obiwan_Aug/repos_for_docker/obiwan_out/obiwan_corr/elg_eight_bricks/splitdata/uniform/dr5_subset_masked_old_subset8.dat
/global/cscratch1/sd/huikong/obiwan_Aug/repos_for_docker/obiwan_out/obiwan_corr/elg_eight_bricks/BinHist/uniform/BinHistD8D8.dat
/global/cscratch1/sd/huikong/obiwan_Aug/repos_for_docker/obiwan_out/obiwan_corr/elg_eight_bricks/splitdata/uniform/dr5_subset_masked_old_subset9.dat
/global/cscratch1/sd/huikong/obiwan_Aug/repos_for_docker/obiwan_out/obiwan_corr/elg_eight_bricks/BinHist/uniform/BinHistD9D9.dat
/global/cscratch1/sd/huikong/obiwan_Aug/repos_for_docker/obiwan_out/obiwan_corr/elg_eight_bricks/splitdata/uniform/dr5_subset_masked_old_subset10.dat
/global/cscratch1/sd/huikong/obiwan_Aug/repos_for_docker/obiwan_out/obiwan_corr/elg_eight_bricks/BinHist/uniform/BinHistD10D10.dat
/global/cscratch1/sd/huikong/obiwan_Aug/repos_for_docker/obiwan_out/obiwan_corr/elg_eight_bricks/splitdata/uniform/dr5_subset_masked_old_subset11.dat
/global/cscratch1/sd/huikong/obiwan_Aug/repos_for_docker/obiwan_out/obiwan_corr/elg_eight_bricks/BinHist/uniform/BinHistD11D11.dat
/global/cscratch1/sd/huikong/obiwan_Aug/repos_for_docker/obiwan_out/obiwan_corr/elg_eight_bricks/splitdata/uniform/dr5_subset_masked_old_subset12.dat
/global/cscratch1/sd/huikong/obiwan_Aug/repos_for_docker/obiwan_out/obiwan_corr/elg_eight_bricks/BinHist/uniform/BinHistD12D12.dat
/global/cscratch1/sd/huikong/obiwan_Aug/repos_for_docker/obiwan_out/obiwan_corr/elg_eight_bricks/splitdata/uniform/dr5_subset_masked_old_subset13.dat
/global/cscratch1/sd/huikong/obiwan_Aug/repos_for_docker/obiwan_out/obiwan_corr/elg_eight_bricks/BinHist/uniform/BinHistD13D13.dat
/global/cscratch1/sd/huikong/obiwan_Aug/repos_for_docker/obiwan_out/obiwan_corr/elg_eight_bricks/splitdata/uniform/dr5_subset_masked_old_subset14.dat
/global/cscratch1/sd/huikong/obiwan_Aug/repos_for_docker/obiwan_out/obiwan_corr/elg_eight_bricks/BinHist/uniform/BinHistD14D14.dat
/global/cscratch1/sd/huikong/obiwan_Aug/repos_for_docker/obiwan_out/obiwan_corr/elg_eight_bricks/splitdata/uniform/dr5_subset_masked_old_subset15.dat
/global/cscratch1/sd/huikong/obiwan_Aug/repos_for_docker/obiwan_out/obiwan_corr/elg_eight_bricks/BinHist/uniform/BinHistD15D15.dat
/global/cscratch1/sd/huikong/obiwan_Aug/repos_for_docker/obiwan_out/obiwan_corr/elg_eight_bricks/splitdata/uniform/dr5_subset_masked_old_subset16.dat
/global/cscratch1/sd/huikong/obiwan_Aug/repos_for_docker/obiwan_out/obiwan_corr/elg_eight_bricks/BinHist/uniform/BinHistD16D16.dat
/global/cscratch1/sd/huikong/obiwan_Aug/repos_for_docker/obiwan_out/obiwan_corr/elg_eight_bricks/splitdata/uniform/dr5_subset_masked_old_subset17.dat
/global/cscratch1/sd/huikong/obiwan_Aug/repos_for_docker/obiwan_out/obiwan_corr/elg_eight_bricks/BinHist/uniform/BinHistD17D17.dat
/global/cscratch1/sd/huikong/obiwan_Aug/repos_for_docker/obiwan_out/obiwan_corr/elg_eight_bricks/splitdata/uniform/dr5_subset_masked_old_subset18.dat
/global/cscratch1/sd/huikong/obiwan_Aug/repos_for_docker/obiwan_out/obiwan_corr/elg_eight_bricks/BinHist/uniform/BinHistD18D18.dat
/global/cscratch1/sd/huikong/obiwan_Aug/repos_for_docker/obiwan_out/obiwan_corr/elg_eight_bricks/splitdata/uniform/dr5_subset_masked_old_subset19.dat
/global/cscratch1/sd/huikong/obiwan_Aug/repos_for_docker/obiwan_out/obiwan_corr/elg_eight_bricks/BinHist/uniform/BinHistD19D19.dat
568805 pairs outside the bin, 123 pairs too small
1470939 pairs outside the bin, 106 pairs too small
1749979 pairs outside the bin, 150 pairs too small
1877492 pairs outside the bin, 135 pairs too small
1004609 pairs outside the bin, 138 pairs too small
1609016 pairs outside the bin, 136 pairs too small
1111110 pairs outside the bin, 134 pairs too small
1141836 pairs outside the bin, 122 pairs too small
2831094 pairs outside the bin, 158 pairs too small
1609778 pairs outside the bin, 135 pairs too small
2314055 pairs outside the bin, 167 pairs too small
432368 pairs outside the bin, 119 pairs too small
1074853 pairs outside the bin, 143 pairs too small
1601313 pairs outside the bin, 126 pairs too small
2320319 pairs outside the bin, 163 pairs too small
580067 pairs outside the bin, 130 pairs too small
341320 pairs outside the bin, 157 pairs too small
1547245 pairs outside the bin, 150 pairs too small
637499 pairs outside the bin, 130 pairs too small
189807403 pairs outside the bin, 11484 pairs too small
304970590 pairs outside the bin, 19 pairs too small
216015072 pairs outside the bin, 11087 pairs too small
344945488 pairs outside the bin, 2 pairs too small
368954018 pairs outside the bin, 0 pairs too small
382886236 pairs outside the bin, 0 pairs too small
404321587 pairs outside the bin, 3 pairs too small
392910644 pairs outside the bin, 4 pairs too small
427274976 pairs outside the bin, 0 pairs too small
427274976 pairs outside the bin, 0 pairs too small
427274976 pairs outside the bin, 0 pairs too small
427274976 pairs outside the bin, 0 pairs too small
427274976 pairs outside the bin, 0 pairs too small
427274976 pairs outside the bin, 0 pairs too small
300060698 pairs outside the bin, 20 pairs too small
293624520 pairs outside the bin, 21 pairs too small
416330168 pairs outside the bin, 0 pairs too small
418373414 pairs outside the bin, 0 pairs too small
404008104 pairs outside the bin, 0 pairs too small
418373414 pairs outside the bin, 0 pairs too small
418373414 pairs outside the bin, 0 pairs too small
418373414 pairs outside the bin, 0 pairs too small
417057649 pairs outside the bin, 0 pairs too small
418373414 pairs outside the bin, 0 pairs too small
426130647 pairs outside the bin, 0 pairs too small
417099707 pairs outside the bin, 0 pairs too small
385054469 pairs outside the bin, 0 pairs too small
427274976 pairs outside the bin, 0 pairs too small
427274976 pairs outside the bin, 0 pairs too small
426797169 pairs outside the bin, 0 pairs too small
427274976 pairs outside the bin, 0 pairs too small
427310592 pairs outside the bin, 0 pairs too small
418373414 pairs outside the bin, 0 pairs too small
418373414 pairs outside the bin, 0 pairs too small
418373414 pairs outside the bin, 0 pairs too small
418373414 pairs outside the bin, 0 pairs too small
418373414 pairs outside the bin, 0 pairs too small
418215996 pairs outside the bin, 0 pairs too small
418408288 pairs outside the bin, 0 pairs too small
418373414 pairs outside the bin, 0 pairs too small
224585054 pairs outside the bin, 12265 pairs too small
331644506 pairs outside the bin, 13 pairs too small
351601839 pairs outside the bin, 50 pairs too small
422963660 pairs outside the bin, 11 pairs too small
463720994 pairs outside the bin, 0 pairs too small
463720994 pairs outside the bin, 0 pairs too small
463720994 pairs outside the bin, 0 pairs too small
463720994 pairs outside the bin, 0 pairs too small
463720994 pairs outside the bin, 0 pairs too small
463720994 pairs outside the bin, 0 pairs too small
463720994 pairs outside the bin, 0 pairs too small
463720994 pairs outside the bin, 0 pairs too small
463720994 pairs outside the bin, 0 pairs too small
463720994 pairs outside the bin, 0 pairs too small
463720994 pairs outside the bin, 0 pairs too small
463720994 pairs outside the bin, 0 pairs too small
328198935 pairs outside the bin, 13124 pairs too small
463759648 pairs outside the bin, 0 pairs too small
463720994 pairs outside the bin, 0 pairs too small
463720994 pairs outside the bin, 0 pairs too small
463720994 pairs outside the bin, 0 pairs too small
375261015 pairs outside the bin, 8 pairs too small
421578026 pairs outside the bin, 2 pairs too small
472534001 pairs outside the bin, 0 pairs too small
151242707 pairs outside the bin, 11448 pairs too small
423625660 pairs outside the bin, 57 pairs too small
453164686 pairs outside the bin, 0 pairs too small
372548341 pairs outside the bin, 5 pairs too small
417197736 pairs outside the bin, 0 pairs too small
415114335 pairs outside the bin, 0 pairs too small
485219106 pairs outside the bin, 0 pairs too small
477756657 pairs outside the bin, 0 pairs too small
485219106 pairs outside the bin, 0 pairs too small
485219106 pairs outside the bin, 0 pairs too small
364733653 pairs outside the bin, 2 pairs too small
405932311 pairs outside the bin, 0 pairs too small
416872937 pairs outside the bin, 0 pairs too small
399198492 pairs outside the bin, 0 pairs too small
417197736 pairs outside the bin, 0 pairs too small
485219106 pairs outside the bin, 0 pairs too small
485219106 pairs outside the bin, 0 pairs too small
397186428 pairs outside the bin, 10 pairs too small
417197736 pairs outside the bin, 0 pairs too small
417197736 pairs outside the bin, 0 pairs too small
417197736 pairs outside the bin, 0 pairs too small
485219106 pairs outside the bin, 0 pairs too small
227197420 pairs outside the bin, 0 pairs too small
402121540 pairs outside the bin, 0 pairs too small
417197736 pairs outside the bin, 0 pairs too small
476689829 pairs outside the bin, 0 pairs too small
485219106 pairs outside the bin, 0 pairs too small
432584664 pairs outside the bin, 0 pairs too small
485205696 pairs outside the bin, 0 pairs too small
466484345 pairs outside the bin, 0 pairs too small
485219106 pairs outside the bin, 0 pairs too small
485259552 pairs outside the bin, 0 pairs too small
273615267 pairs outside the bin, 5 pairs too small
406060312 pairs outside the bin, 0 pairs too small
389480004 pairs outside the bin, 0 pairs too small
417232512 pairs outside the bin, 0 pairs too small
130811948 pairs outside the bin, 12797 pairs too small
150788315 pairs outside the bin, 11860 pairs too small
421804668 pairs outside the bin, 3 pairs too small
212715276 pairs outside the bin, 47 pairs too small
386598336 pairs outside the bin, 7 pairs too small
448996843 pairs outside the bin, 51 pairs too small
445343103 pairs outside the bin, 0 pairs too small
431609274 pairs outside the bin, 0 pairs too small
434989587 pairs outside the bin, 0 pairs too small
435840630 pairs outside the bin, 0 pairs too small
457075838 pairs outside the bin, 0 pairs too small
287493373 pairs outside the bin, 7 pairs too small
479508670 pairs outside the bin, 0 pairs too small
321854770 pairs outside the bin, 6 pairs too small
477923468 pairs outside the bin, 0 pairs too small
409215885 pairs outside the bin, 3 pairs too small
445463675 pairs outside the bin, 0 pairs too small
479508670 pairs outside the bin, 0 pairs too small
465800856 pairs outside the bin, 8 pairs too small
478187476 pairs outside the bin, 0 pairs too small
479491032 pairs outside the bin, 0 pairs too small
419353429 pairs outside the bin, 1 pairs too small
429253902 pairs outside the bin, 0 pairs too small
474538790 pairs outside the bin, 0 pairs too small
479498056 pairs outside the bin, 0 pairs too small
479508670 pairs outside the bin, 0 pairs too small
479508670 pairs outside the bin, 0 pairs too small
479548640 pairs outside the bin, 0 pairs too small
369701852 pairs outside the bin, 2 pairs too small
410480256 pairs outside the bin, 0 pairs too small
423840409 pairs outside the bin, 0 pairs too small
435284408 pairs outside the bin, 0 pairs too small
323959888 pairs outside the bin, 9 pairs too small
434763723 pairs outside the bin, 0 pairs too small
424360076 pairs outside the bin, 0 pairs too small
435295845 pairs outside the bin, 0 pairs too small
432856629 pairs outside the bin, 0 pairs too small
435876960 pairs outside the bin, 0 pairs too small
427890921 pairs outside the bin, 0 pairs too small
435840630 pairs outside the bin, 0 pairs too small
255029259 pairs outside the bin, 13809 pairs too small
257580341 pairs outside the bin, 7 pairs too small
391520203 pairs outside the bin, 36 pairs too small
513939240 pairs outside the bin, 0 pairs too small
513939240 pairs outside the bin, 0 pairs too small
513939240 pairs outside the bin, 0 pairs too small
513619619 pairs outside the bin, 0 pairs too small
513939240 pairs outside the bin, 0 pairs too small
513939240 pairs outside the bin, 0 pairs too small
418204302 pairs outside the bin, 1 pairs too small
454469625 pairs outside the bin, 0 pairs too small
513939240 pairs outside the bin, 0 pairs too small
513939240 pairs outside the bin, 0 pairs too small
503669700 pairs outside the bin, 0 pairs too small
513939240 pairs outside the bin, 0 pairs too small
512144124 pairs outside the bin, 0 pairs too small
513939240 pairs outside the bin, 0 pairs too small
513939240 pairs outside the bin, 0 pairs too small
446950927 pairs outside the bin, 0 pairs too small
512712143 pairs outside the bin, 0 pairs too small
464056902 pairs outside the bin, 0 pairs too small
464056902 pairs outside the bin, 0 pairs too small
464056902 pairs outside the bin, 0 pairs too small
464056902 pairs outside the bin, 0 pairs too small
445177572 pairs outside the bin, 7 pairs too small
282497066 pairs outside the bin, 12439 pairs too small
350460199 pairs outside the bin, 7 pairs too small
321143069 pairs outside the bin, 14 pairs too small
403315312 pairs outside the bin, 1 pairs too small
73503347 pairs outside the bin, 11383 pairs too small
396657266 pairs outside the bin, 0 pairs too small
450756340 pairs outside the bin, 1 pairs too small
464056902 pairs outside the bin, 0 pairs too small
290442110 pairs outside the bin, 4 pairs too small
462748234 pairs outside the bin, 0 pairs too small
417029782 pairs outside the bin, 0 pairs too small
417029782 pairs outside the bin, 0 pairs too small
417029782 pairs outside the bin, 0 pairs too small
362889273 pairs outside the bin, 0 pairs too small
390509989 pairs outside the bin, 0 pairs too small
417029782 pairs outside the bin, 0 pairs too small
417029782 pairs outside the bin, 0 pairs too small
417017025 pairs outside the bin, 0 pairs too small
250255205 pairs outside the bin, 34 pairs too small
464056902 pairs outside the bin, 0 pairs too small
464056902 pairs outside the bin, 0 pairs too small
417029782 pairs outside the bin, 0 pairs too small
448208788 pairs outside the bin, 0 pairs too small
464056902 pairs outside the bin, 0 pairs too small
453580686 pairs outside the bin, 0 pairs too small
464056902 pairs outside the bin, 0 pairs too small
464056902 pairs outside the bin, 0 pairs too small
414319512 pairs outside the bin, 0 pairs too small
417029782 pairs outside the bin, 0 pairs too small
417029782 pairs outside the bin, 0 pairs too small
417029782 pairs outside the bin, 0 pairs too small
417029782 pairs outside the bin, 0 pairs too small
417029782 pairs outside the bin, 0 pairs too small
317881211 pairs outside the bin, 5 pairs too small
255029533 pairs outside the bin, 0 pairs too small
422572264 pairs outside the bin, 0 pairs too small
422572264 pairs outside the bin, 0 pairs too small
193623767 pairs outside the bin, 11306 pairs too small
422572264 pairs outside the bin, 0 pairs too small
422572264 pairs outside the bin, 0 pairs too small
422572264 pairs outside the bin, 0 pairs too small
254962041 pairs outside the bin, 18 pairs too small
421264109 pairs outside the bin, 0 pairs too small
367355690 pairs outside the bin, 2 pairs too small
408767371 pairs outside the bin, 0 pairs too small
413852540 pairs outside the bin, 0 pairs too small
354195910 pairs outside the bin, 16 pairs too small
357054603 pairs outside the bin, 0 pairs too small
415272325 pairs outside the bin, 0 pairs too small
414946154 pairs outside the bin, 0 pairs too small
421369321 pairs outside the bin, 0 pairs too small
422571761 pairs outside the bin, 0 pairs too small
422572264 pairs outside the bin, 0 pairs too small
418558243 pairs outside the bin, 0 pairs too small
387204522 pairs outside the bin, 0 pairs too small
484379336 pairs outside the bin, 0 pairs too small
484379336 pairs outside the bin, 0 pairs too small
484379336 pairs outside the bin, 0 pairs too small
484379336 pairs outside the bin, 0 pairs too small
484379336 pairs outside the bin, 0 pairs too small
444320630 pairs outside the bin, 0 pairs too small
38029684 pairs outside the bin, 13150 pairs too small
484379336 pairs outside the bin, 0 pairs too small
484379336 pairs outside the bin, 0 pairs too small
483710855 pairs outside the bin, 0 pairs too small
409115750 pairs outside the bin, 15 pairs too small
313463729 pairs outside the bin, 38 pairs too small
344301168 pairs outside the bin, 9 pairs too small
171443413 pairs outside the bin, 0 pairs too small
484379336 pairs outside the bin, 0 pairs too small
423846350 pairs outside the bin, 0 pairs too small
428138981 pairs outside the bin, 0 pairs too small
481209993 pairs outside the bin, 0 pairs too small
484379336 pairs outside the bin, 0 pairs too small
484419712 pairs outside the bin, 0 pairs too small
363407069 pairs outside the bin, 1 pairs too small
492609082 pairs outside the bin, 0 pairs too small
492609082 pairs outside the bin, 0 pairs too small
492609082 pairs outside the bin, 0 pairs too small
492609082 pairs outside the bin, 0 pairs too small
492609082 pairs outside the bin, 0 pairs too small
492598606 pairs outside the bin, 0 pairs too small
400394728 pairs outside the bin, 0 pairs too small
491239814 pairs outside the bin, 0 pairs too small
489251917 pairs outside the bin, 0 pairs too small
423044855 pairs outside the bin, 7 pairs too small
320294345 pairs outside the bin, 7 pairs too small
184529977 pairs outside the bin, 13304 pairs too small
411335573 pairs outside the bin, 5 pairs too small
344723355 pairs outside the bin, 37 pairs too small
466798370 pairs outside the bin, 0 pairs too small
411029363 pairs outside the bin, 0 pairs too small
458514420 pairs outside the bin, 0 pairs too small
421892126 pairs outside the bin, 0 pairs too small
458514420 pairs outside the bin, 0 pairs too small
447229798 pairs outside the bin, 1 pairs too small
463220566 pairs outside the bin, 0 pairs too small
383900463 pairs outside the bin, 6 pairs too small
458514420 pairs outside the bin, 0 pairs too small
458514420 pairs outside the bin, 0 pairs too small
457135498 pairs outside the bin, 0 pairs too small
458514420 pairs outside the bin, 0 pairs too small
456494416 pairs outside the bin, 0 pairs too small
212123257 pairs outside the bin, 12604 pairs too small
458514420 pairs outside the bin, 0 pairs too small
324941463 pairs outside the bin, 11 pairs too small
458514420 pairs outside the bin, 0 pairs too small
452622769 pairs outside the bin, 0 pairs too small
254151849 pairs outside the bin, 7 pairs too small
323069580 pairs outside the bin, 15 pairs too small
305235751 pairs outside the bin, 38 pairs too small
371739583 pairs outside the bin, 11 pairs too small
363962646 pairs outside the bin, 12 pairs too small
406513893 pairs outside the bin, 0 pairs too small
370912364 pairs outside the bin, 0 pairs too small
444574238 pairs outside the bin, 0 pairs too small
437355623 pairs outside the bin, 0 pairs too small
444574238 pairs outside the bin, 0 pairs too small
443084365 pairs outside the bin, 0 pairs too small
430087877 pairs outside the bin, 0 pairs too small
303264959 pairs outside the bin, 5 pairs too small
439156788 pairs outside the bin, 0 pairs too small
444574238 pairs outside the bin, 0 pairs too small
444574238 pairs outside the bin, 0 pairs too small
155603066 pairs outside the bin, 0 pairs too small
444574238 pairs outside the bin, 0 pairs too small
52288709 pairs outside the bin, 12126 pairs too small
435031607 pairs outside the bin, 0 pairs too small
364348416 pairs outside the bin, 0 pairs too small
301283706 pairs outside the bin, 15 pairs too small
133942646 pairs outside the bin, 40 pairs too small
243936539 pairs outside the bin, 0 pairs too small
381860361 pairs outside the bin, 0 pairs too small
231806517 pairs outside the bin, 0 pairs too small
410192197 pairs outside the bin, 0 pairs too small
362109093 pairs outside the bin, 0 pairs too small
374551925 pairs outside the bin, 4 pairs too small
418775720 pairs outside the bin, 0 pairs too small
264338384 pairs outside the bin, 4 pairs too small
418877276 pairs outside the bin, 0 pairs too small
78374620 pairs outside the bin, 11127 pairs too small
401159085 pairs outside the bin, 0 pairs too small
444611296 pairs outside the bin, 0 pairs too small
115095789 pairs outside the bin, 21 pairs too small
418877276 pairs outside the bin, 0 pairs too small
418877276 pairs outside the bin, 0 pairs too small
418877276 pairs outside the bin, 0 pairs too small
367404641 pairs outside the bin, 0 pairs too small
341571479 pairs outside the bin, 0 pairs too small
418876114 pairs outside the bin, 0 pairs too small
393324875 pairs outside the bin, 0 pairs too small
182760716 pairs outside the bin, 34 pairs too small
348914949 pairs outside the bin, 0 pairs too small
356601260 pairs outside the bin, 0 pairs too small
418912192 pairs outside the bin, 0 pairs too small
466311351 pairs outside the bin, 0 pairs too small
294855156 pairs outside the bin, 5 pairs too small
467080074 pairs outside the bin, 0 pairs too small
448739342 pairs outside the bin, 0 pairs too small
467080074 pairs outside the bin, 0 pairs too small
465806981 pairs outside the bin, 0 pairs too small
461929841 pairs outside the bin, 0 pairs too small
184106108 pairs outside the bin, 12520 pairs too small
467080074 pairs outside the bin, 0 pairs too small
467080074 pairs outside the bin, 0 pairs too small
389202319 pairs outside the bin, 0 pairs too small
223783130 pairs outside the bin, 40 pairs too small
408179716 pairs outside the bin, 0 pairs too small
205918132 pairs outside the bin, 12 pairs too small
467080074 pairs outside the bin, 0 pairs too small
376833014 pairs outside the bin, 11 pairs too small
264347206 pairs outside the bin, 1 pairs too small
340655208 pairs outside the bin, 4 pairs too small
465953598 pairs outside the bin, 0 pairs too small
465601347 pairs outside the bin, 0 pairs too small
472454602 pairs outside the bin, 0 pairs too small
472454602 pairs outside the bin, 0 pairs too small
472454602 pairs outside the bin, 0 pairs too small
472454602 pairs outside the bin, 0 pairs too small
458799123 pairs outside the bin, 0 pairs too small
472454602 pairs outside the bin, 0 pairs too small
472454602 pairs outside the bin, 0 pairs too small
472454602 pairs outside the bin, 0 pairs too small
472454602 pairs outside the bin, 0 pairs too small
472454602 pairs outside the bin, 0 pairs too small
472454602 pairs outside the bin, 0 pairs too small
469409540 pairs outside the bin, 0 pairs too small
74650760 pairs outside the bin, 12807 pairs too small
401209599 pairs outside the bin, 0 pairs too small
255489770 pairs outside the bin, 5 pairs too small
215349441 pairs outside the bin, 6 pairs too small
391194722 pairs outside the bin, 0 pairs too small
397306977 pairs outside the bin, 0 pairs too small
362441203 pairs outside the bin, 36 pairs too small
447261502 pairs outside the bin, 0 pairs too small
447261502 pairs outside the bin, 0 pairs too small
447261502 pairs outside the bin, 0 pairs too small
447241432 pairs outside the bin, 0 pairs too small
383377894 pairs outside the bin, 0 pairs too small
417162865 pairs outside the bin, 0 pairs too small
427147519 pairs outside the bin, 0 pairs too small
433043706 pairs outside the bin, 0 pairs too small
447261502 pairs outside the bin, 0 pairs too small
440142164 pairs outside the bin, 0 pairs too small
340411189 pairs outside the bin, 1 pairs too small
443175507 pairs outside the bin, 0 pairs too small
203953478 pairs outside the bin, 12073 pairs too small
447261502 pairs outside the bin, 0 pairs too small
404439445 pairs outside the bin, 3 pairs too small
330126125 pairs outside the bin, 9 pairs too small
396806378 pairs outside the bin, 0 pairs too small
414766490 pairs outside the bin, 0 pairs too small
385618400 pairs outside the bin, 0 pairs too small
349408999 pairs outside the bin, 22 pairs too small
202572791 pairs outside the bin, 58 pairs too small
431809734 pairs outside the bin, 0 pairs too small
431809734 pairs outside the bin, 0 pairs too small
431809734 pairs outside the bin, 0 pairs too small
431809734 pairs outside the bin, 0 pairs too small
431809734 pairs outside the bin, 0 pairs too small
431809734 pairs outside the bin, 0 pairs too small
431809734 pairs outside the bin, 0 pairs too small
274507028 pairs outside the bin, 5 pairs too small
430728444 pairs outside the bin, 0 pairs too small
423761023 pairs outside the bin, 0 pairs too small
133229178 pairs outside the bin, 11723 pairs too small
198859513 pairs outside the bin, 7 pairs too small
397828006 pairs outside the bin, 3 pairs too small
4546462 pairs outside the bin, 1 pairs too small
6404032 pairs outside the bin, 0 pairs too small
337960399 pairs outside the bin, 17 pairs too small
431809734 pairs outside the bin, 0 pairs too small
6460806 pairs outside the bin, 0 pairs too small
404581202 pairs outside the bin, 0 pairs too small
431809734 pairs outside the bin, 0 pairs too small
5670461 pairs outside the bin, 0 pairs too small
7029072 pairs outside the bin, 0 pairs too small
5798514 pairs outside the bin, 0 pairs too small
6383148 pairs outside the bin, 0 pairs too small
6316752 pairs outside the bin, 0 pairs too small
6400704 pairs outside the bin, 0 pairs too small
7784640 pairs outside the bin, 0 pairs too small
430309099 pairs outside the bin, 0 pairs too small
387621718 pairs outside the bin, 0 pairs too small
431809734 pairs outside the bin, 0 pairs too small
7336896 pairs outside the bin, 0 pairs too small
5789668 pairs outside the bin, 0 pairs too small
6540624 pairs outside the bin, 0 pairs too small
6774672 pairs outside the bin, 0 pairs too small
6945120 pairs outside the bin, 0 pairs too small
7066890 pairs outside the bin, 0 pairs too small
7156272 pairs outside the bin, 0 pairs too small
6716166 pairs outside the bin, 0 pairs too small
7461552 pairs outside the bin, 0 pairs too small
6156750 pairs outside the bin, 0 pairs too small
4884308 pairs outside the bin, 0 pairs too small
7088278 pairs outside the bin, 0 pairs too small
6981605 pairs outside the bin, 0 pairs too small
6185153 pairs outside the bin, 0 pairs too small
6267356 pairs outside the bin, 0 pairs too small
6451038 pairs outside the bin, 0 pairs too small
6800430 pairs outside the bin, 0 pairs too small
6882633 pairs outside the bin, 0 pairs too small
7306103 pairs outside the bin, 0 pairs too small
7184044 pairs outside the bin, 0 pairs too small
7622460 pairs outside the bin, 0 pairs too small
6211036 pairs outside the bin, 0 pairs too small
6593677 pairs outside the bin, 0 pairs too small
6927471 pairs outside the bin, 0 pairs too small
7007183 pairs outside the bin, 0 pairs too small
6633533 pairs outside the bin, 0 pairs too small
6404361 pairs outside the bin, 0 pairs too small
6858324 pairs outside the bin, 0 pairs too small
7164795 pairs outside the bin, 0 pairs too small
7628643 pairs outside the bin, 0 pairs too small
7882655 pairs outside the bin, 0 pairs too small
6138439 pairs outside the bin, 0 pairs too small
8448660 pairs outside the bin, 0 pairs too small
6855563 pairs outside the bin, 0 pairs too small
6946676 pairs outside the bin, 0 pairs too small
7962724 pairs outside the bin, 0 pairs too small
8098013 pairs outside the bin, 0 pairs too small
6885934 pairs outside the bin, 0 pairs too small
7308367 pairs outside the bin, 0 pairs too small
7537530 pairs outside the bin, 0 pairs too small
7678341 pairs outside the bin, 0 pairs too small
7098531 pairs outside the bin, 0 pairs too small
6291479 pairs outside the bin, 0 pairs too small
7352543 pairs outside the bin, 0 pairs too small
7766693 pairs outside the bin, 0 pairs too small
7982307 pairs outside the bin, 0 pairs too small
7693687 pairs outside the bin, 0 pairs too small
7426713 pairs outside the bin, 0 pairs too small
8840340 pairs outside the bin, 0 pairs too small
7173387 pairs outside the bin, 0 pairs too small
7268724 pairs outside the bin, 0 pairs too small
8331876 pairs outside the bin, 0 pairs too small
8473437 pairs outside the bin, 0 pairs too small
6452545 pairs outside the bin, 0 pairs too small
7427619 pairs outside the bin, 0 pairs too small
7522316 pairs outside the bin, 0 pairs too small
7693161 pairs outside the bin, 0 pairs too small
7886970 pairs outside the bin, 0 pairs too small
7706320 pairs outside the bin, 0 pairs too small
8126757 pairs outside the bin, 0 pairs too small
6167772 pairs outside the bin, 0 pairs too small
6348568 pairs outside the bin, 0 pairs too small
6746467 pairs outside the bin, 0 pairs too small
6565429 pairs outside the bin, 0 pairs too small
7595990 pairs outside the bin, 0 pairs too small
3420266 pairs outside the bin, 0 pairs too small
6249744 pairs outside the bin, 0 pairs too small
6781320 pairs outside the bin, 0 pairs too small
4380251 pairs outside the bin, 0 pairs too small
6357123 pairs outside the bin, 0 pairs too small
7163856 pairs outside the bin, 0 pairs too small
7285572 pairs outside the bin, 0 pairs too small
6386364 pairs outside the bin, 0 pairs too small
6162854 pairs outside the bin, 0 pairs too small
6781948 pairs outside the bin, 0 pairs too small
7123479 pairs outside the bin, 0 pairs too small
8736300 pairs outside the bin, 0 pairs too small
7088787 pairs outside the bin, 0 pairs too small
7162507 pairs outside the bin, 0 pairs too small
6564114 pairs outside the bin, 0 pairs too small
5206006 pairs outside the bin, 0 pairs too small
7657181 pairs outside the bin, 1 pairs too small
7597602 pairs outside the bin, 0 pairs too small
8373561 pairs outside the bin, 0 pairs too small
4491618 pairs outside the bin, 0 pairs too small
7340205 pairs outside the bin, 0 pairs too small
7602865 pairs outside the bin, 0 pairs too small
7855408 pairs outside the bin, 0 pairs too small
8031115 pairs outside the bin, 0 pairs too small
6012365 pairs outside the bin, 0 pairs too small
6317153 pairs outside the bin, 0 pairs too small
6072564 pairs outside the bin, 0 pairs too small
5588234 pairs outside the bin, 0 pairs too small
7063553 pairs outside the bin, 0 pairs too small
7474057 pairs outside the bin, 0 pairs too small
3823182 pairs outside the bin, 0 pairs too small
6312466 pairs outside the bin, 0 pairs too small
6823331 pairs outside the bin, 0 pairs too small
6786228 pairs outside the bin, 0 pairs too small
7207550 pairs outside the bin, 0 pairs too small
7299735 pairs outside the bin, 0 pairs too small
6671745 pairs outside the bin, 0 pairs too small
6647608 pairs outside the bin, 0 pairs too small
7544914 pairs outside the bin, 0 pairs too small
6423129 pairs outside the bin, 0 pairs too small
8318031 pairs outside the bin, 0 pairs too small
7247640 pairs outside the bin, 0 pairs too small
8825040 pairs outside the bin, 0 pairs too small
7631640 pairs outside the bin, 0 pairs too small
8099820 pairs outside the bin, 0 pairs too small
7034247 pairs outside the bin, 0 pairs too small
8607780 pairs outside the bin, 0 pairs too small
8509860 pairs outside the bin, 0 pairs too small
4753529 pairs outside the bin, 0 pairs too small
6041793 pairs outside the bin, 0 pairs too small
7313661 pairs outside the bin, 0 pairs too small
7542990 pairs outside the bin, 0 pairs too small
7849699 pairs outside the bin, 0 pairs too small
7968492 pairs outside the bin, 0 pairs too small
8079655 pairs outside the bin, 0 pairs too small
6890922 pairs outside the bin, 0 pairs too small
7106666 pairs outside the bin, 0 pairs too small
6961435 pairs outside the bin, 0 pairs too small
7772319 pairs outside the bin, 0 pairs too small
7683903 pairs outside the bin, 0 pairs too small
3821630 pairs outside the bin, 1 pairs too small
6192602 pairs outside the bin, 0 pairs too small
6572501 pairs outside the bin, 0 pairs too small
6778590 pairs outside the bin, 0 pairs too small
6905223 pairs outside the bin, 0 pairs too small
7160972 pairs outside the bin, 0 pairs too small
7229804 pairs outside the bin, 0 pairs too small
4066442 pairs outside the bin, 0 pairs too small
5026608 pairs outside the bin, 0 pairs too small
6984679 pairs outside the bin, 0 pairs too small
6109950 pairs outside the bin, 0 pairs too small
6236439 pairs outside the bin, 0 pairs too small
6274890 pairs outside the bin, 0 pairs too small
5979137 pairs outside the bin, 0 pairs too small
6525984 pairs outside the bin, 0 pairs too small
6640343 pairs outside the bin, 0 pairs too small
6766053 pairs outside the bin, 0 pairs too small
6975741 pairs outside the bin, 0 pairs too small
7077508 pairs outside the bin, 0 pairs too small
6249324 pairs outside the bin, 0 pairs too small
2600384 pairs outside the bin, 0 pairs too small
5563143 pairs outside the bin, 0 pairs too small
6998525 pairs outside the bin, 0 pairs too small
5538752 pairs outside the bin, 0 pairs too small
6880726 pairs outside the bin, 0 pairs too small
6411324 pairs outside the bin, 0 pairs too small
5716201 pairs outside the bin, 0 pairs too small
7414764 pairs outside the bin, 0 pairs too small
8062662 pairs outside the bin, 0 pairs too small
6856441 pairs outside the bin, 0 pairs too small
7680092 pairs outside the bin, 0 pairs too small
5491545 pairs outside the bin, 0 pairs too small
4801412 pairs outside the bin, 0 pairs too small
7070087 pairs outside the bin, 0 pairs too small
7067935 pairs outside the bin, 0 pairs too small
7101696 pairs outside the bin, 0 pairs too small
1920012 pairs outside the bin, 0 pairs too small
5482595 pairs outside the bin, 0 pairs too small
6429296 pairs outside the bin, 0 pairs too small
4150604 pairs outside the bin, 0 pairs too small
4302689 pairs outside the bin, 0 pairs too small
6051723 pairs outside the bin, 0 pairs too small
6208350 pairs outside the bin, 0 pairs too small
5665478 pairs outside the bin, 0 pairs too small
2953778 pairs outside the bin, 0 pairs too small
6805437 pairs outside the bin, 0 pairs too small
5817731 pairs outside the bin, 0 pairs too small
6504893 pairs outside the bin, 0 pairs too small
6412074 pairs outside the bin, 0 pairs too small
3071573 pairs outside the bin, 0 pairs too small
6502906 pairs outside the bin, 0 pairs too small
7124982 pairs outside the bin, 0 pairs too small
5476894 pairs outside the bin, 0 pairs too small
5840169 pairs outside the bin, 1 pairs too small
3720405 pairs outside the bin, 0 pairs too small
1056925461 pairs outside the bin, 384309 pairs too small
1566814099 pairs outside the bin, 382943 pairs too small
-1927025952 pairs outside the bin, 382745 pairs too small
-447010872 pairs outside the bin, 382774 pairs too small
703336520 pairs outside the bin, 383655 pairs too small
-1657122128 pairs outside the bin, 381829 pairs too small
-2114163580 pairs outside the bin, 384871 pairs too small
-1882194413 pairs outside the bin, 382897 pairs too small
932489284 pairs outside the bin, 382485 pairs too small
2118174469 pairs outside the bin, 382165 pairs too small
2071252725 pairs outside the bin, 384039 pairs too small
2141906583 pairs outside the bin, 381577 pairs too small
-1566457567 pairs outside the bin, 381270 pairs too small
992096580 pairs outside the bin, 381873 pairs too small
98481566 pairs outside the bin, 385449 pairs too small
1171703462 pairs outside the bin, 384963 pairs too small
-1342996320 pairs outside the bin, 382099 pairs too small
-2101161062 pairs outside the bin, 383126 pairs too small
898774170 pairs outside the bin, 378589 pairs too small
5164182 pairs outside the bin, 380818 pairs too small
-1344321742 pairs outside the bin, 1230 pairs too small
-1485568919 pairs outside the bin, 199 pairs too small
1509877919 pairs outside the bin, 155 pairs too small
-620753766 pairs outside the bin, 160 pairs too small
-46356110 pairs outside the bin, 257 pairs too small
963840762 pairs outside the bin, 183 pairs too small
-1856224956 pairs outside the bin, 0 pairs too small
-1856224956 pairs outside the bin, 0 pairs too small
-1856224956 pairs outside the bin, 0 pairs too small
-1856224956 pairs outside the bin, 0 pairs too small
-1856224956 pairs outside the bin, 0 pairs too small
-1856224956 pairs outside the bin, 0 pairs too small
-1535945346 pairs outside the bin, 769 pairs too small
-365867294 pairs outside the bin, 0 pairs too small
-1856224956 pairs outside the bin, 0 pairs too small
-1951809749 pairs outside the bin, 0 pairs too small
-1856224956 pairs outside the bin, 0 pairs too small
-1902029586 pairs outside the bin, 0 pairs too small
-1856224956 pairs outside the bin, 0 pairs too small
1587761439 pairs outside the bin, 0 pairs too small
-1853873600 pairs outside the bin, 0 pairs too small
-1944881521 pairs outside the bin, 0 pairs too small
-1939315742 pairs outside the bin, 0 pairs too small
-1993649055 pairs outside the bin, 0 pairs too small
-1856224956 pairs outside the bin, 0 pairs too small
-1856224956 pairs outside the bin, 0 pairs too small
-1856224956 pairs outside the bin, 0 pairs too small
-1856224956 pairs outside the bin, 0 pairs too small
-1856224956 pairs outside the bin, 0 pairs too small
-1856224956 pairs outside the bin, 0 pairs too small
-1856224956 pairs outside the bin, 0 pairs too small
-1856224956 pairs outside the bin, 0 pairs too small
-1866734758 pairs outside the bin, 0 pairs too small
16787844 pairs outside the bin, 597 pairs too small
-1856224956 pairs outside the bin, 0 pairs too small
-1856224956 pairs outside the bin, 0 pairs too small
-1856224956 pairs outside the bin, 0 pairs too small
-1853873600 pairs outside the bin, 0 pairs too small
-1856224956 pairs outside the bin, 0 pairs too small
-1856224956 pairs outside the bin, 0 pairs too small
-1856224956 pairs outside the bin, 0 pairs too small
-1856224956 pairs outside the bin, 0 pairs too small
-1856224956 pairs outside the bin, 0 pairs too small
-1856224956 pairs outside the bin, 0 pairs too small
-1856224956 pairs outside the bin, 0 pairs too small
-1856224956 pairs outside the bin, 0 pairs too small
-1856224956 pairs outside the bin, 0 pairs too small
-1856224956 pairs outside the bin, 0 pairs too small
-1213984478 pairs outside the bin, 1016 pairs too small
-1856224956 pairs outside the bin, 0 pairs too small
-1856224956 pairs outside the bin, 0 pairs too small
-1856224956 pairs outside the bin, 0 pairs too small
471660999 pairs outside the bin, 0 pairs too small
-1856224956 pairs outside the bin, 0 pairs too small
1989206758 pairs outside the bin, 0 pairs too small
-1856224956 pairs outside the bin, 0 pairs too small
-1853873600 pairs outside the bin, 0 pairs too small
-1856224956 pairs outside the bin, 0 pairs too small
-1856224956 pairs outside the bin, 0 pairs too small
-1856224956 pairs outside the bin, 0 pairs too small
-1856224956 pairs outside the bin, 0 pairs too small
-1856224956 pairs outside the bin, 0 pairs too small
-1856224956 pairs outside the bin, 0 pairs too small
-1856224956 pairs outside the bin, 0 pairs too small
-669189700 pairs outside the bin, 264 pairs too small
1946885651 pairs outside the bin, 0 pairs too small
1385246140 pairs outside the bin, 0 pairs too small
-1856224956 pairs outside the bin, 0 pairs too small
-1853873600 pairs outside the bin, 0 pairs too small
1295201785 pairs outside the bin, 140 pairs too small
-1857343886 pairs outside the bin, 0 pairs too small
1139705067 pairs outside the bin, 553 pairs too small
1678713600 pairs outside the bin, 0 pairs too small
-1876518413 pairs outside the bin, 44 pairs too small
-1856224956 pairs outside the bin, 0 pairs too small
-1856224956 pairs outside the bin, 0 pairs too small
1256099276 pairs outside the bin, 357 pairs too small
-1774553005 pairs outside the bin, 21 pairs too small
-1856224956 pairs outside the bin, 0 pairs too small
1435352769 pairs outside the bin, 0 pairs too small
-1856224956 pairs outside the bin, 0 pairs too small
-1856224956 pairs outside the bin, 0 pairs too small
1564463303 pairs outside the bin, 163 pairs too small
593306650 pairs outside the bin, 12 pairs too small
-1825679915 pairs outside the bin, 126 pairs too small
-246467019 pairs outside the bin, 190 pairs too small
672747457 pairs outside the bin, 448 pairs too small
1700509180 pairs outside the bin, 0 pairs too small
292477460 pairs outside the bin, 10 pairs too small
1649999007 pairs outside the bin, 57 pairs too small
-1856224956 pairs outside the bin, 0 pairs too small
-1853873600 pairs outside the bin, 0 pairs too small
-1857502331 pairs outside the bin, 0 pairs too small
-1940315203 pairs outside the bin, 6 pairs too small
-1857015577 pairs outside the bin, 0 pairs too small
2135491516 pairs outside the bin, 0 pairs too small
1433860154 pairs outside the bin, 1213 pairs too small
-1856224956 pairs outside the bin, 0 pairs too small
-1856224956 pairs outside the bin, 0 pairs too small
-412608218 pairs outside the bin, 260 pairs too small
-1626114943 pairs outside the bin, 103 pairs too small
-1853873600 pairs outside the bin, 0 pairs too small
873934082 pairs outside the bin, 0 pairs too small
1655826834 pairs outside the bin, 0 pairs too small
2080045461 pairs outside the bin, 0 pairs too small
-1928012105 pairs outside the bin, 0 pairs too small
1167461386 pairs outside the bin, 73 pairs too small
-1893671572 pairs outside the bin, 0 pairs too small
-1932190139 pairs outside the bin, 0 pairs too small
-110598881 pairs outside the bin, 632 pairs too small
-1856224956 pairs outside the bin, 0 pairs too small
1982498711 pairs outside the bin, 0 pairs too small
1621470025 pairs outside the bin, 62 pairs too small
-1846774178 pairs outside the bin, 379 pairs too small
-1853873600 pairs outside the bin, 0 pairs too small
1856698206 pairs outside the bin, 0 pairs too small
-959918214 pairs outside the bin, 14 pairs too small
-1856224956 pairs outside the bin, 0 pairs too small
-1957363852 pairs outside the bin, 0 pairs too small
-1398998145 pairs outside the bin, 0 pairs too small
-1856224956 pairs outside the bin, 0 pairs too small
-1247914365 pairs outside the bin, 148 pairs too small
-1856224956 pairs outside the bin, 0 pairs too small
-1856224956 pairs outside the bin, 0 pairs too small
-1856224956 pairs outside the bin, 0 pairs too small
-1931490856 pairs outside the bin, 0 pairs too small
-1856224956 pairs outside the bin, 0 pairs too small
-1930302895 pairs outside the bin, 0 pairs too small
-1856224956 pairs outside the bin, 0 pairs too small
-489468080 pairs outside the bin, 1017 pairs too small
-1856224956 pairs outside the bin, 0 pairs too small
-1856224956 pairs outside the bin, 0 pairs too small
-1856224956 pairs outside the bin, 0 pairs too small
-1856224956 pairs outside the bin, 0 pairs too small
1540164414 pairs outside the bin, 0 pairs too small
1843730305 pairs outside the bin, 0 pairs too small
-2028680143 pairs outside the bin, 0 pairs too small
-1856224956 pairs outside the bin, 0 pairs too small
-1856224956 pairs outside the bin, 0 pairs too small
-1856224956 pairs outside the bin, 0 pairs too small
20117272 pairs outside the bin, 282 pairs too small
-1856224956 pairs outside the bin, 0 pairs too small
41901027 pairs outside the bin, 216 pairs too small
-1856224956 pairs outside the bin, 0 pairs too small
1683615116 pairs outside the bin, 25 pairs too small
-2047517276 pairs outside the bin, 457 pairs too small
947837039 pairs outside the bin, 1431 pairs too small
-1856224956 pairs outside the bin, 0 pairs too small
-1554112719 pairs outside the bin, 173 pairs too small
-1369690365 pairs outside the bin, 390 pairs too small
2025646710 pairs outside the bin, 0 pairs too small
-13882980 pairs outside the bin, 9 pairs too small
1891768798 pairs outside the bin, 0 pairs too small
-1856284335 pairs outside the bin, 0 pairs too small
-602153657 pairs outside the bin, 0 pairs too small
-2130915032 pairs outside the bin, 0 pairs too small
-1856224956 pairs outside the bin, 0 pairs too small
-1920618648 pairs outside the bin, 0 pairs too small
-1046866619 pairs outside the bin, 0 pairs too small
-2046722163 pairs outside the bin, 0 pairs too small
-2010172754 pairs outside the bin, 819 pairs too small
-1856224956 pairs outside the bin, 0 pairs too small
1917275778 pairs outside the bin, 156 pairs too small
-1853873600 pairs outside the bin, 0 pairs too small
1847375363 pairs outside the bin, 1 pairs too small
923469099 pairs outside the bin, 0 pairs too small
2006517164 pairs outside the bin, 1166 pairs too small
-1943233311 pairs outside the bin, 0 pairs too small
1075090837 pairs outside the bin, 362 pairs too small
-176462354 pairs outside the bin, 135 pairs too small
739844827 pairs outside the bin, 0 pairs too small
1616019703 pairs outside the bin, 0 pairs too small
-2103088894 pairs outside the bin, 461 pairs too small
-575354046 pairs outside the bin, 1426 pairs too small
-155388413 pairs outside the bin, 1416 pairs too small
957749022 pairs outside the bin, 378 pairs too small
-679740573 pairs outside the bin, 0 pairs too small
-1600979512 pairs outside the bin, 94 pairs too small
71534339 pairs outside the bin, 1372 pairs too small
219492076 pairs outside the bin, 1661 pairs too small
1932766013 pairs outside the bin, 0 pairs too small
-952335866 pairs outside the bin, 195 pairs too small
212113459 pairs outside the bin, 1498 pairs too small
395502018 pairs outside the bin, 0 pairs too small
-1946751935 pairs outside the bin, 66 pairs too small
-1495643794 pairs outside the bin, 0 pairs too small
-1853873600 pairs outside the bin, 0 pairs too small
-310031285 pairs outside the bin, 36 pairs too small
-1945367443 pairs outside the bin, 0 pairs too small
-1853873600 pairs outside the bin, 0 pairs too small
