logging to.../global/cscratch1/sd/huikong/obiwan_Aug/repos_for_docker/obiwan_out/elg_new_ccd_list/logs/018//rs0/log.0188p002
logging to.../global/cscratch1/sd/huikong/obiwan_Aug/repos_for_docker/obiwan_out/elg_new_ccd_list/logs/015//rs0/log.0156m007
logging to.../global/cscratch1/sd/huikong/obiwan_Aug/repos_for_docker/obiwan_out/elg_new_ccd_list/logs/015//rs0/log.0151m017
logging to.../global/cscratch1/sd/huikong/obiwan_Aug/repos_for_docker/obiwan_out/elg_new_ccd_list/logs/017//rs0/log.0176m042
logging to.../global/cscratch1/sd/huikong/obiwan_Aug/repos_for_docker/obiwan_out/elg_new_ccd_list/logs/019//rs0/log.0193m012
logging to.../global/cscratch1/sd/huikong/obiwan_Aug/repos_for_docker/obiwan_out/elg_new_ccd_list/logs/019//rs0/log.0198p015
logging to.../global/cscratch1/sd/huikong/obiwan_Aug/repos_for_docker/obiwan_out/elg_new_ccd_list/logs/019//rs0/log.0196p022
logging to.../global/cscratch1/sd/huikong/obiwan_Aug/repos_for_docker/obiwan_out/elg_new_ccd_list/logs/019//rs0/log.0198p012
logging to.../global/cscratch1/sd/huikong/obiwan_Aug/repos_for_docker/obiwan_out/elg_new_ccd_list/logs/019//rs0/log.0191m045
logging to.../global/cscratch1/sd/huikong/obiwan_Aug/repos_for_docker/obiwan_out/elg_new_ccd_list/logs/019//rs0/log.0196p017
logging to.../global/cscratch1/sd/huikong/obiwan_Aug/repos_for_docker/obiwan_out/elg_new_ccd_list/logs/019//rs0/log.0196m015
logging to.../global/cscratch1/sd/huikong/obiwan_Aug/repos_for_docker/obiwan_out/elg_new_ccd_list/logs/019//rs0/log.0198p020
logging to.../global/cscratch1/sd/huikong/obiwan_Aug/repos_for_docker/obiwan_out/elg_new_ccd_list/logs/019//rs0/log.0196p015
logging to.../global/cscratch1/sd/huikong/obiwan_Aug/repos_for_docker/obiwan_out/elg_new_ccd_list/logs/019//rs0/log.0193m010
logging to.../global/cscratch1/sd/huikong/obiwan_Aug/repos_for_docker/obiwan_out/elg_new_ccd_list/logs/019//rs0/log.0198p017
logging to.../global/cscratch1/sd/huikong/obiwan_Aug/repos_for_docker/obiwan_out/elg_new_ccd_list/logs/019//rs0/log.0196p020
logging to.../global/cscratch1/sd/huikong/obiwan_Aug/repos_for_docker/obiwan_out/elg_new_ccd_list/logs/019//rs0/log.0196p012
logging to.../global/cscratch1/sd/huikong/obiwan_Aug/repos_for_docker/obiwan_out/elg_new_ccd_list/logs/019//rs0/log.0198p022
logging to.../global/cscratch1/sd/huikong/obiwan_Aug/repos_for_docker/obiwan_out/elg_new_ccd_list/logs/019//rs0/log.0196m042
logging to.../global/cscratch1/sd/huikong/obiwan_Aug/repos_for_docker/obiwan_out/elg_new_ccd_list/logs/015//rs0/log.0151m045
logging to.../global/cscratch1/sd/huikong/obiwan_Aug/repos_for_docker/obiwan_out/elg_new_ccd_list/logs/014//rs0/log.0148p005
logging to.../global/cscratch1/sd/huikong/obiwan_Aug/repos_for_docker/obiwan_out/elg_new_ccd_list/logs/015//rs0/log.0153p020
logging to.../global/cscratch1/sd/huikong/obiwan_Aug/repos_for_docker/obiwan_out/elg_new_ccd_list/logs/015//rs0/log.0151m010
logging to.../global/cscratch1/sd/huikong/obiwan_Aug/repos_for_docker/obiwan_out/elg_new_ccd_list/logs/014//rs0/log.0141m017
logging to.../global/cscratch1/sd/huikong/obiwan_Aug/repos_for_docker/obiwan_out/elg_new_ccd_list/logs/015//rs0/log.0156p005
logging to.../global/cscratch1/sd/huikong/obiwan_Aug/repos_for_docker/obiwan_out/elg_new_ccd_list/logs/010//rs0/log.0104m045
logging to.../global/cscratch1/sd/huikong/obiwan_Aug/repos_for_docker/obiwan_out/elg_new_ccd_list/logs/015//rs0/log.0151p002
logging to.../global/cscratch1/sd/huikong/obiwan_Aug/repos_for_docker/obiwan_out/elg_new_ccd_list/logs/017//rs0/log.0176m040
logging to.../global/cscratch1/sd/huikong/obiwan_Aug/repos_for_docker/obiwan_out/elg_new_ccd_list/logs/015//rs0/log.0153m007
logging to.../global/cscratch1/sd/huikong/obiwan_Aug/repos_for_docker/obiwan_out/elg_new_ccd_list/logs/015//rs0/log.0154m045
logging to.../global/cscratch1/sd/huikong/obiwan_Aug/repos_for_docker/obiwan_out/elg_new_ccd_list/logs/012//rs0/log.0121p017
logging to.../global/cscratch1/sd/huikong/obiwan_Aug/repos_for_docker/obiwan_out/elg_new_ccd_list/logs/017//rs0/log.0179m045
logging to.../global/cscratch1/sd/huikong/obiwan_Aug/repos_for_docker/obiwan_out/elg_new_ccd_list/logs/017//rs0/log.0171m045
logging to.../global/cscratch1/sd/huikong/obiwan_Aug/repos_for_docker/obiwan_out/elg_new_ccd_list/logs/015//rs0/log.0151p005
logging to.../global/cscratch1/sd/huikong/obiwan_Aug/repos_for_docker/obiwan_out/elg_new_ccd_list/logs/018//rs0/log.0186m045
logging to.../global/cscratch1/sd/huikong/obiwan_Aug/repos_for_docker/obiwan_out/elg_new_ccd_list/logs/017//rs0/log.0176m045
logging to.../global/cscratch1/sd/huikong/obiwan_Aug/repos_for_docker/obiwan_out/elg_new_ccd_list/logs/015//rs0/log.0151p007
logging to.../global/cscratch1/sd/huikong/obiwan_Aug/repos_for_docker/obiwan_out/elg_new_ccd_list/logs/017//rs0/log.0179m047
logging to.../global/cscratch1/sd/huikong/obiwan_Aug/repos_for_docker/obiwan_out/elg_new_ccd_list/logs/015//rs0/log.0159m047
logging to.../global/cscratch1/sd/huikong/obiwan_Aug/repos_for_docker/obiwan_out/elg_new_ccd_list/logs/016//rs0/log.0168m042
logging to.../global/cscratch1/sd/huikong/obiwan_Aug/repos_for_docker/obiwan_out/elg_new_ccd_list/logs/018//rs0/log.0181m042
logging to.../global/cscratch1/sd/huikong/obiwan_Aug/repos_for_docker/obiwan_out/elg_new_ccd_list/logs/018//rs0/log.0181m045
logging to.../global/cscratch1/sd/huikong/obiwan_Aug/repos_for_docker/obiwan_out/elg_new_ccd_list/logs/016//rs0/log.0168p000
logging to.../global/cscratch1/sd/huikong/obiwan_Aug/repos_for_docker/obiwan_out/elg_new_ccd_list/logs/017//rs0/log.0176m012
logging to.../global/cscratch1/sd/huikong/obiwan_Aug/repos_for_docker/obiwan_out/elg_new_ccd_list/logs/015//rs0/log.0153p002
logging to.../global/cscratch1/sd/huikong/obiwan_Aug/repos_for_docker/obiwan_out/elg_new_ccd_list/logs/016//rs0/log.0164m047
logging to.../global/cscratch1/sd/huikong/obiwan_Aug/repos_for_docker/obiwan_out/elg_new_ccd_list/logs/015//rs0/log.0156m045
logging to.../global/cscratch1/sd/huikong/obiwan_Aug/repos_for_docker/obiwan_out/elg_new_ccd_list/logs/016//rs0/log.0161m047
logging to.../global/cscratch1/sd/huikong/obiwan_Aug/repos_for_docker/obiwan_out/elg_new_ccd_list/logs/016//rs0/log.0161m007
logging to.../global/cscratch1/sd/huikong/obiwan_Aug/repos_for_docker/obiwan_out/elg_new_ccd_list/logs/015//rs0/log.0151p020
logging to.../global/cscratch1/sd/huikong/obiwan_Aug/repos_for_docker/obiwan_out/elg_new_ccd_list/logs/017//rs0/log.0171m047
logging to.../global/cscratch1/sd/huikong/obiwan_Aug/repos_for_docker/obiwan_out/elg_new_ccd_list/logs/015//rs0/log.0158p000
logging to.../global/cscratch1/sd/huikong/obiwan_Aug/repos_for_docker/obiwan_out/elg_new_ccd_list/logs/016//rs0/log.0169m047
logging to.../global/cscratch1/sd/huikong/obiwan_Aug/repos_for_docker/obiwan_out/elg_new_ccd_list/logs/015//rs0/log.0153p005
logging to.../global/cscratch1/sd/huikong/obiwan_Aug/repos_for_docker/obiwan_out/elg_new_ccd_list/logs/016//rs0/log.0166m047
logging to.../global/cscratch1/sd/huikong/obiwan_Aug/repos_for_docker/obiwan_out/elg_new_ccd_list/logs/016//rs0/log.0163p000
logging to.../global/cscratch1/sd/huikong/obiwan_Aug/repos_for_docker/obiwan_out/elg_new_ccd_list/logs/014//rs0/log.0146m025
logging to.../global/cscratch1/sd/huikong/obiwan_Aug/repos_for_docker/obiwan_out/elg_new_ccd_list/logs/013//rs0/log.0138m012
logging to.../global/cscratch1/sd/huikong/obiwan_Aug/repos_for_docker/obiwan_out/elg_new_ccd_list/logs/014//rs0/log.0143m017
logging to.../global/cscratch1/sd/huikong/obiwan_Aug/repos_for_docker/obiwan_out/elg_new_ccd_list/logs/013//rs0/log.0136p020
logging to.../global/cscratch1/sd/huikong/obiwan_Aug/repos_for_docker/obiwan_out/elg_new_ccd_list/logs/013//rs0/log.0136p017
logging to.../global/cscratch1/sd/huikong/obiwan_Aug/repos_for_docker/obiwan_out/elg_new_ccd_list/logs/014//rs0/log.0148p002
logging to.../global/cscratch1/sd/huikong/obiwan_Aug/repos_for_docker/obiwan_out/elg_new_ccd_list/logs/013//rs0/log.0138m017
logging to.../global/cscratch1/sd/huikong/obiwan_Aug/repos_for_docker/obiwan_out/elg_new_ccd_list/logs/010//rs0/log.0106p000
logging to.../global/cscratch1/sd/huikong/obiwan_Aug/repos_for_docker/obiwan_out/elg_new_ccd_list/logs/022//rs0/log.0221p002
logging to.../global/cscratch1/sd/huikong/obiwan_Aug/repos_for_docker/obiwan_out/elg_new_ccd_list/logs/021//rs0/log.0218p015
logging to.../global/cscratch1/sd/huikong/obiwan_Aug/repos_for_docker/obiwan_out/elg_new_ccd_list/logs/021//rs0/log.0213p000
logging to.../global/cscratch1/sd/huikong/obiwan_Aug/repos_for_docker/obiwan_out/elg_new_ccd_list/logs/021//rs0/log.0211p002
logging to.../global/cscratch1/sd/huikong/obiwan_Aug/repos_for_docker/obiwan_out/elg_new_ccd_list/logs/021//rs0/log.0216p015
logging to.../global/cscratch1/sd/huikong/obiwan_Aug/repos_for_docker/obiwan_out/elg_new_ccd_list/logs/021//rs0/log.0213p002
logging to.../global/cscratch1/sd/huikong/obiwan_Aug/repos_for_docker/obiwan_out/elg_new_ccd_list/logs/021//rs0/log.0213m007
logging to.../global/cscratch1/sd/huikong/obiwan_Aug/repos_for_docker/obiwan_out/elg_new_ccd_list/logs/021//rs0/log.0218p007
logging to.../global/cscratch1/sd/huikong/obiwan_Aug/repos_for_docker/obiwan_out/elg_new_ccd_list/logs/022//rs0/log.0221p000
logging to.../global/cscratch1/sd/huikong/obiwan_Aug/repos_for_docker/obiwan_out/elg_new_ccd_list/logs/021//rs0/log.0216p017
logging to.../global/cscratch1/sd/huikong/obiwan_Aug/repos_for_docker/obiwan_out/elg_new_ccd_list/logs/021//rs0/log.0213m010
logging to.../global/cscratch1/sd/huikong/obiwan_Aug/repos_for_docker/obiwan_out/elg_new_ccd_list/logs/022//rs0/log.0223p007
logging to.../global/cscratch1/sd/huikong/obiwan_Aug/repos_for_docker/obiwan_out/elg_new_ccd_list/logs/022//rs0/log.0226p000
logging to.../global/cscratch1/sd/huikong/obiwan_Aug/repos_for_docker/obiwan_out/elg_new_ccd_list/logs/022//rs0/log.0221p015
logging to.../global/cscratch1/sd/huikong/obiwan_Aug/repos_for_docker/obiwan_out/elg_new_ccd_list/logs/021//rs0/log.0213p005
logging to.../global/cscratch1/sd/huikong/obiwan_Aug/repos_for_docker/obiwan_out/elg_new_ccd_list/logs/021//rs0/log.0216p005
logging to.../global/cscratch1/sd/huikong/obiwan_Aug/repos_for_docker/obiwan_out/elg_new_ccd_list/logs/325//rs0/log.3251p007
logging to.../global/cscratch1/sd/huikong/obiwan_Aug/repos_for_docker/obiwan_out/elg_new_ccd_list/logs/325//rs0/log.3251p000
logging to.../global/cscratch1/sd/huikong/obiwan_Aug/repos_for_docker/obiwan_out/elg_new_ccd_list/logs/324//rs0/log.3248p000
logging to.../global/cscratch1/sd/huikong/obiwan_Aug/repos_for_docker/obiwan_out/elg_new_ccd_list/logs/324//rs0/log.3246m002
logging to.../global/cscratch1/sd/huikong/obiwan_Aug/repos_for_docker/obiwan_out/elg_new_ccd_list/logs/324//rs0/log.3246p007
logging to.../global/cscratch1/sd/huikong/obiwan_Aug/repos_for_docker/obiwan_out/elg_new_ccd_list/logs/325//rs0/log.3251m002
logging to.../global/cscratch1/sd/huikong/obiwan_Aug/repos_for_docker/obiwan_out/elg_new_ccd_list/logs/324//rs0/log.3246p000
logging to.../global/cscratch1/sd/huikong/obiwan_Aug/repos_for_docker/obiwan_out/elg_new_ccd_list/logs/324//rs0/log.3248m002
logging to.../global/cscratch1/sd/huikong/obiwan_Aug/repos_for_docker/obiwan_out/elg_new_ccd_list/logs/324//rs0/log.3248p007
logging to.../global/cscratch1/sd/huikong/obiwan_Aug/repos_for_docker/obiwan_out/elg_new_ccd_list/logs/324//rs0/log.3248p005
logging to.../global/cscratch1/sd/huikong/obiwan_Aug/repos_for_docker/obiwan_out/elg_new_ccd_list/logs/324//rs0/log.3248p010
logging to.../global/cscratch1/sd/huikong/obiwan_Aug/repos_for_docker/obiwan_out/elg_new_ccd_list/logs/325//rs0/log.3251p002
logging to.../global/cscratch1/sd/huikong/obiwan_Aug/repos_for_docker/obiwan_out/elg_new_ccd_list/logs/325//rs0/log.3251p005
logging to.../global/cscratch1/sd/huikong/obiwan_Aug/repos_for_docker/obiwan_out/elg_new_ccd_list/logs/009//rs0/log.0096m025
logging to.../global/cscratch1/sd/huikong/obiwan_Aug/repos_for_docker/obiwan_out/elg_new_ccd_list/logs/007//rs0/log.0073m022
logging to.../global/cscratch1/sd/huikong/obiwan_Aug/repos_for_docker/obiwan_out/elg_new_ccd_list/logs/005//rs0/log.0058p002
logging to.../global/cscratch1/sd/huikong/obiwan_Aug/repos_for_docker/obiwan_out/elg_new_ccd_list/logs/008//rs0/log.0088m020
logging to.../global/cscratch1/sd/huikong/obiwan_Aug/repos_for_docker/obiwan_out/elg_new_ccd_list/logs/009//rs0/log.0091p000
logging to.../global/cscratch1/sd/huikong/obiwan_Aug/repos_for_docker/obiwan_out/elg_new_ccd_list/logs/008//rs0/log.0086m020
logging to.../global/cscratch1/sd/huikong/obiwan_Aug/repos_for_docker/obiwan_out/elg_new_ccd_list/logs/007//rs0/log.0076m022
logging to.../global/cscratch1/sd/huikong/obiwan_Aug/repos_for_docker/obiwan_out/elg_new_ccd_list/logs/008//rs0/log.0083p022
logging to.../global/cscratch1/sd/huikong/obiwan_Aug/repos_for_docker/obiwan_out/elg_new_ccd_list/logs/007//rs0/log.0076m002
logging to.../global/cscratch1/sd/huikong/obiwan_Aug/repos_for_docker/obiwan_out/elg_new_ccd_list/logs/007//rs0/log.0078m022
logging to.../global/cscratch1/sd/huikong/obiwan_Aug/repos_for_docker/obiwan_out/elg_new_ccd_list/logs/009//rs0/log.0091p002
logging to.../global/cscratch1/sd/huikong/obiwan_Aug/repos_for_docker/obiwan_out/elg_new_ccd_list/logs/007//rs0/log.0076m005
logging to.../global/cscratch1/sd/huikong/obiwan_Aug/repos_for_docker/obiwan_out/elg_new_ccd_list/logs/008//rs0/log.0083m020
logging to.../global/cscratch1/sd/huikong/obiwan_Aug/repos_for_docker/obiwan_out/elg_new_ccd_list/logs/005//rs0/log.0053p000
logging to.../global/cscratch1/sd/huikong/obiwan_Aug/repos_for_docker/obiwan_out/elg_new_ccd_list/logs/005//rs0/log.0053p002
logging to.../global/cscratch1/sd/huikong/obiwan_Aug/repos_for_docker/obiwan_out/elg_new_ccd_list/logs/005//rs0/log.0053m010
logging to.../global/cscratch1/sd/huikong/obiwan_Aug/repos_for_docker/obiwan_out/elg_new_ccd_list/logs/020//rs0/log.0208p002
logging to.../global/cscratch1/sd/huikong/obiwan_Aug/repos_for_docker/obiwan_out/elg_new_ccd_list/logs/020//rs0/log.0206p000
logging to.../global/cscratch1/sd/huikong/obiwan_Aug/repos_for_docker/obiwan_out/elg_new_ccd_list/logs/020//rs0/log.0208m002
logging to.../global/cscratch1/sd/huikong/obiwan_Aug/repos_for_docker/obiwan_out/elg_new_ccd_list/logs/020//rs0/log.0208p000
logging to.../global/cscratch1/sd/huikong/obiwan_Aug/repos_for_docker/obiwan_out/elg_new_ccd_list/logs/021//rs0/log.0211p000
logging to.../global/cscratch1/sd/huikong/obiwan_Aug/repos_for_docker/obiwan_out/elg_new_ccd_list/logs/021//rs0/log.0211m007
logging to.../global/cscratch1/sd/huikong/obiwan_Aug/repos_for_docker/obiwan_out/elg_new_ccd_list/logs/021//rs0/log.0211m005
logging to.../global/cscratch1/sd/huikong/obiwan_Aug/repos_for_docker/obiwan_out/elg_new_ccd_list/logs/021//rs0/log.0211m002
logging to.../global/cscratch1/sd/huikong/obiwan_Aug/repos_for_docker/obiwan_out/elg_new_ccd_list/logs/020//rs0/log.0201p022
logging to.../global/cscratch1/sd/huikong/obiwan_Aug/repos_for_docker/obiwan_out/elg_new_ccd_list/logs/020//rs0/log.0201p020
logging to.../global/cscratch1/sd/huikong/obiwan_Aug/repos_for_docker/obiwan_out/elg_new_ccd_list/logs/020//rs0/log.0201p015
logging to.../global/cscratch1/sd/huikong/obiwan_Aug/repos_for_docker/obiwan_out/elg_new_ccd_list/logs/020//rs0/log.0201m035
logging to.../global/cscratch1/sd/huikong/obiwan_Aug/repos_for_docker/obiwan_out/elg_new_ccd_list/logs/020//rs0/log.0206m002
logging to.../global/cscratch1/sd/huikong/obiwan_Aug/repos_for_docker/obiwan_out/elg_new_ccd_list/logs/020//rs0/log.0201p012
logging to.../global/cscratch1/sd/huikong/obiwan_Aug/repos_for_docker/obiwan_out/elg_new_ccd_list/logs/020//rs0/log.0201p017
logging to.../global/cscratch1/sd/huikong/obiwan_Aug/repos_for_docker/obiwan_out/elg_new_ccd_list/logs/021//rs0/log.0211m010
logging to.../global/cscratch1/sd/huikong/obiwan_Aug/repos_for_docker/obiwan_out/elg_new_ccd_list/logs/041//rs0/log.0416p037
logging to.../global/cscratch1/sd/huikong/obiwan_Aug/repos_for_docker/obiwan_out/elg_new_ccd_list/logs/031//rs0/log.0316p035
logging to.../global/cscratch1/sd/huikong/obiwan_Aug/repos_for_docker/obiwan_out/elg_new_ccd_list/logs/032//rs0/log.0321p035
logging to.../global/cscratch1/sd/huikong/obiwan_Aug/repos_for_docker/obiwan_out/elg_new_ccd_list/logs/034//rs0/log.0348p027
logging to.../global/cscratch1/sd/huikong/obiwan_Aug/repos_for_docker/obiwan_out/elg_new_ccd_list/logs/029//rs0/log.0291m010
logging to.../global/cscratch1/sd/huikong/obiwan_Aug/repos_for_docker/obiwan_out/elg_new_ccd_list/logs/029//rs0/log.0293p012
logging to.../global/cscratch1/sd/huikong/obiwan_Aug/repos_for_docker/obiwan_out/elg_new_ccd_list/logs/029//rs0/log.0291m012
logging to.../global/cscratch1/sd/huikong/obiwan_Aug/repos_for_docker/obiwan_out/elg_new_ccd_list/logs/029//rs0/log.0296m010
logging to.../global/cscratch1/sd/huikong/obiwan_Aug/repos_for_docker/obiwan_out/elg_new_ccd_list/logs/030//rs0/log.0306p037
logging to.../global/cscratch1/sd/huikong/obiwan_Aug/repos_for_docker/obiwan_out/elg_new_ccd_list/logs/041//rs0/log.0411p012
logging to.../global/cscratch1/sd/huikong/obiwan_Aug/repos_for_docker/obiwan_out/elg_new_ccd_list/logs/028//rs0/log.0283p012
logging to.../global/cscratch1/sd/huikong/obiwan_Aug/repos_for_docker/obiwan_out/elg_new_ccd_list/logs/032//rs0/log.0324m035
logging to.../global/cscratch1/sd/huikong/obiwan_Aug/repos_for_docker/obiwan_out/elg_new_ccd_list/logs/032//rs0/log.0324m032
logging to.../global/cscratch1/sd/huikong/obiwan_Aug/repos_for_docker/obiwan_out/elg_new_ccd_list/logs/028//rs0/log.0288m012
logging to.../global/cscratch1/sd/huikong/obiwan_Aug/repos_for_docker/obiwan_out/elg_new_ccd_list/logs/039//rs0/log.0396m035
logging to.../global/cscratch1/sd/huikong/obiwan_Aug/repos_for_docker/obiwan_out/elg_new_ccd_list/logs/034//rs0/log.0346p027
logging to.../global/cscratch1/sd/huikong/obiwan_Aug/repos_for_docker/obiwan_out/elg_new_ccd_list/logs/027//rs0/log.0278p020
logging to.../global/cscratch1/sd/huikong/obiwan_Aug/repos_for_docker/obiwan_out/elg_new_ccd_list/logs/022//rs0/log.0228p005
logging to.../global/cscratch1/sd/huikong/obiwan_Aug/repos_for_docker/obiwan_out/elg_new_ccd_list/logs/022//rs0/log.0228p000
logging to.../global/cscratch1/sd/huikong/obiwan_Aug/repos_for_docker/obiwan_out/elg_new_ccd_list/logs/023//rs0/log.0233p005
logging to.../global/cscratch1/sd/huikong/obiwan_Aug/repos_for_docker/obiwan_out/elg_new_ccd_list/logs/022//rs0/log.0226p002
logging to.../global/cscratch1/sd/huikong/obiwan_Aug/repos_for_docker/obiwan_out/elg_new_ccd_list/logs/028//rs0/log.0281p012
logging to.../global/cscratch1/sd/huikong/obiwan_Aug/repos_for_docker/obiwan_out/elg_new_ccd_list/logs/023//rs0/log.0236p007
logging to.../global/cscratch1/sd/huikong/obiwan_Aug/repos_for_docker/obiwan_out/elg_new_ccd_list/logs/028//rs0/log.0281m012
logging to.../global/cscratch1/sd/huikong/obiwan_Aug/repos_for_docker/obiwan_out/elg_new_ccd_list/logs/028//rs0/log.0283m015
logging to.../global/cscratch1/sd/huikong/obiwan_Aug/repos_for_docker/obiwan_out/elg_new_ccd_list/logs/028//rs0/log.0281m015
logging to.../global/cscratch1/sd/huikong/obiwan_Aug/repos_for_docker/obiwan_out/elg_new_ccd_list/logs/026//rs0/log.0261m012
logging to.../global/cscratch1/sd/huikong/obiwan_Aug/repos_for_docker/obiwan_out/elg_new_ccd_list/logs/023//rs0/log.0236p005
logging to.../global/cscratch1/sd/huikong/obiwan_Aug/repos_for_docker/obiwan_out/elg_new_ccd_list/logs/022//rs0/log.0226p005
logging to.../global/cscratch1/sd/huikong/obiwan_Aug/repos_for_docker/obiwan_out/elg_new_ccd_list/logs/023//rs0/log.0231p007
logging to.../global/cscratch1/sd/huikong/obiwan_Aug/repos_for_docker/obiwan_out/elg_new_ccd_list/logs/023//rs0/log.0231p005
logging to.../global/cscratch1/sd/huikong/obiwan_Aug/repos_for_docker/obiwan_out/elg_new_ccd_list/logs/025//rs0/log.0251m012
logging to.../global/cscratch1/sd/huikong/obiwan_Aug/repos_for_docker/obiwan_out/elg_new_ccd_list/logs/016//rs0/log.0161m047
logging to.../global/cscratch1/sd/huikong/obiwan_Aug/repos_for_docker/obiwan_out/elg_new_ccd_list/logs/019//rs0/log.0198p022
logging to.../global/cscratch1/sd/huikong/obiwan_Aug/repos_for_docker/obiwan_out/elg_new_ccd_list/logs/017//rs0/log.0176m012
logging to.../global/cscratch1/sd/huikong/obiwan_Aug/repos_for_docker/obiwan_out/elg_new_ccd_list/logs/324//rs0/log.3248p007
logging to.../global/cscratch1/sd/huikong/obiwan_Aug/repos_for_docker/obiwan_out/elg_new_ccd_list/logs/324//rs0/log.3248p010
logging to.../global/cscratch1/sd/huikong/obiwan_Aug/repos_for_docker/obiwan_out/elg_new_ccd_list/logs/034//rs0/log.0348p027
logging to.../global/cscratch1/sd/huikong/obiwan_Aug/repos_for_docker/obiwan_out/elg_new_ccd_list/logs/021//rs0/log.0213m010
logging to.../global/cscratch1/sd/huikong/obiwan_Aug/repos_for_docker/obiwan_out/elg_new_ccd_list/logs/015//rs0/log.0151p002
logging to.../global/cscratch1/sd/huikong/obiwan_Aug/repos_for_docker/obiwan_out/elg_new_ccd_list/logs/015//rs0/log.0153p005
logging to.../global/cscratch1/sd/huikong/obiwan_Aug/repos_for_docker/obiwan_out/elg_new_ccd_list/logs/039//rs0/log.0396m035
logging to.../global/cscratch1/sd/huikong/obiwan_Aug/repos_for_docker/obiwan_out/elg_new_ccd_list/logs/032//rs0/log.0324m032
logging to.../global/cscratch1/sd/huikong/obiwan_Aug/repos_for_docker/obiwan_out/elg_new_ccd_list/logs/021//rs0/log.0213m007
logging to.../global/cscratch1/sd/huikong/obiwan_Aug/repos_for_docker/obiwan_out/elg_new_ccd_list/logs/014//rs0/log.0141m017
logging to.../global/cscratch1/sd/huikong/obiwan_Aug/repos_for_docker/obiwan_out/elg_new_ccd_list/logs/012//rs0/log.0121p017
logging to.../global/cscratch1/sd/huikong/obiwan_Aug/repos_for_docker/obiwan_out/elg_new_ccd_list/logs/325//rs0/log.3251p002
logging to.../global/cscratch1/sd/huikong/obiwan_Aug/repos_for_docker/obiwan_out/elg_new_ccd_list/logs/020//rs0/log.0201p012
logging to.../global/cscratch1/sd/huikong/obiwan_Aug/repos_for_docker/obiwan_out/elg_new_ccd_list/logs/032//rs0/log.0321p035
logging to.../global/cscratch1/sd/huikong/obiwan_Aug/repos_for_docker/obiwan_out/elg_new_ccd_list/logs/020//rs0/log.0201p017
logging to.../global/cscratch1/sd/huikong/obiwan_Aug/repos_for_docker/obiwan_out/elg_new_ccd_list/logs/325//rs0/log.3251m002
logging to.../global/cscratch1/sd/huikong/obiwan_Aug/repos_for_docker/obiwan_out/elg_new_ccd_list/logs/015//rs0/log.0151p005
logging to.../global/cscratch1/sd/huikong/obiwan_Aug/repos_for_docker/obiwan_out/elg_new_ccd_list/logs/015//rs0/log.0151p020
logging to.../global/cscratch1/sd/huikong/obiwan_Aug/repos_for_docker/obiwan_out/elg_new_ccd_list/logs/325//rs0/log.3251p005
logging to.../global/cscratch1/sd/huikong/obiwan_Aug/repos_for_docker/obiwan_out/elg_new_ccd_list/logs/325//rs0/log.3251p007
logging to.../global/cscratch1/sd/huikong/obiwan_Aug/repos_for_docker/obiwan_out/elg_new_ccd_list/logs/015//rs0/log.0154m045
logging to.../global/cscratch1/sd/huikong/obiwan_Aug/repos_for_docker/obiwan_out/elg_new_ccd_list/logs/015//rs0/log.0153p020
logging to.../global/cscratch1/sd/huikong/obiwan_Aug/repos_for_docker/obiwan_out/elg_new_ccd_list/logs/026//rs0/log.0261m012
logging to.../global/cscratch1/sd/huikong/obiwan_Aug/repos_for_docker/obiwan_out/elg_new_ccd_list/logs/325//rs0/log.3251p000
logging to.../global/cscratch1/sd/huikong/obiwan_Aug/repos_for_docker/obiwan_out/elg_new_ccd_list/logs/020//rs0/log.0201p022
logging to.../global/cscratch1/sd/huikong/obiwan_Aug/repos_for_docker/obiwan_out/elg_new_ccd_list/logs/041//rs0/log.0416p037
logging to.../global/cscratch1/sd/huikong/obiwan_Aug/repos_for_docker/obiwan_out/elg_new_ccd_list/logs/022//rs0/log.0228p000
logging to.../global/cscratch1/sd/huikong/obiwan_Aug/repos_for_docker/obiwan_out/elg_new_ccd_list/logs/017//rs0/log.0179m047
logging to.../global/cscratch1/sd/huikong/obiwan_Aug/repos_for_docker/obiwan_out/elg_new_ccd_list/logs/014//rs0/log.0148p005
logging to.../global/cscratch1/sd/huikong/obiwan_Aug/repos_for_docker/obiwan_out/elg_new_ccd_list/logs/017//rs0/log.0176m042
logging to.../global/cscratch1/sd/huikong/obiwan_Aug/repos_for_docker/obiwan_out/elg_new_ccd_list/logs/023//rs0/log.0236p007
logging to.../global/cscratch1/sd/huikong/obiwan_Aug/repos_for_docker/obiwan_out/elg_new_ccd_list/logs/021//rs0/log.0213p002
logging to.../global/cscratch1/sd/huikong/obiwan_Aug/repos_for_docker/obiwan_out/elg_new_ccd_list/logs/015//rs0/log.0151p007
logging to.../global/cscratch1/sd/huikong/obiwan_Aug/repos_for_docker/obiwan_out/elg_new_ccd_list/logs/019//rs0/log.0196p015
logging to.../global/cscratch1/sd/huikong/obiwan_Aug/repos_for_docker/obiwan_out/elg_new_ccd_list/logs/019//rs0/log.0193m012
logging to.../global/cscratch1/sd/huikong/obiwan_Aug/repos_for_docker/obiwan_out/elg_new_ccd_list/logs/010//rs0/log.0106p000
logging to.../global/cscratch1/sd/huikong/obiwan_Aug/repos_for_docker/obiwan_out/elg_new_ccd_list/logs/021//rs0/log.0211p002
logging to.../global/cscratch1/sd/huikong/obiwan_Aug/repos_for_docker/obiwan_out/elg_new_ccd_list/logs/014//rs0/log.0143m017
logging to.../global/cscratch1/sd/huikong/obiwan_Aug/repos_for_docker/obiwan_out/elg_new_ccd_list/logs/020//rs0/log.0201p020
logging to.../global/cscratch1/sd/huikong/obiwan_Aug/repos_for_docker/obiwan_out/elg_new_ccd_list/logs/010//rs0/log.0104m045
logging to.../global/cscratch1/sd/huikong/obiwan_Aug/repos_for_docker/obiwan_out/elg_new_ccd_list/logs/013//rs0/log.0136p017
logging to.../global/cscratch1/sd/huikong/obiwan_Aug/repos_for_docker/obiwan_out/elg_new_ccd_list/logs/021//rs0/log.0213p005
logging to.../global/cscratch1/sd/huikong/obiwan_Aug/repos_for_docker/obiwan_out/elg_new_ccd_list/logs/021//rs0/log.0213p000
logging to.../global/cscratch1/sd/huikong/obiwan_Aug/repos_for_docker/obiwan_out/elg_new_ccd_list/logs/021//rs0/log.0211m002
logging to.../global/cscratch1/sd/huikong/obiwan_Aug/repos_for_docker/obiwan_out/elg_new_ccd_list/logs/013//rs0/log.0136p020
logging to.../global/cscratch1/sd/huikong/obiwan_Aug/repos_for_docker/obiwan_out/elg_new_ccd_list/logs/015//rs0/log.0153p002
logging to.../global/cscratch1/sd/huikong/obiwan_Aug/repos_for_docker/obiwan_out/elg_new_ccd_list/logs/022//rs0/log.0226p005
logging to.../global/cscratch1/sd/huikong/obiwan_Aug/repos_for_docker/obiwan_out/elg_new_ccd_list/logs/018//rs0/log.0181m045
logging to.../global/cscratch1/sd/huikong/obiwan_Aug/repos_for_docker/obiwan_out/elg_new_ccd_list/logs/015//rs0/log.0151m017
logging to.../global/cscratch1/sd/huikong/obiwan_Aug/repos_for_docker/obiwan_out/elg_new_ccd_list/logs/013//rs0/log.0138m012
logging to.../global/cscratch1/sd/huikong/obiwan_Aug/repos_for_docker/obiwan_out/elg_new_ccd_list/logs/016//rs0/log.0168m042
logging to.../global/cscratch1/sd/huikong/obiwan_Aug/repos_for_docker/obiwan_out/elg_new_ccd_list/logs/015//rs0/log.0156m045
logging to.../global/cscratch1/sd/huikong/obiwan_Aug/repos_for_docker/obiwan_out/elg_new_ccd_list/logs/018//rs0/log.0181m042
logging to.../global/cscratch1/sd/huikong/obiwan_Aug/repos_for_docker/obiwan_out/elg_new_ccd_list/logs/015//rs0/log.0151m045
logging to.../global/cscratch1/sd/huikong/obiwan_Aug/repos_for_docker/obiwan_out/elg_new_ccd_list/logs/020//rs0/log.0201p015
logging to.../global/cscratch1/sd/huikong/obiwan_Aug/repos_for_docker/obiwan_out/elg_new_ccd_list/logs/020//rs0/log.0206m002
logging to.../global/cscratch1/sd/huikong/obiwan_Aug/repos_for_docker/obiwan_out/elg_new_ccd_list/logs/021//rs0/log.0211m005
logging to.../global/cscratch1/sd/huikong/obiwan_Aug/repos_for_docker/obiwan_out/elg_new_ccd_list/logs/023//rs0/log.0231p005
logging to.../global/cscratch1/sd/huikong/obiwan_Aug/repos_for_docker/obiwan_out/elg_new_ccd_list/logs/023//rs0/log.0236p005
logging to.../global/cscratch1/sd/huikong/obiwan_Aug/repos_for_docker/obiwan_out/elg_new_ccd_list/logs/015//rs0/log.0153m007
logging to.../global/cscratch1/sd/huikong/obiwan_Aug/repos_for_docker/obiwan_out/elg_new_ccd_list/logs/025//rs0/log.0251m012
logging to.../global/cscratch1/sd/huikong/obiwan_Aug/repos_for_docker/obiwan_out/elg_new_ccd_list/logs/021//rs0/log.0218p015
logging to.../global/cscratch1/sd/huikong/obiwan_Aug/repos_for_docker/obiwan_out/elg_new_ccd_list/logs/019//rs0/log.0198p012
logging to.../global/cscratch1/sd/huikong/obiwan_Aug/repos_for_docker/obiwan_out/elg_new_ccd_list/logs/015//rs0/log.0156m007
logging to.../global/cscratch1/sd/huikong/obiwan_Aug/repos_for_docker/obiwan_out/elg_new_ccd_list/logs/013//rs0/log.0138m017
logging to.../global/cscratch1/sd/huikong/obiwan_Aug/repos_for_docker/obiwan_out/elg_new_ccd_list/logs/018//rs0/log.0188p002
logging to.../global/cscratch1/sd/huikong/obiwan_Aug/repos_for_docker/obiwan_out/elg_new_ccd_list/logs/015//rs0/log.0159m047
logging to.../global/cscratch1/sd/huikong/obiwan_Aug/repos_for_docker/obiwan_out/elg_new_ccd_list/logs/028//rs0/log.0281m015
logging to.../global/cscratch1/sd/huikong/obiwan_Aug/repos_for_docker/obiwan_out/elg_new_ccd_list/logs/031//rs0/log.0316p035
logging to.../global/cscratch1/sd/huikong/obiwan_Aug/repos_for_docker/obiwan_out/elg_new_ccd_list/logs/019//rs0/log.0196p020
logging to.../global/cscratch1/sd/huikong/obiwan_Aug/repos_for_docker/obiwan_out/elg_new_ccd_list/logs/020//rs0/log.0201m035
logging to.../global/cscratch1/sd/huikong/obiwan_Aug/repos_for_docker/obiwan_out/elg_new_ccd_list/logs/324//rs0/log.3246p000
logging to.../global/cscratch1/sd/huikong/obiwan_Aug/repos_for_docker/obiwan_out/elg_new_ccd_list/logs/017//rs0/log.0176m040
logging to.../global/cscratch1/sd/huikong/obiwan_Aug/repos_for_docker/obiwan_out/elg_new_ccd_list/logs/015//rs0/log.0151m010
logging to.../global/cscratch1/sd/huikong/obiwan_Aug/repos_for_docker/obiwan_out/elg_new_ccd_list/logs/016//rs0/log.0161m007
logging to.../global/cscratch1/sd/huikong/obiwan_Aug/repos_for_docker/obiwan_out/elg_new_ccd_list/logs/022//rs0/log.0226p002
logging to.../global/cscratch1/sd/huikong/obiwan_Aug/repos_for_docker/obiwan_out/elg_new_ccd_list/logs/016//rs0/log.0168p000
logging to.../global/cscratch1/sd/huikong/obiwan_Aug/repos_for_docker/obiwan_out/elg_new_ccd_list/logs/028//rs0/log.0281p012
logging to.../global/cscratch1/sd/huikong/obiwan_Aug/repos_for_docker/obiwan_out/elg_new_ccd_list/logs/029//rs0/log.0296m010
logging to.../global/cscratch1/sd/huikong/obiwan_Aug/repos_for_docker/obiwan_out/elg_new_ccd_list/logs/017//rs0/log.0171m047
logging to.../global/cscratch1/sd/huikong/obiwan_Aug/repos_for_docker/obiwan_out/elg_new_ccd_list/logs/021//rs0/log.0211p000
logging to.../global/cscratch1/sd/huikong/obiwan_Aug/repos_for_docker/obiwan_out/elg_new_ccd_list/logs/022//rs0/log.0223p007
logging to.../global/cscratch1/sd/huikong/obiwan_Aug/repos_for_docker/obiwan_out/elg_new_ccd_list/logs/014//rs0/log.0146m025
logging to.../global/cscratch1/sd/huikong/obiwan_Aug/repos_for_docker/obiwan_out/elg_new_ccd_list/logs/017//rs0/log.0179m045
logging to.../global/cscratch1/sd/huikong/obiwan_Aug/repos_for_docker/obiwan_out/elg_new_ccd_list/logs/324//rs0/log.3248m002
logging to.../global/cscratch1/sd/huikong/obiwan_Aug/repos_for_docker/obiwan_out/elg_new_ccd_list/logs/015//rs0/log.0156p005
logging to.../global/cscratch1/sd/huikong/obiwan_Aug/repos_for_docker/obiwan_out/elg_new_ccd_list/logs/018//rs0/log.0186m045
logging to.../global/cscratch1/sd/huikong/obiwan_Aug/repos_for_docker/obiwan_out/elg_new_ccd_list/logs/020//rs0/log.0206p000
logging to.../global/cscratch1/sd/huikong/obiwan_Aug/repos_for_docker/obiwan_out/elg_new_ccd_list/logs/019//rs0/log.0191m045
logging to.../global/cscratch1/sd/huikong/obiwan_Aug/repos_for_docker/obiwan_out/elg_new_ccd_list/logs/019//rs0/log.0196p012
logging to.../global/cscratch1/sd/huikong/obiwan_Aug/repos_for_docker/obiwan_out/elg_new_ccd_list/logs/016//rs0/log.0169m047
logging to.../global/cscratch1/sd/huikong/obiwan_Aug/repos_for_docker/obiwan_out/elg_new_ccd_list/logs/022//rs0/log.0228p005
logging to.../global/cscratch1/sd/huikong/obiwan_Aug/repos_for_docker/obiwan_out/elg_new_ccd_list/logs/028//rs0/log.0283p012
logging to.../global/cscratch1/sd/huikong/obiwan_Aug/repos_for_docker/obiwan_out/elg_new_ccd_list/logs/014//rs0/log.0148p002
logging to.../global/cscratch1/sd/huikong/obiwan_Aug/repos_for_docker/obiwan_out/elg_new_ccd_list/logs/019//rs0/log.0193m010
logging to.../global/cscratch1/sd/huikong/obiwan_Aug/repos_for_docker/obiwan_out/elg_new_ccd_list/logs/021//rs0/log.0211m010
logging to.../global/cscratch1/sd/huikong/obiwan_Aug/repos_for_docker/obiwan_out/elg_new_ccd_list/logs/019//rs0/log.0196p022
logging to.../global/cscratch1/sd/huikong/obiwan_Aug/repos_for_docker/obiwan_out/elg_new_ccd_list/logs/020//rs0/log.0208p002
logging to.../global/cscratch1/sd/huikong/obiwan_Aug/repos_for_docker/obiwan_out/elg_new_ccd_list/logs/021//rs0/log.0211m007
logging to.../global/cscratch1/sd/huikong/obiwan_Aug/repos_for_docker/obiwan_out/elg_new_ccd_list/logs/020//rs0/log.0208m002
logging to.../global/cscratch1/sd/huikong/obiwan_Aug/repos_for_docker/obiwan_out/elg_new_ccd_list/logs/019//rs0/log.0196m015
logging to.../global/cscratch1/sd/huikong/obiwan_Aug/repos_for_docker/obiwan_out/elg_new_ccd_list/logs/019//rs0/log.0198p017
logging to.../global/cscratch1/sd/huikong/obiwan_Aug/repos_for_docker/obiwan_out/elg_new_ccd_list/logs/019//rs0/log.0198p015
logging to.../global/cscratch1/sd/huikong/obiwan_Aug/repos_for_docker/obiwan_out/elg_new_ccd_list/logs/017//rs0/log.0176m045
logging to.../global/cscratch1/sd/huikong/obiwan_Aug/repos_for_docker/obiwan_out/elg_new_ccd_list/logs/022//rs0/log.0221p015
logging to.../global/cscratch1/sd/huikong/obiwan_Aug/repos_for_docker/obiwan_out/elg_new_ccd_list/logs/023//rs0/log.0231p007
logging to.../global/cscratch1/sd/huikong/obiwan_Aug/repos_for_docker/obiwan_out/elg_new_ccd_list/logs/020//rs0/log.0208p000
logging to.../global/cscratch1/sd/huikong/obiwan_Aug/repos_for_docker/obiwan_out/elg_new_ccd_list/logs/022//rs0/log.0226p000
logging to.../global/cscratch1/sd/huikong/obiwan_Aug/repos_for_docker/obiwan_out/elg_new_ccd_list/logs/023//rs0/log.0233p005
logging to.../global/cscratch1/sd/huikong/obiwan_Aug/repos_for_docker/obiwan_out/elg_new_ccd_list/logs/016//rs0/log.0166m047
logging to.../global/cscratch1/sd/huikong/obiwan_Aug/repos_for_docker/obiwan_out/elg_new_ccd_list/logs/028//rs0/log.0281m012
logging to.../global/cscratch1/sd/huikong/obiwan_Aug/repos_for_docker/obiwan_out/elg_new_ccd_list/logs/030//rs0/log.0306p037
logging to.../global/cscratch1/sd/huikong/obiwan_Aug/repos_for_docker/obiwan_out/elg_new_ccd_list/logs/029//rs0/log.0293p012
logging to.../global/cscratch1/sd/huikong/obiwan_Aug/repos_for_docker/obiwan_out/elg_new_ccd_list/logs/324//rs0/log.3246p007
logging to.../global/cscratch1/sd/huikong/obiwan_Aug/repos_for_docker/obiwan_out/elg_new_ccd_list/logs/019//rs0/log.0196m042
logging to.../global/cscratch1/sd/huikong/obiwan_Aug/repos_for_docker/obiwan_out/elg_new_ccd_list/logs/019//rs0/log.0198p020
logging to.../global/cscratch1/sd/huikong/obiwan_Aug/repos_for_docker/obiwan_out/elg_new_ccd_list/logs/034//rs0/log.0346p027
logging to.../global/cscratch1/sd/huikong/obiwan_Aug/repos_for_docker/obiwan_out/elg_new_ccd_list/logs/019//rs0/log.0196p017
logging to.../global/cscratch1/sd/huikong/obiwan_Aug/repos_for_docker/obiwan_out/elg_new_ccd_list/logs/016//rs0/log.0163p000
logging to.../global/cscratch1/sd/huikong/obiwan_Aug/repos_for_docker/obiwan_out/elg_new_ccd_list/logs/021//rs0/log.0216p005
logging to.../global/cscratch1/sd/huikong/obiwan_Aug/repos_for_docker/obiwan_out/elg_new_ccd_list/logs/028//rs0/log.0283m015
logging to.../global/cscratch1/sd/huikong/obiwan_Aug/repos_for_docker/obiwan_out/elg_new_ccd_list/logs/021//rs0/log.0216p017
logging to.../global/cscratch1/sd/huikong/obiwan_Aug/repos_for_docker/obiwan_out/elg_new_ccd_list/logs/022//rs0/log.0221p000
logging to.../global/cscratch1/sd/huikong/obiwan_Aug/repos_for_docker/obiwan_out/elg_new_ccd_list/logs/324//rs0/log.3248p005
logging to.../global/cscratch1/sd/huikong/obiwan_Aug/repos_for_docker/obiwan_out/elg_new_ccd_list/logs/015//rs0/log.0158p000
logging to.../global/cscratch1/sd/huikong/obiwan_Aug/repos_for_docker/obiwan_out/elg_new_ccd_list/logs/017//rs0/log.0171m045
logging to.../global/cscratch1/sd/huikong/obiwan_Aug/repos_for_docker/obiwan_out/elg_new_ccd_list/logs/022//rs0/log.0221p002
logging to.../global/cscratch1/sd/huikong/obiwan_Aug/repos_for_docker/obiwan_out/elg_new_ccd_list/logs/028//rs0/log.0288m012
logging to.../global/cscratch1/sd/huikong/obiwan_Aug/repos_for_docker/obiwan_out/elg_new_ccd_list/logs/027//rs0/log.0278p020
logging to.../global/cscratch1/sd/huikong/obiwan_Aug/repos_for_docker/obiwan_out/elg_new_ccd_list/logs/016//rs0/log.0164m047
logging to.../global/cscratch1/sd/huikong/obiwan_Aug/repos_for_docker/obiwan_out/elg_new_ccd_list/logs/029//rs0/log.0291m012
logging to.../global/cscratch1/sd/huikong/obiwan_Aug/repos_for_docker/obiwan_out/elg_new_ccd_list/logs/029//rs0/log.0291m010
logging to.../global/cscratch1/sd/huikong/obiwan_Aug/repos_for_docker/obiwan_out/elg_new_ccd_list/logs/021//rs0/log.0218p007
logging to.../global/cscratch1/sd/huikong/obiwan_Aug/repos_for_docker/obiwan_out/elg_new_ccd_list/logs/032//rs0/log.0324m035
logging to.../global/cscratch1/sd/huikong/obiwan_Aug/repos_for_docker/obiwan_out/elg_new_ccd_list/logs/021//rs0/log.0216p015
slurmstepd: error: Detected 1 oom-kill event(s) in step 16362206.6 cgroup. Some of your processes may have been killed by the cgroup out-of-memory handler.
srun: error: nid00707: task 0: Out Of Memory
srun: Terminating job step 16362206.6
logging to.../global/cscratch1/sd/huikong/obiwan_Aug/repos_for_docker/obiwan_out/elg_new_ccd_list/logs/041//rs0/log.0411p012
logging to.../global/cscratch1/sd/huikong/obiwan_Aug/repos_for_docker/obiwan_out/elg_new_ccd_list/logs/324//rs0/log.3248p000
logging to.../global/cscratch1/sd/huikong/obiwan_Aug/repos_for_docker/obiwan_out/elg_new_ccd_list/logs/324//rs0/log.3246m002
slurmstepd: error: Detected 1 oom-kill event(s) in step 16362206.9 cgroup. Some of your processes may have been killed by the cgroup out-of-memory handler.
srun: error: nid00714: task 0: Out Of Memory
srun: Terminating job step 16362206.9
