logging to.../global/cscratch1/sd/huikong/obiwan_Aug/repos_for_docker/obiwan_out/elg_200per_run/logs/000//more_rs0/log.0001m037
logging to.../global/cscratch1/sd/huikong/obiwan_Aug/repos_for_docker/obiwan_out/elg_200per_run/logs/000//more_rs0/log.0001m015
logging to.../global/cscratch1/sd/huikong/obiwan_Aug/repos_for_docker/obiwan_out/elg_200per_run/logs/000//more_rs0/log.0001m022
logging to.../global/cscratch1/sd/huikong/obiwan_Aug/repos_for_docker/obiwan_out/elg_200per_run/logs/000//more_rs0/log.0001m035
logging to.../global/cscratch1/sd/huikong/obiwan_Aug/repos_for_docker/obiwan_out/elg_200per_run/logs/000//more_rs0/log.0001m040
logging to.../global/cscratch1/sd/huikong/obiwan_Aug/repos_for_docker/obiwan_out/elg_200per_run/logs/000//more_rs0/log.0001m032
logging to.../global/cscratch1/sd/huikong/obiwan_Aug/repos_for_docker/obiwan_out/elg_200per_run/logs/000//more_rs0/log.0001m020
logging to.../global/cscratch1/sd/huikong/obiwan_Aug/repos_for_docker/obiwan_out/elg_200per_run/logs/000//more_rs0/log.0001m030
logging to.../global/cscratch1/sd/huikong/obiwan_Aug/repos_for_docker/obiwan_out/elg_200per_run/logs/000//more_rs0/log.0001m027
logging to.../global/cscratch1/sd/huikong/obiwan_Aug/repos_for_docker/obiwan_out/elg_200per_run/logs/000//more_rs0/log.0001m045
logging to.../global/cscratch1/sd/huikong/obiwan_Aug/repos_for_docker/obiwan_out/elg_200per_run/logs/000//more_rs0/log.0001p012
logging to.../global/cscratch1/sd/huikong/obiwan_Aug/repos_for_docker/obiwan_out/elg_200per_run/logs/000//more_rs0/log.0001m047
logging to.../global/cscratch1/sd/huikong/obiwan_Aug/repos_for_docker/obiwan_out/elg_200per_run/logs/000//more_rs0/log.0001m042
logging to.../global/cscratch1/sd/huikong/obiwan_Aug/repos_for_docker/obiwan_out/elg_200per_run/logs/000//more_rs0/log.0001p015
logging to.../global/cscratch1/sd/huikong/obiwan_Aug/repos_for_docker/obiwan_out/elg_200per_run/logs/000//more_rs0/log.0001p017
logging to.../global/cscratch1/sd/huikong/obiwan_Aug/repos_for_docker/obiwan_out/elg_200per_run/logs/000//more_rs0/log.0001p020
logging to.../global/cscratch1/sd/huikong/obiwan_Aug/repos_for_docker/obiwan_out/elg_200per_run/logs/000//more_rs0/log.0001p025
logging to.../global/cscratch1/sd/huikong/obiwan_Aug/repos_for_docker/obiwan_out/elg_200per_run/logs/000//more_rs0/log.0001p022
logging to.../global/cscratch1/sd/huikong/obiwan_Aug/repos_for_docker/obiwan_out/elg_200per_run/logs/000//more_rs0/log.0001p030
logging to.../global/cscratch1/sd/huikong/obiwan_Aug/repos_for_docker/obiwan_out/elg_200per_run/logs/000//more_rs0/log.0001p027
logging to.../global/cscratch1/sd/huikong/obiwan_Aug/repos_for_docker/obiwan_out/elg_200per_run/logs/000//more_rs0/log.0001p035
logging to.../global/cscratch1/sd/huikong/obiwan_Aug/repos_for_docker/obiwan_out/elg_200per_run/logs/000//more_rs0/log.0001p032
logging to.../global/cscratch1/sd/huikong/obiwan_Aug/repos_for_docker/obiwan_out/elg_200per_run/logs/000//more_rs0/log.0001p037
logging to.../global/cscratch1/sd/huikong/obiwan_Aug/repos_for_docker/obiwan_out/elg_200per_run/logs/000//more_rs0/log.0003m012
logging to.../global/cscratch1/sd/huikong/obiwan_Aug/repos_for_docker/obiwan_out/elg_200per_run/logs/000//more_rs0/log.0003m015
logging to.../global/cscratch1/sd/huikong/obiwan_Aug/repos_for_docker/obiwan_out/elg_200per_run/logs/000//more_rs0/log.0003m017
logging to.../global/cscratch1/sd/huikong/obiwan_Aug/repos_for_docker/obiwan_out/elg_200per_run/logs/000//more_rs0/log.0003m020
logging to.../global/cscratch1/sd/huikong/obiwan_Aug/repos_for_docker/obiwan_out/elg_200per_run/logs/000//more_rs0/log.0006m042
logging to.../global/cscratch1/sd/huikong/obiwan_Aug/repos_for_docker/obiwan_out/elg_200per_run/logs/000//more_rs0/log.0003m025
logging to.../global/cscratch1/sd/huikong/obiwan_Aug/repos_for_docker/obiwan_out/elg_200per_run/logs/000//more_rs0/log.0003p017
logging to.../global/cscratch1/sd/huikong/obiwan_Aug/repos_for_docker/obiwan_out/elg_200per_run/logs/000//more_rs0/log.0003m027
logging to.../global/cscratch1/sd/huikong/obiwan_Aug/repos_for_docker/obiwan_out/elg_200per_run/logs/000//more_rs0/log.0006m045
logging to.../global/cscratch1/sd/huikong/obiwan_Aug/repos_for_docker/obiwan_out/elg_200per_run/logs/000//more_rs0/log.0003m045
logging to.../global/cscratch1/sd/huikong/obiwan_Aug/repos_for_docker/obiwan_out/elg_200per_run/logs/000//more_rs0/log.0003p022
logging to.../global/cscratch1/sd/huikong/obiwan_Aug/repos_for_docker/obiwan_out/elg_200per_run/logs/000//more_rs0/log.0003m047
logging to.../global/cscratch1/sd/huikong/obiwan_Aug/repos_for_docker/obiwan_out/elg_200per_run/logs/000//more_rs0/log.0003p025
logging to.../global/cscratch1/sd/huikong/obiwan_Aug/repos_for_docker/obiwan_out/elg_200per_run/logs/000//more_rs0/log.0003p020
logging to.../global/cscratch1/sd/huikong/obiwan_Aug/repos_for_docker/obiwan_out/elg_200per_run/logs/000//more_rs0/log.0003p027
logging to.../global/cscratch1/sd/huikong/obiwan_Aug/repos_for_docker/obiwan_out/elg_200per_run/logs/000//more_rs0/log.0003p015
logging to.../global/cscratch1/sd/huikong/obiwan_Aug/repos_for_docker/obiwan_out/elg_200per_run/logs/000//more_rs0/log.0003p012
logging to.../global/cscratch1/sd/huikong/obiwan_Aug/repos_for_docker/obiwan_out/elg_200per_run/logs/000//more_rs0/log.0003p040
logging to.../global/cscratch1/sd/huikong/obiwan_Aug/repos_for_docker/obiwan_out/elg_200per_run/logs/000//more_rs0/log.0003m040
logging to.../global/cscratch1/sd/huikong/obiwan_Aug/repos_for_docker/obiwan_out/elg_200per_run/logs/000//more_rs0/log.0003p035
logging to.../global/cscratch1/sd/huikong/obiwan_Aug/repos_for_docker/obiwan_out/elg_200per_run/logs/000//more_rs0/log.0006m020
logging to.../global/cscratch1/sd/huikong/obiwan_Aug/repos_for_docker/obiwan_out/elg_200per_run/logs/000//more_rs0/log.0006m025
logging to.../global/cscratch1/sd/huikong/obiwan_Aug/repos_for_docker/obiwan_out/elg_200per_run/logs/000//more_rs0/log.0006m040
logging to.../global/cscratch1/sd/huikong/obiwan_Aug/repos_for_docker/obiwan_out/elg_200per_run/logs/000//more_rs0/log.0006p012
logging to.../global/cscratch1/sd/huikong/obiwan_Aug/repos_for_docker/obiwan_out/elg_200per_run/logs/000//more_rs0/log.0003m035
logging to.../global/cscratch1/sd/huikong/obiwan_Aug/repos_for_docker/obiwan_out/elg_200per_run/logs/000//more_rs0/log.0006p010
logging to.../global/cscratch1/sd/huikong/obiwan_Aug/repos_for_docker/obiwan_out/elg_200per_run/logs/000//more_rs0/log.0003p037
logging to.../global/cscratch1/sd/huikong/obiwan_Aug/repos_for_docker/obiwan_out/elg_200per_run/logs/000//more_rs0/log.0003p030
logging to.../global/cscratch1/sd/huikong/obiwan_Aug/repos_for_docker/obiwan_out/elg_200per_run/logs/000//more_rs0/log.0006m047
logging to.../global/cscratch1/sd/huikong/obiwan_Aug/repos_for_docker/obiwan_out/elg_200per_run/logs/000//more_rs0/log.0006m035
logging to.../global/cscratch1/sd/huikong/obiwan_Aug/repos_for_docker/obiwan_out/elg_200per_run/logs/000//more_rs0/log.0006m032
logging to.../global/cscratch1/sd/huikong/obiwan_Aug/repos_for_docker/obiwan_out/elg_200per_run/logs/000//more_rs0/log.0003p032
logging to.../global/cscratch1/sd/huikong/obiwan_Aug/repos_for_docker/obiwan_out/elg_200per_run/logs/000//more_rs0/log.0006m030
logging to.../global/cscratch1/sd/huikong/obiwan_Aug/repos_for_docker/obiwan_out/elg_200per_run/logs/000//more_rs0/log.0003m032
logging to.../global/cscratch1/sd/huikong/obiwan_Aug/repos_for_docker/obiwan_out/elg_200per_run/logs/000//more_rs0/log.0006m022
logging to.../global/cscratch1/sd/huikong/obiwan_Aug/repos_for_docker/obiwan_out/elg_200per_run/logs/000//more_rs0/log.0003m030
logging to.../global/cscratch1/sd/huikong/obiwan_Aug/repos_for_docker/obiwan_out/elg_200per_run/logs/000//more_rs0/log.0006p015
logging to.../global/cscratch1/sd/huikong/obiwan_Aug/repos_for_docker/obiwan_out/elg_200per_run/logs/000//more_rs0/log.0006p017
logging to.../global/cscratch1/sd/huikong/obiwan_Aug/repos_for_docker/obiwan_out/elg_200per_run/logs/000//more_rs0/log.0006p020
logging to.../global/cscratch1/sd/huikong/obiwan_Aug/repos_for_docker/obiwan_out/elg_200per_run/logs/000//more_rs0/log.0006p022
logging to.../global/cscratch1/sd/huikong/obiwan_Aug/repos_for_docker/obiwan_out/elg_200per_run/logs/000//more_rs0/log.0006p025
logging to.../global/cscratch1/sd/huikong/obiwan_Aug/repos_for_docker/obiwan_out/elg_200per_run/logs/000//more_rs0/log.0006p027
logging to.../global/cscratch1/sd/huikong/obiwan_Aug/repos_for_docker/obiwan_out/elg_200per_run/logs/000//more_rs0/log.0006p030
logging to.../global/cscratch1/sd/huikong/obiwan_Aug/repos_for_docker/obiwan_out/elg_200per_run/logs/000//more_rs0/log.0006p032
logging to.../global/cscratch1/sd/huikong/obiwan_Aug/repos_for_docker/obiwan_out/elg_200per_run/logs/000//more_rs0/log.0006p040
logging to.../global/cscratch1/sd/huikong/obiwan_Aug/repos_for_docker/obiwan_out/elg_200per_run/logs/000//more_rs0/log.0008m032
logging to.../global/cscratch1/sd/huikong/obiwan_Aug/repos_for_docker/obiwan_out/elg_200per_run/logs/000//more_rs0/log.0006p037
logging to.../global/cscratch1/sd/huikong/obiwan_Aug/repos_for_docker/obiwan_out/elg_200per_run/logs/000//more_rs0/log.0006p045
logging to.../global/cscratch1/sd/huikong/obiwan_Aug/repos_for_docker/obiwan_out/elg_200per_run/logs/000//more_rs0/log.0006p035
logging to.../global/cscratch1/sd/huikong/obiwan_Aug/repos_for_docker/obiwan_out/elg_200per_run/logs/000//more_rs0/log.0006p042
logging to.../global/cscratch1/sd/huikong/obiwan_Aug/repos_for_docker/obiwan_out/elg_200per_run/logs/000//more_rs0/log.0008m027
logging to.../global/cscratch1/sd/huikong/obiwan_Aug/repos_for_docker/obiwan_out/elg_200per_run/logs/000//more_rs0/log.0008m015
logging to.../global/cscratch1/sd/huikong/obiwan_Aug/repos_for_docker/obiwan_out/elg_200per_run/logs/000//more_rs0/log.0008m020
logging to.../global/cscratch1/sd/huikong/obiwan_Aug/repos_for_docker/obiwan_out/elg_200per_run/logs/000//more_rs0/log.0008m030
logging to.../global/cscratch1/sd/huikong/obiwan_Aug/repos_for_docker/obiwan_out/elg_200per_run/logs/000//more_rs0/log.0008m037
logging to.../global/cscratch1/sd/huikong/obiwan_Aug/repos_for_docker/obiwan_out/elg_200per_run/logs/000//more_rs0/log.0008m035
logging to.../global/cscratch1/sd/huikong/obiwan_Aug/repos_for_docker/obiwan_out/elg_200per_run/logs/000//more_rs0/log.0008m040
logging to.../global/cscratch1/sd/huikong/obiwan_Aug/repos_for_docker/obiwan_out/elg_200per_run/logs/000//more_rs0/log.0008m042
logging to.../global/cscratch1/sd/huikong/obiwan_Aug/repos_for_docker/obiwan_out/elg_200per_run/logs/000//more_rs0/log.0008m045
logging to.../global/cscratch1/sd/huikong/obiwan_Aug/repos_for_docker/obiwan_out/elg_200per_run/logs/000//more_rs0/log.0008m047
logging to.../global/cscratch1/sd/huikong/obiwan_Aug/repos_for_docker/obiwan_out/elg_200per_run/logs/000//more_rs0/log.0008p007
logging to.../global/cscratch1/sd/huikong/obiwan_Aug/repos_for_docker/obiwan_out/elg_200per_run/logs/000//more_rs0/log.0008p010
logging to.../global/cscratch1/sd/huikong/obiwan_Aug/repos_for_docker/obiwan_out/elg_200per_run/logs/000//more_rs0/log.0008p015
logging to.../global/cscratch1/sd/huikong/obiwan_Aug/repos_for_docker/obiwan_out/elg_200per_run/logs/000//more_rs0/log.0008p017
logging to.../global/cscratch1/sd/huikong/obiwan_Aug/repos_for_docker/obiwan_out/elg_200per_run/logs/000//more_rs0/log.0008p025
logging to.../global/cscratch1/sd/huikong/obiwan_Aug/repos_for_docker/obiwan_out/elg_200per_run/logs/000//more_rs0/log.0008p027
logging to.../global/cscratch1/sd/huikong/obiwan_Aug/repos_for_docker/obiwan_out/elg_200per_run/logs/000//more_rs0/log.0008p030
logging to.../global/cscratch1/sd/huikong/obiwan_Aug/repos_for_docker/obiwan_out/elg_200per_run/logs/000//more_rs0/log.0008p032
logging to.../global/cscratch1/sd/huikong/obiwan_Aug/repos_for_docker/obiwan_out/elg_200per_run/logs/000//more_rs0/log.0008p035
logging to.../global/cscratch1/sd/huikong/obiwan_Aug/repos_for_docker/obiwan_out/elg_200per_run/logs/000//more_rs0/log.0008p037
logging to.../global/cscratch1/sd/huikong/obiwan_Aug/repos_for_docker/obiwan_out/elg_200per_run/logs/000//more_rs0/log.0008p040
logging to.../global/cscratch1/sd/huikong/obiwan_Aug/repos_for_docker/obiwan_out/elg_200per_run/logs/000//more_rs0/log.0008p042
logging to.../global/cscratch1/sd/huikong/obiwan_Aug/repos_for_docker/obiwan_out/elg_200per_run/logs/000//more_rs0/log.0008p045
logging to.../global/cscratch1/sd/huikong/obiwan_Aug/repos_for_docker/obiwan_out/elg_200per_run/logs/000//more_rs0/log.0008p047
logging to.../global/cscratch1/sd/huikong/obiwan_Aug/repos_for_docker/obiwan_out/elg_200per_run/logs/001//more_rs0/log.0011m017
logging to.../global/cscratch1/sd/huikong/obiwan_Aug/repos_for_docker/obiwan_out/elg_200per_run/logs/001//more_rs0/log.0011m020
FINISHED NOW!
logging to.../global/cscratch1/sd/huikong/obiwan_Aug/repos_for_docker/obiwan_out/elg_200per_run/logs/001//more_rs0/log.0011m022
FINISHED NOW!
logging to.../global/cscratch1/sd/huikong/obiwan_Aug/repos_for_docker/obiwan_out/elg_200per_run/logs/001//more_rs0/log.0011m025
FINISHED NOW!
logging to.../global/cscratch1/sd/huikong/obiwan_Aug/repos_for_docker/obiwan_out/elg_200per_run/logs/001//more_rs0/log.0011m027
FINISHED NOW!
logging to.../global/cscratch1/sd/huikong/obiwan_Aug/repos_for_docker/obiwan_out/elg_200per_run/logs/001//more_rs0/log.0011m030
FINISHED NOW!
logging to.../global/cscratch1/sd/huikong/obiwan_Aug/repos_for_docker/obiwan_out/elg_200per_run/logs/001//more_rs0/log.0011m032
FINISHED NOW!
logging to.../global/cscratch1/sd/huikong/obiwan_Aug/repos_for_docker/obiwan_out/elg_200per_run/logs/001//more_rs0/log.0011m035
FINISHED NOW!
logging to.../global/cscratch1/sd/huikong/obiwan_Aug/repos_for_docker/obiwan_out/elg_200per_run/logs/001//more_rs0/log.0011m037
FINISHED NOW!
logging to.../global/cscratch1/sd/huikong/obiwan_Aug/repos_for_docker/obiwan_out/elg_200per_run/logs/001//more_rs0/log.0011m040
FINISHED NOW!
logging to.../global/cscratch1/sd/huikong/obiwan_Aug/repos_for_docker/obiwan_out/elg_200per_run/logs/001//more_rs0/log.0011m042
FINISHED NOW!
FINISHED NOW!
FINISHED NOW!
logging to.../global/cscratch1/sd/huikong/obiwan_Aug/repos_for_docker/obiwan_out/elg_200per_run/logs/001//more_rs0/log.0011p007
logging to.../global/cscratch1/sd/huikong/obiwan_Aug/repos_for_docker/obiwan_out/elg_200per_run/logs/001//more_rs0/log.0011m045
logging to.../global/cscratch1/sd/huikong/obiwan_Aug/repos_for_docker/obiwan_out/elg_200per_run/logs/001//more_rs0/log.0011m047
FINISHED NOW!
logging to.../global/cscratch1/sd/huikong/obiwan_Aug/repos_for_docker/obiwan_out/elg_200per_run/logs/001//more_rs0/log.0011p010
FINISHED NOW!
FINISHED NOW!
logging to.../global/cscratch1/sd/huikong/obiwan_Aug/repos_for_docker/obiwan_out/elg_200per_run/logs/001//more_rs0/log.0011p012
FINISHED NOW!
logging to.../global/cscratch1/sd/huikong/obiwan_Aug/repos_for_docker/obiwan_out/elg_200per_run/logs/001//more_rs0/log.0011p015
logging to.../global/cscratch1/sd/huikong/obiwan_Aug/repos_for_docker/obiwan_out/elg_200per_run/logs/001//more_rs0/log.0011p017
FINISHED NOW!
logging to.../global/cscratch1/sd/huikong/obiwan_Aug/repos_for_docker/obiwan_out/elg_200per_run/logs/001//more_rs0/log.0011p020
FINISHED NOW!
FINISHED NOW!
logging to.../global/cscratch1/sd/huikong/obiwan_Aug/repos_for_docker/obiwan_out/elg_200per_run/logs/001//more_rs0/log.0011p022
logging to.../global/cscratch1/sd/huikong/obiwan_Aug/repos_for_docker/obiwan_out/elg_200per_run/logs/001//more_rs0/log.0011p025
FINISHED NOW!
logging to.../global/cscratch1/sd/huikong/obiwan_Aug/repos_for_docker/obiwan_out/elg_200per_run/logs/001//more_rs0/log.0011p027
FINISHED NOW!
logging to.../global/cscratch1/sd/huikong/obiwan_Aug/repos_for_docker/obiwan_out/elg_200per_run/logs/001//more_rs0/log.0011p030
FINISHED NOW!
FINISHED NOW!
logging to.../global/cscratch1/sd/huikong/obiwan_Aug/repos_for_docker/obiwan_out/elg_200per_run/logs/001//more_rs0/log.0011p032
logging to.../global/cscratch1/sd/huikong/obiwan_Aug/repos_for_docker/obiwan_out/elg_200per_run/logs/001//more_rs0/log.0011p035
FINISHED NOW!
logging to.../global/cscratch1/sd/huikong/obiwan_Aug/repos_for_docker/obiwan_out/elg_200per_run/logs/001//more_rs0/log.0011p037
FINISHED NOW!
FINISHED NOW!
logging to.../global/cscratch1/sd/huikong/obiwan_Aug/repos_for_docker/obiwan_out/elg_200per_run/logs/001//more_rs0/log.0011p042
logging to.../global/cscratch1/sd/huikong/obiwan_Aug/repos_for_docker/obiwan_out/elg_200per_run/logs/001//more_rs0/log.0011p040
FINISHED NOW!
logging to.../global/cscratch1/sd/huikong/obiwan_Aug/repos_for_docker/obiwan_out/elg_200per_run/logs/001//more_rs0/log.0011p045
FINISHED NOW!
FINISHED NOW!
logging to.../global/cscratch1/sd/huikong/obiwan_Aug/repos_for_docker/obiwan_out/elg_200per_run/logs/001//more_rs0/log.0013m015
logging to.../global/cscratch1/sd/huikong/obiwan_Aug/repos_for_docker/obiwan_out/elg_200per_run/logs/001//more_rs0/log.0011p047
FINISHED NOW!
FINISHED NOW!
logging to.../global/cscratch1/sd/huikong/obiwan_Aug/repos_for_docker/obiwan_out/elg_200per_run/logs/001//more_rs0/log.0013m017
logging to.../global/cscratch1/sd/huikong/obiwan_Aug/repos_for_docker/obiwan_out/elg_200per_run/logs/001//more_rs0/log.0013m020
FINISHED NOW!
logging to.../global/cscratch1/sd/huikong/obiwan_Aug/repos_for_docker/obiwan_out/elg_200per_run/logs/001//more_rs0/log.0013m022
FINISHED NOW!
FINISHED NOW!
FINISHED NOW!
FINISHED NOW!
logging to.../global/cscratch1/sd/huikong/obiwan_Aug/repos_for_docker/obiwan_out/elg_200per_run/logs/001//more_rs0/log.0013m025
FINISHED NOW!
FINISHED NOW!
logging to.../global/cscratch1/sd/huikong/obiwan_Aug/repos_for_docker/obiwan_out/elg_200per_run/logs/001//more_rs0/log.0013m030
logging to.../global/cscratch1/sd/huikong/obiwan_Aug/repos_for_docker/obiwan_out/elg_200per_run/logs/001//more_rs0/log.0013m027
logging to.../global/cscratch1/sd/huikong/obiwan_Aug/repos_for_docker/obiwan_out/elg_200per_run/logs/001//more_rs0/log.0013m032
logging to.../global/cscratch1/sd/huikong/obiwan_Aug/repos_for_docker/obiwan_out/elg_200per_run/logs/001//more_rs0/log.0013m035
logging to.../global/cscratch1/sd/huikong/obiwan_Aug/repos_for_docker/obiwan_out/elg_200per_run/logs/001//more_rs0/log.0013m037
FINISHED NOW!
logging to.../global/cscratch1/sd/huikong/obiwan_Aug/repos_for_docker/obiwan_out/elg_200per_run/logs/001//more_rs0/log.0013m040
FINISHED NOW!
logging to.../global/cscratch1/sd/huikong/obiwan_Aug/repos_for_docker/obiwan_out/elg_200per_run/logs/001//more_rs0/log.0013m042
FINISHED NOW!
logging to.../global/cscratch1/sd/huikong/obiwan_Aug/repos_for_docker/obiwan_out/elg_200per_run/logs/001//more_rs0/log.0013m045
FINISHED NOW!
logging to.../global/cscratch1/sd/huikong/obiwan_Aug/repos_for_docker/obiwan_out/elg_200per_run/logs/001//more_rs0/log.0013p007
FINISHED NOW!
logging to.../global/cscratch1/sd/huikong/obiwan_Aug/repos_for_docker/obiwan_out/elg_200per_run/logs/001//more_rs0/log.0013p010
FINISHED NOW!
logging to.../global/cscratch1/sd/huikong/obiwan_Aug/repos_for_docker/obiwan_out/elg_200per_run/logs/001//more_rs0/log.0013p012
FINISHED NOW!
logging to.../global/cscratch1/sd/huikong/obiwan_Aug/repos_for_docker/obiwan_out/elg_200per_run/logs/001//more_rs0/log.0013p015
FINISHED NOW!
logging to.../global/cscratch1/sd/huikong/obiwan_Aug/repos_for_docker/obiwan_out/elg_200per_run/logs/001//more_rs0/log.0013p017
FINISHED NOW!
FINISHED NOW!
FINISHED NOW!
logging to.../global/cscratch1/sd/huikong/obiwan_Aug/repos_for_docker/obiwan_out/elg_200per_run/logs/001//more_rs0/log.0013p022
logging to.../global/cscratch1/sd/huikong/obiwan_Aug/repos_for_docker/obiwan_out/elg_200per_run/logs/001//more_rs0/log.0013p020
FINISHED NOW!
logging to.../global/cscratch1/sd/huikong/obiwan_Aug/repos_for_docker/obiwan_out/elg_200per_run/logs/001//more_rs0/log.0013p025
logging to.../global/cscratch1/sd/huikong/obiwan_Aug/repos_for_docker/obiwan_out/elg_200per_run/logs/001//more_rs0/log.0013p027
FINISHED NOW!
logging to.../global/cscratch1/sd/huikong/obiwan_Aug/repos_for_docker/obiwan_out/elg_200per_run/logs/001//more_rs0/log.0013p030
FINISHED NOW!
logging to.../global/cscratch1/sd/huikong/obiwan_Aug/repos_for_docker/obiwan_out/elg_200per_run/logs/001//more_rs0/log.0013p032
FINISHED NOW!
FINISHED NOW!
logging to.../global/cscratch1/sd/huikong/obiwan_Aug/repos_for_docker/obiwan_out/elg_200per_run/logs/001//more_rs0/log.0013p035
FINISHED NOW!
logging to.../global/cscratch1/sd/huikong/obiwan_Aug/repos_for_docker/obiwan_out/elg_200per_run/logs/001//more_rs0/log.0013p037
logging to.../global/cscratch1/sd/huikong/obiwan_Aug/repos_for_docker/obiwan_out/elg_200per_run/logs/001//more_rs0/log.0013p040
FINISHED NOW!
logging to.../global/cscratch1/sd/huikong/obiwan_Aug/repos_for_docker/obiwan_out/elg_200per_run/logs/001//more_rs0/log.0013p042
FINISHED NOW!
logging to.../global/cscratch1/sd/huikong/obiwan_Aug/repos_for_docker/obiwan_out/elg_200per_run/logs/001//more_rs0/log.0013p045
FINISHED NOW!
FINISHED NOW!
logging to.../global/cscratch1/sd/huikong/obiwan_Aug/repos_for_docker/obiwan_out/elg_200per_run/logs/001//more_rs0/log.0013p047
logging to.../global/cscratch1/sd/huikong/obiwan_Aug/repos_for_docker/obiwan_out/elg_200per_run/logs/001//more_rs0/log.0016m015
FINISHED NOW!
logging to.../global/cscratch1/sd/huikong/obiwan_Aug/repos_for_docker/obiwan_out/elg_200per_run/logs/001//more_rs0/log.0016m017
FINISHED NOW!
FINISHED NOW!
FINISHED NOW!
FINISHED NOW!
logging to.../global/cscratch1/sd/huikong/obiwan_Aug/repos_for_docker/obiwan_out/elg_200per_run/logs/001//more_rs0/log.0016m022
logging to.../global/cscratch1/sd/huikong/obiwan_Aug/repos_for_docker/obiwan_out/elg_200per_run/logs/001//more_rs0/log.0016m020
FINISHED NOW!
logging to.../global/cscratch1/sd/huikong/obiwan_Aug/repos_for_docker/obiwan_out/elg_200per_run/logs/001//more_rs0/log.0016m025
logging to.../global/cscratch1/sd/huikong/obiwan_Aug/repos_for_docker/obiwan_out/elg_200per_run/logs/001//more_rs0/log.0016m030
logging to.../global/cscratch1/sd/huikong/obiwan_Aug/repos_for_docker/obiwan_out/elg_200per_run/logs/001//more_rs0/log.0016m027
FINISHED NOW!
logging to.../global/cscratch1/sd/huikong/obiwan_Aug/repos_for_docker/obiwan_out/elg_200per_run/logs/001//more_rs0/log.0016m032
FINISHED NOW!
logging to.../global/cscratch1/sd/huikong/obiwan_Aug/repos_for_docker/obiwan_out/elg_200per_run/logs/001//more_rs0/log.0016m035
FINISHED NOW!
FINISHED NOW!
logging to.../global/cscratch1/sd/huikong/obiwan_Aug/repos_for_docker/obiwan_out/elg_200per_run/logs/001//more_rs0/log.0016m040
logging to.../global/cscratch1/sd/huikong/obiwan_Aug/repos_for_docker/obiwan_out/elg_200per_run/logs/001//more_rs0/log.0016m042
FINISHED NOW!
logging to.../global/cscratch1/sd/huikong/obiwan_Aug/repos_for_docker/obiwan_out/elg_200per_run/logs/001//more_rs0/log.0016m045
FINISHED NOW!
FINISHED NOW!
FINISHED NOW!
logging to.../global/cscratch1/sd/huikong/obiwan_Aug/repos_for_docker/obiwan_out/elg_200per_run/logs/001//more_rs0/log.0016m047
logging to.../global/cscratch1/sd/huikong/obiwan_Aug/repos_for_docker/obiwan_out/elg_200per_run/logs/001//more_rs0/log.0016p007
logging to.../global/cscratch1/sd/huikong/obiwan_Aug/repos_for_docker/obiwan_out/elg_200per_run/logs/001//more_rs0/log.0016p010
FINISHED NOW!
logging to.../global/cscratch1/sd/huikong/obiwan_Aug/repos_for_docker/obiwan_out/elg_200per_run/logs/001//more_rs0/log.0016p012
FINISHED NOW!
FINISHED NOW!
logging to.../global/cscratch1/sd/huikong/obiwan_Aug/repos_for_docker/obiwan_out/elg_200per_run/logs/001//more_rs0/log.0016p017
logging to.../global/cscratch1/sd/huikong/obiwan_Aug/repos_for_docker/obiwan_out/elg_200per_run/logs/001//more_rs0/log.0016p015
FINISHED NOW!
logging to.../global/cscratch1/sd/huikong/obiwan_Aug/repos_for_docker/obiwan_out/elg_200per_run/logs/001//more_rs0/log.0016p020
FINISHED NOW!
logging to.../global/cscratch1/sd/huikong/obiwan_Aug/repos_for_docker/obiwan_out/elg_200per_run/logs/001//more_rs0/log.0016p022
FINISHED NOW!
logging to.../global/cscratch1/sd/huikong/obiwan_Aug/repos_for_docker/obiwan_out/elg_200per_run/logs/001//more_rs0/log.0016p025
FINISHED NOW!
logging to.../global/cscratch1/sd/huikong/obiwan_Aug/repos_for_docker/obiwan_out/elg_200per_run/logs/001//more_rs0/log.0016p027
FINISHED NOW!
logging to.../global/cscratch1/sd/huikong/obiwan_Aug/repos_for_docker/obiwan_out/elg_200per_run/logs/001//more_rs0/log.0016p030
FINISHED NOW!
FINISHED NOW!
logging to.../global/cscratch1/sd/huikong/obiwan_Aug/repos_for_docker/obiwan_out/elg_200per_run/logs/001//more_rs0/log.0016p032
logging to.../global/cscratch1/sd/huikong/obiwan_Aug/repos_for_docker/obiwan_out/elg_200per_run/logs/001//more_rs0/log.0016p035
FINISHED NOW!
logging to.../global/cscratch1/sd/huikong/obiwan_Aug/repos_for_docker/obiwan_out/elg_200per_run/logs/001//more_rs0/log.0016p037
FINISHED NOW!
FINISHED NOW!
logging to.../global/cscratch1/sd/huikong/obiwan_Aug/repos_for_docker/obiwan_out/elg_200per_run/logs/001//more_rs0/log.0016p040
logging to.../global/cscratch1/sd/huikong/obiwan_Aug/repos_for_docker/obiwan_out/elg_200per_run/logs/001//more_rs0/log.0016p042
FINISHED NOW!
logging to.../global/cscratch1/sd/huikong/obiwan_Aug/repos_for_docker/obiwan_out/elg_200per_run/logs/001//more_rs0/log.0016p045
FINISHED NOW!
FINISHED NOW!
logging to.../global/cscratch1/sd/huikong/obiwan_Aug/repos_for_docker/obiwan_out/elg_200per_run/logs/001//more_rs0/log.0016p047
logging to.../global/cscratch1/sd/huikong/obiwan_Aug/repos_for_docker/obiwan_out/elg_200per_run/logs/001//more_rs0/log.0018m012
FINISHED NOW!
logging to.../global/cscratch1/sd/huikong/obiwan_Aug/repos_for_docker/obiwan_out/elg_200per_run/logs/001//more_rs0/log.0018m015
FINISHED NOW!
logging to.../global/cscratch1/sd/huikong/obiwan_Aug/repos_for_docker/obiwan_out/elg_200per_run/logs/001//more_rs0/log.0018m017
FINISHED NOW!
logging to.../global/cscratch1/sd/huikong/obiwan_Aug/repos_for_docker/obiwan_out/elg_200per_run/logs/001//more_rs0/log.0018m020
FINISHED NOW!
logging to.../global/cscratch1/sd/huikong/obiwan_Aug/repos_for_docker/obiwan_out/elg_200per_run/logs/001//more_rs0/log.0018m022
FINISHED NOW!
logging to.../global/cscratch1/sd/huikong/obiwan_Aug/repos_for_docker/obiwan_out/elg_200per_run/logs/001//more_rs0/log.0018m025
FINISHED NOW!
logging to.../global/cscratch1/sd/huikong/obiwan_Aug/repos_for_docker/obiwan_out/elg_200per_run/logs/001//more_rs0/log.0018m027
FINISHED NOW!
logging to.../global/cscratch1/sd/huikong/obiwan_Aug/repos_for_docker/obiwan_out/elg_200per_run/logs/001//more_rs0/log.0018m030
FINISHED NOW!
logging to.../global/cscratch1/sd/huikong/obiwan_Aug/repos_for_docker/obiwan_out/elg_200per_run/logs/001//more_rs0/log.0018m032
FINISHED NOW!
FINISHED NOW!
logging to.../global/cscratch1/sd/huikong/obiwan_Aug/repos_for_docker/obiwan_out/elg_200per_run/logs/001//more_rs0/log.0018m035
logging to.../global/cscratch1/sd/huikong/obiwan_Aug/repos_for_docker/obiwan_out/elg_200per_run/logs/001//more_rs0/log.0018m037
FINISHED NOW!
logging to.../global/cscratch1/sd/huikong/obiwan_Aug/repos_for_docker/obiwan_out/elg_200per_run/logs/001//more_rs0/log.0018m040
FINISHED NOW!
FINISHED NOW!
logging to.../global/cscratch1/sd/huikong/obiwan_Aug/repos_for_docker/obiwan_out/elg_200per_run/logs/001//more_rs0/log.0018m042
logging to.../global/cscratch1/sd/huikong/obiwan_Aug/repos_for_docker/obiwan_out/elg_200per_run/logs/001//more_rs0/log.0018m045
FINISHED NOW!
logging to.../global/cscratch1/sd/huikong/obiwan_Aug/repos_for_docker/obiwan_out/elg_200per_run/logs/001//more_rs0/log.0018m047
FINISHED NOW!
logging to.../global/cscratch1/sd/huikong/obiwan_Aug/repos_for_docker/obiwan_out/elg_200per_run/logs/001//more_rs0/log.0018p010
FINISHED NOW!
logging to.../global/cscratch1/sd/huikong/obiwan_Aug/repos_for_docker/obiwan_out/elg_200per_run/logs/001//more_rs0/log.0018p012
FINISHED NOW!
logging to.../global/cscratch1/sd/huikong/obiwan_Aug/repos_for_docker/obiwan_out/elg_200per_run/logs/001//more_rs0/log.0018p015
FINISHED NOW!
logging to.../global/cscratch1/sd/huikong/obiwan_Aug/repos_for_docker/obiwan_out/elg_200per_run/logs/001//more_rs0/log.0018p017
FINISHED NOW!
logging to.../global/cscratch1/sd/huikong/obiwan_Aug/repos_for_docker/obiwan_out/elg_200per_run/logs/001//more_rs0/log.0018p020
FINISHED NOW!
FINISHED NOW!
logging to.../global/cscratch1/sd/huikong/obiwan_Aug/repos_for_docker/obiwan_out/elg_200per_run/logs/001//more_rs0/log.0018p022
FINISHED NOW!
logging to.../global/cscratch1/sd/huikong/obiwan_Aug/repos_for_docker/obiwan_out/elg_200per_run/logs/001//more_rs0/log.0018p025
logging to.../global/cscratch1/sd/huikong/obiwan_Aug/repos_for_docker/obiwan_out/elg_200per_run/logs/001//more_rs0/log.0018p027
FINISHED NOW!
logging to.../global/cscratch1/sd/huikong/obiwan_Aug/repos_for_docker/obiwan_out/elg_200per_run/logs/001//more_rs0/log.0018p030
FINISHED NOW!
logging to.../global/cscratch1/sd/huikong/obiwan_Aug/repos_for_docker/obiwan_out/elg_200per_run/logs/001//more_rs0/log.0018p032
FINISHED NOW!
FINISHED NOW!
logging to.../global/cscratch1/sd/huikong/obiwan_Aug/repos_for_docker/obiwan_out/elg_200per_run/logs/001//more_rs0/log.0018p035
logging to.../global/cscratch1/sd/huikong/obiwan_Aug/repos_for_docker/obiwan_out/elg_200per_run/logs/001//more_rs0/log.0018p037
FINISHED NOW!
logging to.../global/cscratch1/sd/huikong/obiwan_Aug/repos_for_docker/obiwan_out/elg_200per_run/logs/001//more_rs0/log.0018p040
FINISHED NOW!
logging to.../global/cscratch1/sd/huikong/obiwan_Aug/repos_for_docker/obiwan_out/elg_200per_run/logs/001//more_rs0/log.0018p042
FINISHED NOW!
logging to.../global/cscratch1/sd/huikong/obiwan_Aug/repos_for_docker/obiwan_out/elg_200per_run/logs/001//more_rs0/log.0018p045
FINISHED NOW!
logging to.../global/cscratch1/sd/huikong/obiwan_Aug/repos_for_docker/obiwan_out/elg_200per_run/logs/001//more_rs0/log.0018p047
FINISHED NOW!
logging to.../global/cscratch1/sd/huikong/obiwan_Aug/repos_for_docker/obiwan_out/elg_200per_run/logs/002//more_rs0/log.0021m010
FINISHED NOW!
logging to.../global/cscratch1/sd/huikong/obiwan_Aug/repos_for_docker/obiwan_out/elg_200per_run/logs/002//more_rs0/log.0021m012
FINISHED NOW!
I am  nid00567 rank 0 (total 100)
Master: slave finished is task and says "I completed my task (96)"
Master: slave finished is task and says "I completed my task (46)"
Master: slave finished is task and says "I completed my task (21)"
Master: slave finished is task and says "I completed my task (95)"
Master: slave finished is task and says "I completed my task (22)"
Master: slave finished is task and says "I completed my task (69)"
Master: slave finished is task and says "I completed my task (34)"
Master: slave finished is task and says "I completed my task (82)"
Master: slave finished is task and says "I completed my task (20)"
Master: slave finished is task and says "I completed my task (45)"
Master: slave finished is task and says "I completed my task (70)"
Master: slave finished is task and says "I completed my task (74)"
Master: slave finished is task and says "I completed my task (68)"
Master: slave finished is task and says "I completed my task (92)"
Master: slave finished is task and says "I completed my task (75)"
Master: slave finished is task and says "I completed my task (42)"
Master: slave finished is task and says "I completed my task (67)"
Master: slave finished is task and says "I completed my task (71)"
Master: slave finished is task and says "I completed my task (9)"
Master: slave finished is task and says "I completed my task (93)"
Master: slave finished is task and says "I completed my task (41)"
Master: slave finished is task and says "I completed my task (53)"
Master: slave finished is task and says "I completed my task (39)"
Master: slave finished is task and says "I completed my task (89)"
Master: slave finished is task and says "I completed my task (79)"
Master: slave finished is task and says "I completed my task (88)"
Master: slave finished is task and says "I completed my task (44)"
Master: slave finished is task and says "I completed my task (64)"
Master: slave finished is task and says "I completed my task (43)"
Master: slave finished is task and says "I completed my task (81)"
Master: slave finished is task and says "I completed my task (87)"
Master: slave finished is task and says "I completed my task (33)"
Master: slave finished is task and says "I completed my task (19)"
Master: slave finished is task and says "I completed my task (1)"
Master: slave finished is task and says "I completed my task (28)"
Master: slave finished is task and says "I completed my task (90)"
Master: slave finished is task and says "I completed my task (25)"
Master: slave finished is task and says "I completed my task (30)"
Master: slave finished is task and says "I completed my task (32)"
Master: slave finished is task and says "I completed my task (38)"
Master: slave finished is task and says "I completed my task (59)"
Master: slave finished is task and says "I completed my task (26)"
Master: slave finished is task and says "I completed my task (94)"
Master: slave finished is task and says "I completed my task (78)"
Master: slave finished is task and says "I completed my task (8)"
Master: slave finished is task and says "I completed my task (77)"
Master: slave finished is task and says "I completed my task (80)"
Master: slave finished is task and says "I completed my task (83)"
Master: slave finished is task and says "I completed my task (15)"
Master: slave finished is task and says "I completed my task (76)"
Master: slave finished is task and says "I completed my task (91)"
Master: slave finished is task and says "I completed my task (24)"
Master: slave finished is task and says "I completed my task (40)"
Master: slave finished is task and says "I completed my task (13)"
Master: slave finished is task and says "I completed my task (17)"
Master: slave finished is task and says "I completed my task (7)"
Master: slave finished is task and says "I completed my task (56)"
Master: slave finished is task and says "I completed my task (58)"
Master: slave finished is task and says "I completed my task (51)"
Master: slave finished is task and says "I completed my task (3)"
Master: slave finished is task and says "I completed my task (37)"
Master: slave finished is task and says "I completed my task (31)"
Master: slave finished is task and says "I completed my task (5)"
Master: slave finished is task and says "I completed my task (0)"
Master: slave finished is task and says "I completed my task (36)"
Master: slave finished is task and says "I completed my task (84)"
Master: slave finished is task and says "I completed my task (48)"
Master: slave finished is task and says "I completed my task (16)"
Master: slave finished is task and says "I completed my task (35)"
Master: slave finished is task and says "I completed my task (65)"
Master: slave finished is task and says "I completed my task (63)"
Master: slave finished is task and says "I completed my task (12)"
Master: slave finished is task and says "I completed my task (52)"
Master: slave finished is task and says "I completed my task (11)"
Master: slave finished is task and says "I completed my task (62)"
Master: slave finished is task and says "I completed my task (23)"
Master: slave finished is task and says "I completed my task (47)"
Master: slave finished is task and says "I completed my task (86)"
Master: slave finished is task and says "I completed my task (126)"
Master: slave finished is task and says "I completed my task (72)"
Master: slave finished is task and says "I completed my task (85)"
Master: slave finished is task and says "I completed my task (57)"
Master: slave finished is task and says "I completed my task (27)"
Master: slave finished is task and says "I completed my task (10)"
Master: slave finished is task and says "I completed my task (66)"
Master: slave finished is task and says "I completed my task (6)"
Master: slave finished is task and says "I completed my task (54)"
Master: slave finished is task and says "I completed my task (98)"
Master: slave finished is task and says "I completed my task (124)"
Master: slave finished is task and says "I completed my task (14)"
Master: slave finished is task and says "I completed my task (60)"
Master: slave finished is task and says "I completed my task (49)"
Master: slave finished is task and says "I completed my task (2)"
Master: slave finished is task and says "I completed my task (97)"
Master: slave finished is task and says "I completed my task (29)"
Master: slave finished is task and says "I completed my task (154)"
Master: slave finished is task and says "I completed my task (155)"
Master: slave finished is task and says "I completed my task (105)"
Master: slave finished is task and says "I completed my task (156)"
Master: slave finished is task and says "I completed my task (125)"
Master: slave finished is task and says "I completed my task (123)"
Master: slave finished is task and says "I completed my task (101)"
Master: slave finished is task and says "I completed my task (106)"
Master: slave finished is task and says "I completed my task (99)"
Master: slave finished is task and says "I completed my task (55)"
Master: slave finished is task and says "I completed my task (104)"
Master: slave finished is task and says "I completed my task (18)"
Master: slave finished is task and says "I completed my task (134)"
Master: slave finished is task and says "I completed my task (109)"
Master: slave finished is task and says "I completed my task (107)"
Master: slave finished is task and says "I completed my task (152)"
Master: slave finished is task and says "I completed my task (135)"
Master: slave finished is task and says "I completed my task (50)"
Master: slave finished is task and says "I completed my task (102)"
Master: slave finished is task and says "I completed my task (130)"
Master: slave finished is task and says "I completed my task (149)"
Master: slave finished is task and says "I completed my task (122)"
Master: slave finished is task and says "I completed my task (120)"
Master: slave finished is task and says "I completed my task (148)"
Master: slave finished is task and says "I completed my task (129)"
Master: slave finished is task and says "I completed my task (186)"
logging to.../global/cscratch1/sd/huikong/obiwan_Aug/repos_for_docker/obiwan_out/elg_200per_run/logs/002//more_rs0/log.0021m015
FINISHED NOW!
FINISHED NOW!
logging to.../global/cscratch1/sd/huikong/obiwan_Aug/repos_for_docker/obiwan_out/elg_200per_run/logs/002//more_rs0/log.0021m017
logging to.../global/cscratch1/sd/huikong/obiwan_Aug/repos_for_docker/obiwan_out/elg_200per_run/logs/002//more_rs0/log.0021m020
FINISHED NOW!
FINISHED NOW!
logging to.../global/cscratch1/sd/huikong/obiwan_Aug/repos_for_docker/obiwan_out/elg_200per_run/logs/002//more_rs0/log.0021m022
FINISHED NOW!
FINISHED NOW!
FINISHED NOW!
logging to.../global/cscratch1/sd/huikong/obiwan_Aug/repos_for_docker/obiwan_out/elg_200per_run/logs/002//more_rs0/log.0021m025
logging to.../global/cscratch1/sd/huikong/obiwan_Aug/repos_for_docker/obiwan_out/elg_200per_run/logs/002//more_rs0/log.0021m027
logging to.../global/cscratch1/sd/huikong/obiwan_Aug/repos_for_docker/obiwan_out/elg_200per_run/logs/002//more_rs0/log.0021m032
logging to.../global/cscratch1/sd/huikong/obiwan_Aug/repos_for_docker/obiwan_out/elg_200per_run/logs/002//more_rs0/log.0021m030
FINISHED NOW!
logging to.../global/cscratch1/sd/huikong/obiwan_Aug/repos_for_docker/obiwan_out/elg_200per_run/logs/002//more_rs0/log.0021m035
FINISHED NOW!
logging to.../global/cscratch1/sd/huikong/obiwan_Aug/repos_for_docker/obiwan_out/elg_200per_run/logs/002//more_rs0/log.0021m037
FINISHED NOW!
logging to.../global/cscratch1/sd/huikong/obiwan_Aug/repos_for_docker/obiwan_out/elg_200per_run/logs/002//more_rs0/log.0021m040
FINISHED NOW!
FINISHED NOW!
FINISHED NOW!
logging to.../global/cscratch1/sd/huikong/obiwan_Aug/repos_for_docker/obiwan_out/elg_200per_run/logs/002//more_rs0/log.0021m042
logging to.../global/cscratch1/sd/huikong/obiwan_Aug/repos_for_docker/obiwan_out/elg_200per_run/logs/002//more_rs0/log.0021m045
logging to.../global/cscratch1/sd/huikong/obiwan_Aug/repos_for_docker/obiwan_out/elg_200per_run/logs/002//more_rs0/log.0021m047
FINISHED NOW!
logging to.../global/cscratch1/sd/huikong/obiwan_Aug/repos_for_docker/obiwan_out/elg_200per_run/logs/002//more_rs0/log.0021p010
FINISHED NOW!
logging to.../global/cscratch1/sd/huikong/obiwan_Aug/repos_for_docker/obiwan_out/elg_200per_run/logs/002//more_rs0/log.0021p012
FINISHED NOW!
FINISHED NOW!
logging to.../global/cscratch1/sd/huikong/obiwan_Aug/repos_for_docker/obiwan_out/elg_200per_run/logs/002//more_rs0/log.0021p015
FINISHED NOW!
logging to.../global/cscratch1/sd/huikong/obiwan_Aug/repos_for_docker/obiwan_out/elg_200per_run/logs/002//more_rs0/log.0021p017
logging to.../global/cscratch1/sd/huikong/obiwan_Aug/repos_for_docker/obiwan_out/elg_200per_run/logs/002//more_rs0/log.0021p020
FINISHED NOW!
logging to.../global/cscratch1/sd/huikong/obiwan_Aug/repos_for_docker/obiwan_out/elg_200per_run/logs/002//more_rs0/log.0021p022
FINISHED NOW!
logging to.../global/cscratch1/sd/huikong/obiwan_Aug/repos_for_docker/obiwan_out/elg_200per_run/logs/002//more_rs0/log.0021p025
FINISHED NOW!
logging to.../global/cscratch1/sd/huikong/obiwan_Aug/repos_for_docker/obiwan_out/elg_200per_run/logs/002//more_rs0/log.0021p027
FINISHED NOW!
FINISHED NOW!
logging to.../global/cscratch1/sd/huikong/obiwan_Aug/repos_for_docker/obiwan_out/elg_200per_run/logs/002//more_rs0/log.0021p030
logging to.../global/cscratch1/sd/huikong/obiwan_Aug/repos_for_docker/obiwan_out/elg_200per_run/logs/002//more_rs0/log.0021p032
FINISHED NOW!
FINISHED NOW!
logging to.../global/cscratch1/sd/huikong/obiwan_Aug/repos_for_docker/obiwan_out/elg_200per_run/logs/002//more_rs0/log.0021p035
logging to.../global/cscratch1/sd/huikong/obiwan_Aug/repos_for_docker/obiwan_out/elg_200per_run/logs/002//more_rs0/log.0021p037
FINISHED NOW!
FINISHED NOW!
logging to.../global/cscratch1/sd/huikong/obiwan_Aug/repos_for_docker/obiwan_out/elg_200per_run/logs/002//more_rs0/log.0021p042
logging to.../global/cscratch1/sd/huikong/obiwan_Aug/repos_for_docker/obiwan_out/elg_200per_run/logs/002//more_rs0/log.0021p040
FINISHED NOW!
logging to.../global/cscratch1/sd/huikong/obiwan_Aug/repos_for_docker/obiwan_out/elg_200per_run/logs/002//more_rs0/log.0021p047
FINISHED NOW!
logging to.../global/cscratch1/sd/huikong/obiwan_Aug/repos_for_docker/obiwan_out/elg_200per_run/logs/002//more_rs0/log.0023m010
FINISHED NOW!
logging to.../global/cscratch1/sd/huikong/obiwan_Aug/repos_for_docker/obiwan_out/elg_200per_run/logs/002//more_rs0/log.0023m012
FINISHED NOW!
FINISHED NOW!
logging to.../global/cscratch1/sd/huikong/obiwan_Aug/repos_for_docker/obiwan_out/elg_200per_run/logs/002//more_rs0/log.0023m015
logging to.../global/cscratch1/sd/huikong/obiwan_Aug/repos_for_docker/obiwan_out/elg_200per_run/logs/002//more_rs0/log.0023m017
FINISHED NOW!
logging to.../global/cscratch1/sd/huikong/obiwan_Aug/repos_for_docker/obiwan_out/elg_200per_run/logs/002//more_rs0/log.0023m020
FINISHED NOW!
FINISHED NOW!
logging to.../global/cscratch1/sd/huikong/obiwan_Aug/repos_for_docker/obiwan_out/elg_200per_run/logs/002//more_rs0/log.0023m022
FINISHED NOW!
logging to.../global/cscratch1/sd/huikong/obiwan_Aug/repos_for_docker/obiwan_out/elg_200per_run/logs/002//more_rs0/log.0023m027
FINISHED NOW!
FINISHED NOW!
logging to.../global/cscratch1/sd/huikong/obiwan_Aug/repos_for_docker/obiwan_out/elg_200per_run/logs/002//more_rs0/log.0023m032
FINISHED NOW!
logging to.../global/cscratch1/sd/huikong/obiwan_Aug/repos_for_docker/obiwan_out/elg_200per_run/logs/002//more_rs0/log.0023m037
logging to.../global/cscratch1/sd/huikong/obiwan_Aug/repos_for_docker/obiwan_out/elg_200per_run/logs/002//more_rs0/log.0023m035
logging to.../global/cscratch1/sd/huikong/obiwan_Aug/repos_for_docker/obiwan_out/elg_200per_run/logs/002//more_rs0/log.0023m040
FINISHED NOW!
logging to.../global/cscratch1/sd/huikong/obiwan_Aug/repos_for_docker/obiwan_out/elg_200per_run/logs/002//more_rs0/log.0023m042
FINISHED NOW!
FINISHED NOW!
FINISHED NOW!
logging to.../global/cscratch1/sd/huikong/obiwan_Aug/repos_for_docker/obiwan_out/elg_200per_run/logs/002//more_rs0/log.0023m045
FINISHED NOW!
logging to.../global/cscratch1/sd/huikong/obiwan_Aug/repos_for_docker/obiwan_out/elg_200per_run/logs/002//more_rs0/log.0023m047
logging to.../global/cscratch1/sd/huikong/obiwan_Aug/repos_for_docker/obiwan_out/elg_200per_run/logs/002//more_rs0/log.0023p010
logging to.../global/cscratch1/sd/huikong/obiwan_Aug/repos_for_docker/obiwan_out/elg_200per_run/logs/002//more_rs0/log.0023p015
FINISHED NOW!
logging to.../global/cscratch1/sd/huikong/obiwan_Aug/repos_for_docker/obiwan_out/elg_200per_run/logs/002//more_rs0/log.0023p017
FINISHED NOW!
FINISHED NOW!
logging to.../global/cscratch1/sd/huikong/obiwan_Aug/repos_for_docker/obiwan_out/elg_200per_run/logs/002//more_rs0/log.0023p020
logging to.../global/cscratch1/sd/huikong/obiwan_Aug/repos_for_docker/obiwan_out/elg_200per_run/logs/002//more_rs0/log.0023p022
FINISHED NOW!
FINISHED NOW!
logging to.../global/cscratch1/sd/huikong/obiwan_Aug/repos_for_docker/obiwan_out/elg_200per_run/logs/002//more_rs0/log.0023p025
logging to.../global/cscratch1/sd/huikong/obiwan_Aug/repos_for_docker/obiwan_out/elg_200per_run/logs/002//more_rs0/log.0023p027
FINISHED NOW!
logging to.../global/cscratch1/sd/huikong/obiwan_Aug/repos_for_docker/obiwan_out/elg_200per_run/logs/002//more_rs0/log.0023p030
FINISHED NOW!
logging to.../global/cscratch1/sd/huikong/obiwan_Aug/repos_for_docker/obiwan_out/elg_200per_run/logs/002//more_rs0/log.0023p032
FINISHED NOW!
FINISHED NOW!
logging to.../global/cscratch1/sd/huikong/obiwan_Aug/repos_for_docker/obiwan_out/elg_200per_run/logs/002//more_rs0/log.0023p035
logging to.../global/cscratch1/sd/huikong/obiwan_Aug/repos_for_docker/obiwan_out/elg_200per_run/logs/002//more_rs0/log.0023p037
FINISHED NOW!
logging to.../global/cscratch1/sd/huikong/obiwan_Aug/repos_for_docker/obiwan_out/elg_200per_run/logs/002//more_rs0/log.0023p040
FINISHED NOW!
logging to.../global/cscratch1/sd/huikong/obiwan_Aug/repos_for_docker/obiwan_out/elg_200per_run/logs/002//more_rs0/log.0023p042
FINISHED NOW!
logging to.../global/cscratch1/sd/huikong/obiwan_Aug/repos_for_docker/obiwan_out/elg_200per_run/logs/002//more_rs0/log.0023p045
FINISHED NOW!
logging to.../global/cscratch1/sd/huikong/obiwan_Aug/repos_for_docker/obiwan_out/elg_200per_run/logs/002//more_rs0/log.0023p047
FINISHED NOW!
logging to.../global/cscratch1/sd/huikong/obiwan_Aug/repos_for_docker/obiwan_out/elg_200per_run/logs/002//more_rs0/log.0026m010
FINISHED NOW!
logging to.../global/cscratch1/sd/huikong/obiwan_Aug/repos_for_docker/obiwan_out/elg_200per_run/logs/002//more_rs0/log.0026m015
FINISHED NOW!
logging to.../global/cscratch1/sd/huikong/obiwan_Aug/repos_for_docker/obiwan_out/elg_200per_run/logs/002//more_rs0/log.0026m017
FINISHED NOW!
FINISHED NOW!
FINISHED NOW!
logging to.../global/cscratch1/sd/huikong/obiwan_Aug/repos_for_docker/obiwan_out/elg_200per_run/logs/002//more_rs0/log.0026m020
logging to.../global/cscratch1/sd/huikong/obiwan_Aug/repos_for_docker/obiwan_out/elg_200per_run/logs/002//more_rs0/log.0026m022
logging to.../global/cscratch1/sd/huikong/obiwan_Aug/repos_for_docker/obiwan_out/elg_200per_run/logs/002//more_rs0/log.0026m025
FINISHED NOW!
logging to.../global/cscratch1/sd/huikong/obiwan_Aug/repos_for_docker/obiwan_out/elg_200per_run/logs/002//more_rs0/log.0026m027
FINISHED NOW!
logging to.../global/cscratch1/sd/huikong/obiwan_Aug/repos_for_docker/obiwan_out/elg_200per_run/logs/002//more_rs0/log.0026m030
FINISHED NOW!
logging to.../global/cscratch1/sd/huikong/obiwan_Aug/repos_for_docker/obiwan_out/elg_200per_run/logs/002//more_rs0/log.0026m032
FINISHED NOW!
logging to.../global/cscratch1/sd/huikong/obiwan_Aug/repos_for_docker/obiwan_out/elg_200per_run/logs/002//more_rs0/log.0026m035
FINISHED NOW!
FINISHED NOW!
logging to.../global/cscratch1/sd/huikong/obiwan_Aug/repos_for_docker/obiwan_out/elg_200per_run/logs/002//more_rs0/log.0026m037
FINISHED NOW!
logging to.../global/cscratch1/sd/huikong/obiwan_Aug/repos_for_docker/obiwan_out/elg_200per_run/logs/002//more_rs0/log.0026m040
logging to.../global/cscratch1/sd/huikong/obiwan_Aug/repos_for_docker/obiwan_out/elg_200per_run/logs/002//more_rs0/log.0026m042
FINISHED NOW!
FINISHED NOW!
logging to.../global/cscratch1/sd/huikong/obiwan_Aug/repos_for_docker/obiwan_out/elg_200per_run/logs/002//more_rs0/log.0026m045
logging to.../global/cscratch1/sd/huikong/obiwan_Aug/repos_for_docker/obiwan_out/elg_200per_run/logs/002//more_rs0/log.0026m047
FINISHED NOW!
logging to.../global/cscratch1/sd/huikong/obiwan_Aug/repos_for_docker/obiwan_out/elg_200per_run/logs/002//more_rs0/log.0026p012
FINISHED NOW!
FINISHED NOW!
FINISHED NOW!
logging to.../global/cscratch1/sd/huikong/obiwan_Aug/repos_for_docker/obiwan_out/elg_200per_run/logs/002//more_rs0/log.0026p017
logging to.../global/cscratch1/sd/huikong/obiwan_Aug/repos_for_docker/obiwan_out/elg_200per_run/logs/002//more_rs0/log.0026p022
logging to.../global/cscratch1/sd/huikong/obiwan_Aug/repos_for_docker/obiwan_out/elg_200per_run/logs/002//more_rs0/log.0026p015
FINISHED NOW!
logging to.../global/cscratch1/sd/huikong/obiwan_Aug/repos_for_docker/obiwan_out/elg_200per_run/logs/002//more_rs0/log.0026p025
FINISHED NOW!
logging to.../global/cscratch1/sd/huikong/obiwan_Aug/repos_for_docker/obiwan_out/elg_200per_run/logs/002//more_rs0/log.0026p027
FINISHED NOW!
FINISHED NOW!
logging to.../global/cscratch1/sd/huikong/obiwan_Aug/repos_for_docker/obiwan_out/elg_200per_run/logs/002//more_rs0/log.0026p030
FINISHED NOW!
logging to.../global/cscratch1/sd/huikong/obiwan_Aug/repos_for_docker/obiwan_out/elg_200per_run/logs/002//more_rs0/log.0026p032
FINISHED NOW!
logging to.../global/cscratch1/sd/huikong/obiwan_Aug/repos_for_docker/obiwan_out/elg_200per_run/logs/002//more_rs0/log.0026p035
logging to.../global/cscratch1/sd/huikong/obiwan_Aug/repos_for_docker/obiwan_out/elg_200per_run/logs/002//more_rs0/log.0026p037
FINISHED NOW!
logging to.../global/cscratch1/sd/huikong/obiwan_Aug/repos_for_docker/obiwan_out/elg_200per_run/logs/002//more_rs0/log.0026p040
FINISHED NOW!
logging to.../global/cscratch1/sd/huikong/obiwan_Aug/repos_for_docker/obiwan_out/elg_200per_run/logs/002//more_rs0/log.0026p042
FINISHED NOW!
FINISHED NOW!
logging to.../global/cscratch1/sd/huikong/obiwan_Aug/repos_for_docker/obiwan_out/elg_200per_run/logs/002//more_rs0/log.0026p045
logging to.../global/cscratch1/sd/huikong/obiwan_Aug/repos_for_docker/obiwan_out/elg_200per_run/logs/002//more_rs0/log.0026p047
FINISHED NOW!
logging to.../global/cscratch1/sd/huikong/obiwan_Aug/repos_for_docker/obiwan_out/elg_200per_run/logs/002//more_rs0/log.0028m012
FINISHED NOW!
logging to.../global/cscratch1/sd/huikong/obiwan_Aug/repos_for_docker/obiwan_out/elg_200per_run/logs/002//more_rs0/log.0028m015
FINISHED NOW!
logging to.../global/cscratch1/sd/huikong/obiwan_Aug/repos_for_docker/obiwan_out/elg_200per_run/logs/002//more_rs0/log.0028m017
FINISHED NOW!
logging to.../global/cscratch1/sd/huikong/obiwan_Aug/repos_for_docker/obiwan_out/elg_200per_run/logs/002//more_rs0/log.0028m020
FINISHED NOW!
FINISHED NOW!
logging to.../global/cscratch1/sd/huikong/obiwan_Aug/repos_for_docker/obiwan_out/elg_200per_run/logs/002//more_rs0/log.0028m022
FINISHED NOW!
FINISHED NOW!
FINISHED NOW!
logging to.../global/cscratch1/sd/huikong/obiwan_Aug/repos_for_docker/obiwan_out/elg_200per_run/logs/002//more_rs0/log.0028m025
logging to.../global/cscratch1/sd/huikong/obiwan_Aug/repos_for_docker/obiwan_out/elg_200per_run/logs/002//more_rs0/log.0028m027
logging to.../global/cscratch1/sd/huikong/obiwan_Aug/repos_for_docker/obiwan_out/elg_200per_run/logs/002//more_rs0/log.0028m035
logging to.../global/cscratch1/sd/huikong/obiwan_Aug/repos_for_docker/obiwan_out/elg_200per_run/logs/002//more_rs0/log.0028m030
FINISHED NOW!
logging to.../global/cscratch1/sd/huikong/obiwan_Aug/repos_for_docker/obiwan_out/elg_200per_run/logs/002//more_rs0/log.0028m037
FINISHED NOW!
logging to.../global/cscratch1/sd/huikong/obiwan_Aug/repos_for_docker/obiwan_out/elg_200per_run/logs/002//more_rs0/log.0028m040
FINISHED NOW!
logging to.../global/cscratch1/sd/huikong/obiwan_Aug/repos_for_docker/obiwan_out/elg_200per_run/logs/002//more_rs0/log.0028m042
FINISHED NOW!
FINISHED NOW!
logging to.../global/cscratch1/sd/huikong/obiwan_Aug/repos_for_docker/obiwan_out/elg_200per_run/logs/002//more_rs0/log.0028m045
logging to.../global/cscratch1/sd/huikong/obiwan_Aug/repos_for_docker/obiwan_out/elg_200per_run/logs/002//more_rs0/log.0028m047
FINISHED NOW!
FINISHED NOW!
logging to.../global/cscratch1/sd/huikong/obiwan_Aug/repos_for_docker/obiwan_out/elg_200per_run/logs/002//more_rs0/log.0028p015
logging to.../global/cscratch1/sd/huikong/obiwan_Aug/repos_for_docker/obiwan_out/elg_200per_run/logs/002//more_rs0/log.0028p017
FINISHED NOW!
logging to.../global/cscratch1/sd/huikong/obiwan_Aug/repos_for_docker/obiwan_out/elg_200per_run/logs/002//more_rs0/log.0028p020
FINISHED NOW!
logging to.../global/cscratch1/sd/huikong/obiwan_Aug/repos_for_docker/obiwan_out/elg_200per_run/logs/002//more_rs0/log.0028p022
FINISHED NOW!
logging to.../global/cscratch1/sd/huikong/obiwan_Aug/repos_for_docker/obiwan_out/elg_200per_run/logs/002//more_rs0/log.0028p025
FINISHED NOW!
logging to.../global/cscratch1/sd/huikong/obiwan_Aug/repos_for_docker/obiwan_out/elg_200per_run/logs/002//more_rs0/log.0028p027
FINISHED NOW!
FINISHED NOW!
logging to.../global/cscratch1/sd/huikong/obiwan_Aug/repos_for_docker/obiwan_out/elg_200per_run/logs/002//more_rs0/log.0028p030
FINISHED NOW!
logging to.../global/cscratch1/sd/huikong/obiwan_Aug/repos_for_docker/obiwan_out/elg_200per_run/logs/002//more_rs0/log.0028p032
logging to.../global/cscratch1/sd/huikong/obiwan_Aug/repos_for_docker/obiwan_out/elg_200per_run/logs/002//more_rs0/log.0028p035
FINISHED NOW!
logging to.../global/cscratch1/sd/huikong/obiwan_Aug/repos_for_docker/obiwan_out/elg_200per_run/logs/002//more_rs0/log.0028p037
FINISHED NOW!
logging to.../global/cscratch1/sd/huikong/obiwan_Aug/repos_for_docker/obiwan_out/elg_200per_run/logs/002//more_rs0/log.0028p040
FINISHED NOW!
logging to.../global/cscratch1/sd/huikong/obiwan_Aug/repos_for_docker/obiwan_out/elg_200per_run/logs/002//more_rs0/log.0028p042
FINISHED NOW!
logging to.../global/cscratch1/sd/huikong/obiwan_Aug/repos_for_docker/obiwan_out/elg_200per_run/logs/002//more_rs0/log.0028p045
FINISHED NOW!
logging to.../global/cscratch1/sd/huikong/obiwan_Aug/repos_for_docker/obiwan_out/elg_200per_run/logs/002//more_rs0/log.0028p047
FINISHED NOW!
logging to.../global/cscratch1/sd/huikong/obiwan_Aug/repos_for_docker/obiwan_out/elg_200per_run/logs/003//more_rs0/log.0031m010
FINISHED NOW!
logging to.../global/cscratch1/sd/huikong/obiwan_Aug/repos_for_docker/obiwan_out/elg_200per_run/logs/003//more_rs0/log.0031m012
FINISHED NOW!
logging to.../global/cscratch1/sd/huikong/obiwan_Aug/repos_for_docker/obiwan_out/elg_200per_run/logs/003//more_rs0/log.0031m015
FINISHED NOW!
logging to.../global/cscratch1/sd/huikong/obiwan_Aug/repos_for_docker/obiwan_out/elg_200per_run/logs/003//more_rs0/log.0031m017
FINISHED NOW!
logging to.../global/cscratch1/sd/huikong/obiwan_Aug/repos_for_docker/obiwan_out/elg_200per_run/logs/003//more_rs0/log.0031m020
FINISHED NOW!
logging to.../global/cscratch1/sd/huikong/obiwan_Aug/repos_for_docker/obiwan_out/elg_200per_run/logs/003//more_rs0/log.0031m022
FINISHED NOW!
Master: slave finished is task and says "I completed my task (150)"
Master: slave finished is task and says "I completed my task (158)"
Master: slave finished is task and says "I completed my task (137)"
Master: slave finished is task and says "I completed my task (119)"
Master: slave finished is task and says "I completed my task (131)"
Master: slave finished is task and says "I completed my task (128)"
Master: slave finished is task and says "I completed my task (114)"
Master: slave finished is task and says "I completed my task (127)"
Master: slave finished is task and says "I completed my task (164)"
Master: slave finished is task and says "I completed my task (185)"
Master: slave finished is task and says "I completed my task (182)"
Master: slave finished is task and says "I completed my task (144)"
Master: slave finished is task and says "I completed my task (181)"
Master: slave finished is task and says "I completed my task (163)"
Master: slave finished is task and says "I completed my task (103)"
Master: slave finished is task and says "I completed my task (153)"
Master: slave finished is task and says "I completed my task (116)"
Master: slave finished is task and says "I completed my task (133)"
Master: slave finished is task and says "I completed my task (112)"
Master: slave finished is task and says "I completed my task (132)"
Master: slave finished is task and says "I completed my task (162)"
Master: slave finished is task and says "I completed my task (146)"
Master: slave finished is task and says "I completed my task (161)"
Master: slave finished is task and says "I completed my task (184)"
Master: slave finished is task and says "I completed my task (160)"
Master: slave finished is task and says "I completed my task (61)"
Master: slave finished is task and says "I completed my task (147)"
Master: slave finished is task and says "I completed my task (165)"
Master: slave finished is task and says "I completed my task (139)"
Master: slave finished is task and says "I completed my task (169)"
Master: slave finished is task and says "I completed my task (183)"
Master: slave finished is task and says "I completed my task (176)"
Master: slave finished is task and says "I completed my task (177)"
Master: slave finished is task and says "I completed my task (159)"
Master: slave finished is task and says "I completed my task (179)"
Master: slave finished is task and says "I completed my task (172)"
Master: slave finished is task and says "I completed my task (173)"
Master: slave finished is task and says "I completed my task (142)"
Master: slave finished is task and says "I completed my task (157)"
Master: slave finished is task and says "I completed my task (100)"
Master: slave finished is task and says "I completed my task (140)"
Master: slave finished is task and says "I completed my task (217)"
Master: slave finished is task and says "I completed my task (143)"
Master: slave finished is task and says "I completed my task (175)"
Master: slave finished is task and says "I completed my task (180)"
Master: slave finished is task and says "I completed my task (174)"
Master: slave finished is task and says "I completed my task (189)"
Master: slave finished is task and says "I completed my task (118)"
Master: slave finished is task and says "I completed my task (178)"
Master: slave finished is task and says "I completed my task (191)"
Master: slave finished is task and says "I completed my task (73)"
Master: slave finished is task and says "I completed my task (138)"
Master: slave finished is task and says "I completed my task (111)"
Master: slave finished is task and says "I completed my task (113)"
Master: slave finished is task and says "I completed my task (213)"
Master: slave finished is task and says "I completed my task (145)"
Master: slave finished is task and says "I completed my task (195)"
Master: slave finished is task and says "I completed my task (171)"
Master: slave finished is task and says "I completed my task (193)"
Master: slave finished is task and says "I completed my task (215)"
Master: slave finished is task and says "I completed my task (216)"
Master: slave finished is task and says "I completed my task (197)"
Master: slave finished is task and says "I completed my task (121)"
Master: slave finished is task and says "I completed my task (141)"
Master: slave finished is task and says "I completed my task (168)"
Master: slave finished is task and says "I completed my task (211)"
Master: slave finished is task and says "I completed my task (208)"
Master: slave finished is task and says "I completed my task (209)"
Master: slave finished is task and says "I completed my task (196)"
Master: slave finished is task and says "I completed my task (205)"
Master: slave finished is task and says "I completed my task (110)"
Master: slave finished is task and says "I completed my task (228)"
Master: slave finished is task and says "I completed my task (117)"
Master: slave finished is task and says "I completed my task (115)"
Master: slave finished is task and says "I completed my task (194)"
Master: slave finished is task and says "I completed my task (188)"
Master: slave finished is task and says "I completed my task (200)"
Master: slave finished is task and says "I completed my task (166)"
Master: slave finished is task and says "I completed my task (245)"
Master: slave finished is task and says "I completed my task (247)"
Master: slave finished is task and says "I completed my task (210)"
Master: slave finished is task and says "I completed my task (224)"
Master: slave finished is task and says "I completed my task (151)"
Master: slave finished is task and says "I completed my task (201)"
Master: slave finished is task and says "I completed my task (170)"
Master: slave finished is task and says "I completed my task (220)"
Master: slave finished is task and says "I completed my task (190)"
Master: slave finished is task and says "I completed my task (136)"
Master: slave finished is task and says "I completed my task (187)"
Master: slave finished is task and says "I completed my task (248)"
Master: slave finished is task and says "I completed my task (202)"
Master: slave finished is task and says "I completed my task (108)"
Master: slave finished is task and says "I completed my task (234)"
Master: slave finished is task and says "I completed my task (226)"
Master: slave finished is task and says "I completed my task (199)"
Master: slave finished is task and says "I completed my task (227)"
Master: slave finished is task and says "I completed my task (207)"
Master: slave finished is task and says "I completed my task (214)"
Master: slave finished is task and says "I completed my task (246)"
Master: slave finished is task and says "I completed my task (206)"
Master: slave finished is task and says "I completed my task (204)"
Master: slave finished is task and says "I completed my task (243)"
Master: slave finished is task and says "I completed my task (221)"
Master: slave finished is task and says "I completed my task (212)"
Master: slave finished is task and says "I completed my task (198)"
Master: slave finished is task and says "I completed my task (237)"
Master: slave finished is task and says "I completed my task (240)"
Master: slave finished is task and says "I completed my task (203)"
Master: slave finished is task and says "I completed my task (229)"
Master: slave finished is task and says "I completed my task (230)"
Master: slave finished is task and says "I completed my task (219)"
Master: slave finished is task and says "I completed my task (167)"
Master: slave finished is task and says "I completed my task (254)"
Master: slave finished is task and says "I completed my task (257)"
Master: slave finished is task and says "I completed my task (270)"
Master: slave finished is task and says "I completed my task (273)"
Master: slave finished is task and says "I completed my task (253)"
Master: slave finished is task and says "I completed my task (255)"
Master: slave finished is task and says "I completed my task (256)"
Master: slave finished is task and says "I completed my task (235)"
Master: slave finished is task and says "I completed my task (225)"
FINISHED NOW!
logging to.../global/cscratch1/sd/huikong/obiwan_Aug/repos_for_docker/obiwan_out/elg_200per_run/logs/003//more_rs0/log.0031m025
logging to.../global/cscratch1/sd/huikong/obiwan_Aug/repos_for_docker/obiwan_out/elg_200per_run/logs/003//more_rs0/log.0031m027
slurmstepd: error: *** STEP 16732079.1 ON nid00567 CANCELLED AT 2018-11-30T10:49:52 DUE TO TIME LIMIT ***
srun: got SIGCONT
srun: forcing job termination
