logging to.../global/cscratch1/sd/huikong/obiwan_Aug/repos_for_docker/obiwan_out/elg_new_ccd_list/logs/000//more_rs0/log.0001p012
logging to.../global/cscratch1/sd/huikong/obiwan_Aug/repos_for_docker/obiwan_out/elg_new_ccd_list/logs/000//more_rs0/log.0001p007
logging to.../global/cscratch1/sd/huikong/obiwan_Aug/repos_for_docker/obiwan_out/elg_new_ccd_list/logs/000//more_rs0/log.0001p015
logging to.../global/cscratch1/sd/huikong/obiwan_Aug/repos_for_docker/obiwan_out/elg_new_ccd_list/logs/000//more_rs0/log.0001p017
logging to.../global/cscratch1/sd/huikong/obiwan_Aug/repos_for_docker/obiwan_out/elg_new_ccd_list/logs/000//more_rs0/log.0001p020
logging to.../global/cscratch1/sd/huikong/obiwan_Aug/repos_for_docker/obiwan_out/elg_new_ccd_list/logs/000//more_rs0/log.0001p022
logging to.../global/cscratch1/sd/huikong/obiwan_Aug/repos_for_docker/obiwan_out/elg_new_ccd_list/logs/000//more_rs0/log.0001p025
logging to.../global/cscratch1/sd/huikong/obiwan_Aug/repos_for_docker/obiwan_out/elg_new_ccd_list/logs/000//more_rs0/log.0001p027
logging to.../global/cscratch1/sd/huikong/obiwan_Aug/repos_for_docker/obiwan_out/elg_new_ccd_list/logs/000//more_rs0/log.0001p030
logging to.../global/cscratch1/sd/huikong/obiwan_Aug/repos_for_docker/obiwan_out/elg_new_ccd_list/logs/000//more_rs0/log.0001p032
logging to.../global/cscratch1/sd/huikong/obiwan_Aug/repos_for_docker/obiwan_out/elg_new_ccd_list/logs/000//more_rs0/log.0001p035
logging to.../global/cscratch1/sd/huikong/obiwan_Aug/repos_for_docker/obiwan_out/elg_new_ccd_list/logs/000//more_rs0/log.0001p037
logging to.../global/cscratch1/sd/huikong/obiwan_Aug/repos_for_docker/obiwan_out/elg_new_ccd_list/logs/000//more_rs0/log.0003m002
logging to.../global/cscratch1/sd/huikong/obiwan_Aug/repos_for_docker/obiwan_out/elg_new_ccd_list/logs/000//more_rs0/log.0003m005
logging to.../global/cscratch1/sd/huikong/obiwan_Aug/repos_for_docker/obiwan_out/elg_new_ccd_list/logs/000//more_rs0/log.0003m007
logging to.../global/cscratch1/sd/huikong/obiwan_Aug/repos_for_docker/obiwan_out/elg_new_ccd_list/logs/000//more_rs0/log.0003m010
logging to.../global/cscratch1/sd/huikong/obiwan_Aug/repos_for_docker/obiwan_out/elg_new_ccd_list/logs/000//more_rs0/log.0003m012
logging to.../global/cscratch1/sd/huikong/obiwan_Aug/repos_for_docker/obiwan_out/elg_new_ccd_list/logs/000//more_rs0/log.0003m015
logging to.../global/cscratch1/sd/huikong/obiwan_Aug/repos_for_docker/obiwan_out/elg_new_ccd_list/logs/000//more_rs0/log.0003m017
logging to.../global/cscratch1/sd/huikong/obiwan_Aug/repos_for_docker/obiwan_out/elg_new_ccd_list/logs/000//more_rs0/log.0003m020
logging to.../global/cscratch1/sd/huikong/obiwan_Aug/repos_for_docker/obiwan_out/elg_new_ccd_list/logs/000//more_rs0/log.0003m022
logging to.../global/cscratch1/sd/huikong/obiwan_Aug/repos_for_docker/obiwan_out/elg_new_ccd_list/logs/000//more_rs0/log.0003m025
logging to.../global/cscratch1/sd/huikong/obiwan_Aug/repos_for_docker/obiwan_out/elg_new_ccd_list/logs/000//more_rs0/log.0003m027
logging to.../global/cscratch1/sd/huikong/obiwan_Aug/repos_for_docker/obiwan_out/elg_new_ccd_list/logs/000//more_rs0/log.0003m030
logging to.../global/cscratch1/sd/huikong/obiwan_Aug/repos_for_docker/obiwan_out/elg_new_ccd_list/logs/000//more_rs0/log.0003m032
logging to.../global/cscratch1/sd/huikong/obiwan_Aug/repos_for_docker/obiwan_out/elg_new_ccd_list/logs/000//more_rs0/log.0003m035
logging to.../global/cscratch1/sd/huikong/obiwan_Aug/repos_for_docker/obiwan_out/elg_new_ccd_list/logs/000//more_rs0/log.0003m037
logging to.../global/cscratch1/sd/huikong/obiwan_Aug/repos_for_docker/obiwan_out/elg_new_ccd_list/logs/000//more_rs0/log.0003m040
slurmstepd: error: *** STEP 16380415.1 ON nid00989 CANCELLED AT 2018-11-15T18:17:17 DUE TO TIME LIMIT ***
srun: got SIGCONT
srun: forcing job termination
