logging to.../global/cscratch1/sd/huikong/obiwan_Aug/repos_for_docker/obiwan_out/elg_eight_bricks/logs/000//more_rs201/log.0001m005
logging to.../global/cscratch1/sd/huikong/obiwan_Aug/repos_for_docker/obiwan_out/elg_eight_bricks/logs/000//more_rs201/log.0001m025
logging to.../global/cscratch1/sd/huikong/obiwan_Aug/repos_for_docker/obiwan_out/elg_eight_bricks/logs/000//more_rs201/log.0001m037
logging to.../global/cscratch1/sd/huikong/obiwan_Aug/repos_for_docker/obiwan_out/elg_eight_bricks/logs/000//more_rs201/log.0001m032
logging to.../global/cscratch1/sd/huikong/obiwan_Aug/repos_for_docker/obiwan_out/elg_eight_bricks/logs/000//more_rs201/log.0001m012
logging to.../global/cscratch1/sd/huikong/obiwan_Aug/repos_for_docker/obiwan_out/elg_eight_bricks/logs/000//more_rs201/log.0001m010
logging to.../global/cscratch1/sd/huikong/obiwan_Aug/repos_for_docker/obiwan_out/elg_eight_bricks/logs/000//more_rs201/log.0001m020
logging to.../global/cscratch1/sd/huikong/obiwan_Aug/repos_for_docker/obiwan_out/elg_eight_bricks/logs/000//more_rs201/log.0001m015
logging to.../global/cscratch1/sd/huikong/obiwan_Aug/repos_for_docker/obiwan_out/elg_eight_bricks/logs/000//more_rs201/log.0001m017
logging to.../global/cscratch1/sd/huikong/obiwan_Aug/repos_for_docker/obiwan_out/elg_eight_bricks/logs/000//more_rs201/log.0001m022
logging to.../global/cscratch1/sd/huikong/obiwan_Aug/repos_for_docker/obiwan_out/elg_eight_bricks/logs/000//more_rs201/log.0001m035
logging to.../global/cscratch1/sd/huikong/obiwan_Aug/repos_for_docker/obiwan_out/elg_eight_bricks/logs/000//more_rs201/log.0001m030
logging to.../global/cscratch1/sd/huikong/obiwan_Aug/repos_for_docker/obiwan_out/elg_eight_bricks/logs/000//more_rs201/log.0001m027
logging to.../global/cscratch1/sd/huikong/obiwan_Aug/repos_for_docker/obiwan_out/elg_eight_bricks/logs/000//more_rs201/log.0001m040
logging to.../global/cscratch1/sd/huikong/obiwan_Aug/repos_for_docker/obiwan_out/elg_eight_bricks/logs/000//more_rs201/log.0001m042
logging to.../global/cscratch1/sd/huikong/obiwan_Aug/repos_for_docker/obiwan_out/elg_eight_bricks/logs/000//more_rs201/log.0001m045
logging to.../global/cscratch1/sd/huikong/obiwan_Aug/repos_for_docker/obiwan_out/elg_eight_bricks/logs/000//more_rs201/log.0001m047
logging to.../global/cscratch1/sd/huikong/obiwan_Aug/repos_for_docker/obiwan_out/elg_eight_bricks/logs/000//more_rs201/log.0001p000
logging to.../global/cscratch1/sd/huikong/obiwan_Aug/repos_for_docker/obiwan_out/elg_eight_bricks/logs/000//more_rs201/log.0001p012
logging to.../global/cscratch1/sd/huikong/obiwan_Aug/repos_for_docker/obiwan_out/elg_eight_bricks/logs/000//more_rs201/log.0001p015
logging to.../global/cscratch1/sd/huikong/obiwan_Aug/repos_for_docker/obiwan_out/elg_eight_bricks/logs/000//more_rs201/log.0001p020
logging to.../global/cscratch1/sd/huikong/obiwan_Aug/repos_for_docker/obiwan_out/elg_eight_bricks/logs/000//more_rs201/log.0001p022
logging to.../global/cscratch1/sd/huikong/obiwan_Aug/repos_for_docker/obiwan_out/elg_eight_bricks/logs/000//more_rs201/log.0001p030
logging to.../global/cscratch1/sd/huikong/obiwan_Aug/repos_for_docker/obiwan_out/elg_eight_bricks/logs/000//more_rs201/log.0001p035
logging to.../global/cscratch1/sd/huikong/obiwan_Aug/repos_for_docker/obiwan_out/elg_eight_bricks/logs/000//more_rs201/log.0001p037
logging to.../global/cscratch1/sd/huikong/obiwan_Aug/repos_for_docker/obiwan_out/elg_eight_bricks/logs/000//more_rs201/log.0003m005
logging to.../global/cscratch1/sd/huikong/obiwan_Aug/repos_for_docker/obiwan_out/elg_eight_bricks/logs/000//more_rs201/log.0003m007
logging to.../global/cscratch1/sd/huikong/obiwan_Aug/repos_for_docker/obiwan_out/elg_eight_bricks/logs/000//more_rs201/log.0003m010
logging to.../global/cscratch1/sd/huikong/obiwan_Aug/repos_for_docker/obiwan_out/elg_eight_bricks/logs/000//more_rs201/log.0003m012
logging to.../global/cscratch1/sd/huikong/obiwan_Aug/repos_for_docker/obiwan_out/elg_eight_bricks/logs/000//more_rs201/log.0003m015
logging to.../global/cscratch1/sd/huikong/obiwan_Aug/repos_for_docker/obiwan_out/elg_eight_bricks/logs/000//more_rs201/log.0003m027
logging to.../global/cscratch1/sd/huikong/obiwan_Aug/repos_for_docker/obiwan_out/elg_eight_bricks/logs/000//more_rs201/log.0003m037
logging to.../global/cscratch1/sd/huikong/obiwan_Aug/repos_for_docker/obiwan_out/elg_eight_bricks/logs/000//more_rs201/log.0003m035
logging to.../global/cscratch1/sd/huikong/obiwan_Aug/repos_for_docker/obiwan_out/elg_eight_bricks/logs/000//more_rs201/log.0003m025
logging to.../global/cscratch1/sd/huikong/obiwan_Aug/repos_for_docker/obiwan_out/elg_eight_bricks/logs/000//more_rs201/log.0003m020
logging to.../global/cscratch1/sd/huikong/obiwan_Aug/repos_for_docker/obiwan_out/elg_eight_bricks/logs/000//more_rs201/log.0003m040
logging to.../global/cscratch1/sd/huikong/obiwan_Aug/repos_for_docker/obiwan_out/elg_eight_bricks/logs/000//more_rs201/log.0003m045
logging to.../global/cscratch1/sd/huikong/obiwan_Aug/repos_for_docker/obiwan_out/elg_eight_bricks/logs/000//more_rs201/log.0003m047
logging to.../global/cscratch1/sd/huikong/obiwan_Aug/repos_for_docker/obiwan_out/elg_eight_bricks/logs/000//more_rs201/log.0003p005
logging to.../global/cscratch1/sd/huikong/obiwan_Aug/repos_for_docker/obiwan_out/elg_eight_bricks/logs/000//more_rs201/log.0003p010
logging to.../global/cscratch1/sd/huikong/obiwan_Aug/repos_for_docker/obiwan_out/elg_eight_bricks/logs/000//more_rs201/log.0003p012
logging to.../global/cscratch1/sd/huikong/obiwan_Aug/repos_for_docker/obiwan_out/elg_eight_bricks/logs/000//more_rs201/log.0003p017
logging to.../global/cscratch1/sd/huikong/obiwan_Aug/repos_for_docker/obiwan_out/elg_eight_bricks/logs/000//more_rs201/log.0003p020
logging to.../global/cscratch1/sd/huikong/obiwan_Aug/repos_for_docker/obiwan_out/elg_eight_bricks/logs/000//more_rs201/log.0003p022
logging to.../global/cscratch1/sd/huikong/obiwan_Aug/repos_for_docker/obiwan_out/elg_eight_bricks/logs/000//more_rs201/log.0003p027
logging to.../global/cscratch1/sd/huikong/obiwan_Aug/repos_for_docker/obiwan_out/elg_eight_bricks/logs/000//more_rs201/log.0003p030
logging to.../global/cscratch1/sd/huikong/obiwan_Aug/repos_for_docker/obiwan_out/elg_eight_bricks/logs/000//more_rs201/log.0003p032
logging to.../global/cscratch1/sd/huikong/obiwan_Aug/repos_for_docker/obiwan_out/elg_eight_bricks/logs/000//more_rs201/log.0003p035
logging to.../global/cscratch1/sd/huikong/obiwan_Aug/repos_for_docker/obiwan_out/elg_eight_bricks/logs/000//more_rs201/log.0003p037
logging to.../global/cscratch1/sd/huikong/obiwan_Aug/repos_for_docker/obiwan_out/elg_eight_bricks/logs/000//more_rs201/log.0003p040
logging to.../global/cscratch1/sd/huikong/obiwan_Aug/repos_for_docker/obiwan_out/elg_eight_bricks/logs/000//more_rs201/log.0006m015
logging to.../global/cscratch1/sd/huikong/obiwan_Aug/repos_for_docker/obiwan_out/elg_eight_bricks/logs/000//more_rs201/log.0006m020
logging to.../global/cscratch1/sd/huikong/obiwan_Aug/repos_for_docker/obiwan_out/elg_eight_bricks/logs/000//more_rs201/log.0006m025
logging to.../global/cscratch1/sd/huikong/obiwan_Aug/repos_for_docker/obiwan_out/elg_eight_bricks/logs/000//more_rs201/log.0006m030
logging to.../global/cscratch1/sd/huikong/obiwan_Aug/repos_for_docker/obiwan_out/elg_eight_bricks/logs/000//more_rs201/log.0006m032
logging to.../global/cscratch1/sd/huikong/obiwan_Aug/repos_for_docker/obiwan_out/elg_eight_bricks/logs/000//more_rs201/log.0006m040
logging to.../global/cscratch1/sd/huikong/obiwan_Aug/repos_for_docker/obiwan_out/elg_eight_bricks/logs/000//more_rs201/log.0006m042
logging to.../global/cscratch1/sd/huikong/obiwan_Aug/repos_for_docker/obiwan_out/elg_eight_bricks/logs/000//more_rs201/log.0006m045
logging to.../global/cscratch1/sd/huikong/obiwan_Aug/repos_for_docker/obiwan_out/elg_eight_bricks/logs/000//more_rs201/log.0006p000
logging to.../global/cscratch1/sd/huikong/obiwan_Aug/repos_for_docker/obiwan_out/elg_eight_bricks/logs/000//more_rs201/log.0006p002
logging to.../global/cscratch1/sd/huikong/obiwan_Aug/repos_for_docker/obiwan_out/elg_eight_bricks/logs/000//more_rs201/log.0006p007
logging to.../global/cscratch1/sd/huikong/obiwan_Aug/repos_for_docker/obiwan_out/elg_eight_bricks/logs/000//more_rs201/log.0006p010
logging to.../global/cscratch1/sd/huikong/obiwan_Aug/repos_for_docker/obiwan_out/elg_eight_bricks/logs/000//more_rs201/log.0006p012
logging to.../global/cscratch1/sd/huikong/obiwan_Aug/repos_for_docker/obiwan_out/elg_eight_bricks/logs/000//more_rs201/log.0006p015
logging to.../global/cscratch1/sd/huikong/obiwan_Aug/repos_for_docker/obiwan_out/elg_eight_bricks/logs/000//more_rs201/log.0006p017
logging to.../global/cscratch1/sd/huikong/obiwan_Aug/repos_for_docker/obiwan_out/elg_eight_bricks/logs/000//more_rs201/log.0006p020
logging to.../global/cscratch1/sd/huikong/obiwan_Aug/repos_for_docker/obiwan_out/elg_eight_bricks/logs/000//more_rs201/log.0006p025
logging to.../global/cscratch1/sd/huikong/obiwan_Aug/repos_for_docker/obiwan_out/elg_eight_bricks/logs/000//more_rs201/log.0006p027
logging to.../global/cscratch1/sd/huikong/obiwan_Aug/repos_for_docker/obiwan_out/elg_eight_bricks/logs/000//more_rs201/log.0006p030
logging to.../global/cscratch1/sd/huikong/obiwan_Aug/repos_for_docker/obiwan_out/elg_eight_bricks/logs/000//more_rs201/log.0006p032
logging to.../global/cscratch1/sd/huikong/obiwan_Aug/repos_for_docker/obiwan_out/elg_eight_bricks/logs/000//more_rs201/log.0006p035
logging to.../global/cscratch1/sd/huikong/obiwan_Aug/repos_for_docker/obiwan_out/elg_eight_bricks/logs/000//more_rs201/log.0006p042
logging to.../global/cscratch1/sd/huikong/obiwan_Aug/repos_for_docker/obiwan_out/elg_eight_bricks/logs/000//more_rs201/log.0006p045
logging to.../global/cscratch1/sd/huikong/obiwan_Aug/repos_for_docker/obiwan_out/elg_eight_bricks/logs/000//more_rs201/log.0008m005
logging to.../global/cscratch1/sd/huikong/obiwan_Aug/repos_for_docker/obiwan_out/elg_eight_bricks/logs/000//more_rs201/log.0008m027
logging to.../global/cscratch1/sd/huikong/obiwan_Aug/repos_for_docker/obiwan_out/elg_eight_bricks/logs/000//more_rs201/log.0008m030
logging to.../global/cscratch1/sd/huikong/obiwan_Aug/repos_for_docker/obiwan_out/elg_eight_bricks/logs/000//more_rs201/log.0008m032
logging to.../global/cscratch1/sd/huikong/obiwan_Aug/repos_for_docker/obiwan_out/elg_eight_bricks/logs/000//more_rs201/log.0008m035
logging to.../global/cscratch1/sd/huikong/obiwan_Aug/repos_for_docker/obiwan_out/elg_eight_bricks/logs/000//more_rs201/log.0008m040
logging to.../global/cscratch1/sd/huikong/obiwan_Aug/repos_for_docker/obiwan_out/elg_eight_bricks/logs/000//more_rs201/log.0008m042
logging to.../global/cscratch1/sd/huikong/obiwan_Aug/repos_for_docker/obiwan_out/elg_eight_bricks/logs/000//more_rs201/log.0008m047
logging to.../global/cscratch1/sd/huikong/obiwan_Aug/repos_for_docker/obiwan_out/elg_eight_bricks/logs/000//more_rs201/log.0008p005
logging to.../global/cscratch1/sd/huikong/obiwan_Aug/repos_for_docker/obiwan_out/elg_eight_bricks/logs/000//more_rs201/log.0008p007
logging to.../global/cscratch1/sd/huikong/obiwan_Aug/repos_for_docker/obiwan_out/elg_eight_bricks/logs/000//more_rs201/log.0008p012
logging to.../global/cscratch1/sd/huikong/obiwan_Aug/repos_for_docker/obiwan_out/elg_eight_bricks/logs/000//more_rs201/log.0008p017
logging to.../global/cscratch1/sd/huikong/obiwan_Aug/repos_for_docker/obiwan_out/elg_eight_bricks/logs/000//more_rs201/log.0008p027
logging to.../global/cscratch1/sd/huikong/obiwan_Aug/repos_for_docker/obiwan_out/elg_eight_bricks/logs/000//more_rs201/log.0008p030
logging to.../global/cscratch1/sd/huikong/obiwan_Aug/repos_for_docker/obiwan_out/elg_eight_bricks/logs/000//more_rs201/log.0008p032
logging to.../global/cscratch1/sd/huikong/obiwan_Aug/repos_for_docker/obiwan_out/elg_eight_bricks/logs/000//more_rs201/log.0008p035
logging to.../global/cscratch1/sd/huikong/obiwan_Aug/repos_for_docker/obiwan_out/elg_eight_bricks/logs/000//more_rs201/log.0008p037
logging to.../global/cscratch1/sd/huikong/obiwan_Aug/repos_for_docker/obiwan_out/elg_eight_bricks/logs/000//more_rs201/log.0008p040
logging to.../global/cscratch1/sd/huikong/obiwan_Aug/repos_for_docker/obiwan_out/elg_eight_bricks/logs/000//more_rs201/log.0008p042
logging to.../global/cscratch1/sd/huikong/obiwan_Aug/repos_for_docker/obiwan_out/elg_eight_bricks/logs/000//more_rs201/log.0008p045
logging to.../global/cscratch1/sd/huikong/obiwan_Aug/repos_for_docker/obiwan_out/elg_eight_bricks/logs/000//more_rs201/log.0008p047
logging to.../global/cscratch1/sd/huikong/obiwan_Aug/repos_for_docker/obiwan_out/elg_eight_bricks/logs/001//more_rs201/log.0011m007
logging to.../global/cscratch1/sd/huikong/obiwan_Aug/repos_for_docker/obiwan_out/elg_eight_bricks/logs/001//more_rs201/log.0011m017
logging to.../global/cscratch1/sd/huikong/obiwan_Aug/repos_for_docker/obiwan_out/elg_eight_bricks/logs/001//more_rs201/log.0011m020
logging to.../global/cscratch1/sd/huikong/obiwan_Aug/repos_for_docker/obiwan_out/elg_eight_bricks/logs/001//more_rs201/log.0011m022
logging to.../global/cscratch1/sd/huikong/obiwan_Aug/repos_for_docker/obiwan_out/elg_eight_bricks/logs/001//more_rs201/log.0011m025
logging to.../global/cscratch1/sd/huikong/obiwan_Aug/repos_for_docker/obiwan_out/elg_eight_bricks/logs/001//more_rs201/log.0011m030
logging to.../global/cscratch1/sd/huikong/obiwan_Aug/repos_for_docker/obiwan_out/elg_eight_bricks/logs/001//more_rs201/log.0011m032
logging to.../global/cscratch1/sd/huikong/obiwan_Aug/repos_for_docker/obiwan_out/elg_eight_bricks/logs/001//more_rs201/log.0011m035
logging to.../global/cscratch1/sd/huikong/obiwan_Aug/repos_for_docker/obiwan_out/elg_eight_bricks/logs/001//more_rs201/log.0011m040
logging to.../global/cscratch1/sd/huikong/obiwan_Aug/repos_for_docker/obiwan_out/elg_eight_bricks/logs/001//more_rs201/log.0011m047
logging to.../global/cscratch1/sd/huikong/obiwan_Aug/repos_for_docker/obiwan_out/elg_eight_bricks/logs/001//more_rs201/log.0011p010
logging to.../global/cscratch1/sd/huikong/obiwan_Aug/repos_for_docker/obiwan_out/elg_eight_bricks/logs/001//more_rs201/log.0011p012
logging to.../global/cscratch1/sd/huikong/obiwan_Aug/repos_for_docker/obiwan_out/elg_eight_bricks/logs/001//more_rs201/log.0011p017
logging to.../global/cscratch1/sd/huikong/obiwan_Aug/repos_for_docker/obiwan_out/elg_eight_bricks/logs/001//more_rs201/log.0011p027
logging to.../global/cscratch1/sd/huikong/obiwan_Aug/repos_for_docker/obiwan_out/elg_eight_bricks/logs/001//more_rs201/log.0011p030
logging to.../global/cscratch1/sd/huikong/obiwan_Aug/repos_for_docker/obiwan_out/elg_eight_bricks/logs/001//more_rs201/log.0011p032
logging to.../global/cscratch1/sd/huikong/obiwan_Aug/repos_for_docker/obiwan_out/elg_eight_bricks/logs/001//more_rs201/log.0011p035
logging to.../global/cscratch1/sd/huikong/obiwan_Aug/repos_for_docker/obiwan_out/elg_eight_bricks/logs/001//more_rs201/log.0011p037
logging to.../global/cscratch1/sd/huikong/obiwan_Aug/repos_for_docker/obiwan_out/elg_eight_bricks/logs/001//more_rs201/log.0011p040
logging to.../global/cscratch1/sd/huikong/obiwan_Aug/repos_for_docker/obiwan_out/elg_eight_bricks/logs/001//more_rs201/log.0011p042
logging to.../global/cscratch1/sd/huikong/obiwan_Aug/repos_for_docker/obiwan_out/elg_eight_bricks/logs/001//more_rs201/log.0011p045
logging to.../global/cscratch1/sd/huikong/obiwan_Aug/repos_for_docker/obiwan_out/elg_eight_bricks/logs/001//more_rs201/log.0011p047
logging to.../global/cscratch1/sd/huikong/obiwan_Aug/repos_for_docker/obiwan_out/elg_eight_bricks/logs/001//more_rs201/log.0013m010
logging to.../global/cscratch1/sd/huikong/obiwan_Aug/repos_for_docker/obiwan_out/elg_eight_bricks/logs/001//more_rs201/log.0013m012
logging to.../global/cscratch1/sd/huikong/obiwan_Aug/repos_for_docker/obiwan_out/elg_eight_bricks/logs/001//more_rs201/log.0013m017
logging to.../global/cscratch1/sd/huikong/obiwan_Aug/repos_for_docker/obiwan_out/elg_eight_bricks/logs/001//more_rs201/log.0013m020
logging to.../global/cscratch1/sd/huikong/obiwan_Aug/repos_for_docker/obiwan_out/elg_eight_bricks/logs/001//more_rs201/log.0013m022
logging to.../global/cscratch1/sd/huikong/obiwan_Aug/repos_for_docker/obiwan_out/elg_eight_bricks/logs/001//more_rs201/log.0013m025
logging to.../global/cscratch1/sd/huikong/obiwan_Aug/repos_for_docker/obiwan_out/elg_eight_bricks/logs/001//more_rs201/log.0013m027
logging to.../global/cscratch1/sd/huikong/obiwan_Aug/repos_for_docker/obiwan_out/elg_eight_bricks/logs/001//more_rs201/log.0013m030
logging to.../global/cscratch1/sd/huikong/obiwan_Aug/repos_for_docker/obiwan_out/elg_eight_bricks/logs/001//more_rs201/log.0013m032
logging to.../global/cscratch1/sd/huikong/obiwan_Aug/repos_for_docker/obiwan_out/elg_eight_bricks/logs/001//more_rs201/log.0013m035
logging to.../global/cscratch1/sd/huikong/obiwan_Aug/repos_for_docker/obiwan_out/elg_eight_bricks/logs/001//more_rs201/log.0013m042
logging to.../global/cscratch1/sd/huikong/obiwan_Aug/repos_for_docker/obiwan_out/elg_eight_bricks/logs/001//more_rs201/log.0013m045
logging to.../global/cscratch1/sd/huikong/obiwan_Aug/repos_for_docker/obiwan_out/elg_eight_bricks/logs/001//more_rs201/log.0013p002
logging to.../global/cscratch1/sd/huikong/obiwan_Aug/repos_for_docker/obiwan_out/elg_eight_bricks/logs/001//more_rs201/log.0013p010
logging to.../global/cscratch1/sd/huikong/obiwan_Aug/repos_for_docker/obiwan_out/elg_eight_bricks/logs/001//more_rs201/log.0013p012
logging to.../global/cscratch1/sd/huikong/obiwan_Aug/repos_for_docker/obiwan_out/elg_eight_bricks/logs/001//more_rs201/log.0013p017
logging to.../global/cscratch1/sd/huikong/obiwan_Aug/repos_for_docker/obiwan_out/elg_eight_bricks/logs/001//more_rs201/log.0013p022
logging to.../global/cscratch1/sd/huikong/obiwan_Aug/repos_for_docker/obiwan_out/elg_eight_bricks/logs/001//more_rs201/log.0013p025
logging to.../global/cscratch1/sd/huikong/obiwan_Aug/repos_for_docker/obiwan_out/elg_eight_bricks/logs/001//more_rs201/log.0013p032
logging to.../global/cscratch1/sd/huikong/obiwan_Aug/repos_for_docker/obiwan_out/elg_eight_bricks/logs/001//more_rs201/log.0013p037
logging to.../global/cscratch1/sd/huikong/obiwan_Aug/repos_for_docker/obiwan_out/elg_eight_bricks/logs/001//more_rs201/log.0013p040
logging to.../global/cscratch1/sd/huikong/obiwan_Aug/repos_for_docker/obiwan_out/elg_eight_bricks/logs/001//more_rs201/log.0013p045
logging to.../global/cscratch1/sd/huikong/obiwan_Aug/repos_for_docker/obiwan_out/elg_eight_bricks/logs/001//more_rs201/log.0013p042
logging to.../global/cscratch1/sd/huikong/obiwan_Aug/repos_for_docker/obiwan_out/elg_eight_bricks/logs/001//more_rs201/log.0013p047
logging to.../global/cscratch1/sd/huikong/obiwan_Aug/repos_for_docker/obiwan_out/elg_eight_bricks/logs/001//more_rs201/log.0016m010
logging to.../global/cscratch1/sd/huikong/obiwan_Aug/repos_for_docker/obiwan_out/elg_eight_bricks/logs/001//more_rs201/log.0016m015
logging to.../global/cscratch1/sd/huikong/obiwan_Aug/repos_for_docker/obiwan_out/elg_eight_bricks/logs/001//more_rs201/log.0016m017
logging to.../global/cscratch1/sd/huikong/obiwan_Aug/repos_for_docker/obiwan_out/elg_eight_bricks/logs/001//more_rs201/log.0016m025
logging to.../global/cscratch1/sd/huikong/obiwan_Aug/repos_for_docker/obiwan_out/elg_eight_bricks/logs/001//more_rs201/log.0016m030
logging to.../global/cscratch1/sd/huikong/obiwan_Aug/repos_for_docker/obiwan_out/elg_eight_bricks/logs/001//more_rs201/log.0016m032
logging to.../global/cscratch1/sd/huikong/obiwan_Aug/repos_for_docker/obiwan_out/elg_eight_bricks/logs/001//more_rs201/log.0016m035
logging to.../global/cscratch1/sd/huikong/obiwan_Aug/repos_for_docker/obiwan_out/elg_eight_bricks/logs/001//more_rs201/log.0016m040
logging to.../global/cscratch1/sd/huikong/obiwan_Aug/repos_for_docker/obiwan_out/elg_eight_bricks/logs/001//more_rs201/log.0016m042
logging to.../global/cscratch1/sd/huikong/obiwan_Aug/repos_for_docker/obiwan_out/elg_eight_bricks/logs/001//more_rs201/log.0016m047
logging to.../global/cscratch1/sd/huikong/obiwan_Aug/repos_for_docker/obiwan_out/elg_eight_bricks/logs/001//more_rs201/log.0016p002
logging to.../global/cscratch1/sd/huikong/obiwan_Aug/repos_for_docker/obiwan_out/elg_eight_bricks/logs/001//more_rs201/log.0016p007
logging to.../global/cscratch1/sd/huikong/obiwan_Aug/repos_for_docker/obiwan_out/elg_eight_bricks/logs/001//more_rs201/log.0016p010
logging to.../global/cscratch1/sd/huikong/obiwan_Aug/repos_for_docker/obiwan_out/elg_eight_bricks/logs/001//more_rs201/log.0016p012
logging to.../global/cscratch1/sd/huikong/obiwan_Aug/repos_for_docker/obiwan_out/elg_eight_bricks/logs/001//more_rs201/log.0016p015
logging to.../global/cscratch1/sd/huikong/obiwan_Aug/repos_for_docker/obiwan_out/elg_eight_bricks/logs/001//more_rs201/log.0016p020
logging to.../global/cscratch1/sd/huikong/obiwan_Aug/repos_for_docker/obiwan_out/elg_eight_bricks/logs/001//more_rs201/log.0016p022
logging to.../global/cscratch1/sd/huikong/obiwan_Aug/repos_for_docker/obiwan_out/elg_eight_bricks/logs/001//more_rs201/log.0016p025
logging to.../global/cscratch1/sd/huikong/obiwan_Aug/repos_for_docker/obiwan_out/elg_eight_bricks/logs/001//more_rs201/log.0016p027
logging to.../global/cscratch1/sd/huikong/obiwan_Aug/repos_for_docker/obiwan_out/elg_eight_bricks/logs/001//more_rs201/log.0016p030
I am  nid12938 rank 0 (total 40)
Master: slave finished is task and says "I completed my task (24)"
Master: slave finished is task and says "I completed my task (23)"
Master: slave finished is task and says "I completed my task (16)"
Master: slave finished is task and says "I completed my task (22)"
Master: slave finished is task and says "I completed my task (37)"
Master: slave finished is task and says "I completed my task (20)"
Master: slave finished is task and says "I completed my task (5)"
Master: slave finished is task and says "I completed my task (15)"
Master: slave finished is task and says "I completed my task (9)"
Master: slave finished is task and says "I completed my task (13)"
Master: slave finished is task and says "I completed my task (10)"
Master: slave finished is task and says "I completed my task (21)"
Master: slave finished is task and says "I completed my task (8)"
Master: slave finished is task and says "I completed my task (14)"
Master: slave finished is task and says "I completed my task (6)"
Master: slave finished is task and says "I completed my task (12)"
Master: slave finished is task and says "I completed my task (36)"
Master: slave finished is task and says "I completed my task (29)"
Master: slave finished is task and says "I completed my task (30)"
Master: slave finished is task and says "I completed my task (33)"
Master: slave finished is task and says "I completed my task (32)"
Master: slave finished is task and says "I completed my task (18)"
Master: slave finished is task and says "I completed my task (11)"
Master: slave finished is task and says "I completed my task (31)"
Master: slave finished is task and says "I completed my task (35)"
Master: slave finished is task and says "I completed my task (49)"
Master: slave finished is task and says "I completed my task (34)"
Master: slave finished is task and says "I completed my task (28)"
Master: slave finished is task and says "I completed my task (48)"
Master: slave finished is task and says "I completed my task (7)"
Master: slave finished is task and says "I completed my task (3)"
Master: slave finished is task and says "I completed my task (19)"
Master: slave finished is task and says "I completed my task (44)"
Master: slave finished is task and says "I completed my task (4)"
Master: slave finished is task and says "I completed my task (2)"
Master: slave finished is task and says "I completed my task (47)"
Master: slave finished is task and says "I completed my task (43)"
Master: slave finished is task and says "I completed my task (42)"
Master: slave finished is task and says "I completed my task (45)"
Master: slave finished is task and says "I completed my task (40)"
Master: slave finished is task and says "I completed my task (46)"
Master: slave finished is task and says "I completed my task (41)"
Master: slave finished is task and says "I completed my task (72)"
Master: slave finished is task and says "I completed my task (71)"
Master: slave finished is task and says "I completed my task (67)"
Master: slave finished is task and says "I completed my task (52)"
Master: slave finished is task and says "I completed my task (55)"
Master: slave finished is task and says "I completed my task (51)"
Master: slave finished is task and says "I completed my task (27)"
Master: slave finished is task and says "I completed my task (1)"
Master: slave finished is task and says "I completed my task (54)"
Master: slave finished is task and says "I completed my task (57)"
Master: slave finished is task and says "I completed my task (70)"
Master: slave finished is task and says "I completed my task (53)"
Master: slave finished is task and says "I completed my task (50)"
Master: slave finished is task and says "I completed my task (63)"
Master: slave finished is task and says "I completed my task (66)"
Master: slave finished is task and says "I completed my task (62)"
Master: slave finished is task and says "I completed my task (68)"
Master: slave finished is task and says "I completed my task (69)"
Master: slave finished is task and says "I completed my task (65)"
Master: slave finished is task and says "I completed my task (56)"
Master: slave finished is task and says "I completed my task (74)"
Master: slave finished is task and says "I completed my task (93)"
Master: slave finished is task and says "I completed my task (77)"
Master: slave finished is task and says "I completed my task (39)"
Master: slave finished is task and says "I completed my task (80)"
Master: slave finished is task and says "I completed my task (64)"
Master: slave finished is task and says "I completed my task (61)"
Master: slave finished is task and says "I completed my task (75)"
Master: slave finished is task and says "I completed my task (76)"
Master: slave finished is task and says "I completed my task (91)"
Master: slave finished is task and says "I completed my task (92)"
Master: slave finished is task and says "I completed my task (78)"
Master: slave finished is task and says "I completed my task (38)"
Master: slave finished is task and says "I completed my task (79)"
Master: slave finished is task and says "I completed my task (88)"
Master: slave finished is task and says "I completed my task (89)"
Master: slave finished is task and says "I completed my task (90)"
Master: slave finished is task and says "I completed my task (86)"
Master: slave finished is task and says "I completed my task (85)"
Master: slave finished is task and says "I completed my task (87)"
Master: slave finished is task and says "I completed my task (83)"
Master: slave finished is task and says "I completed my task (98)"
Master: slave finished is task and says "I completed my task (115)"
Master: slave finished is task and says "I completed my task (113)"
Master: slave finished is task and says "I completed my task (82)"
Master: slave finished is task and says "I completed my task (114)"
Master: slave finished is task and says "I completed my task (112)"
Master: slave finished is task and says "I completed my task (109)"
Master: slave finished is task and says "I completed my task (102)"
Master: slave finished is task and says "I completed my task (60)"
Master: slave finished is task and says "I completed my task (110)"
Master: slave finished is task and says "I completed my task (84)"
Master: slave finished is task and says "I completed my task (17)"
Master: slave finished is task and says "I completed my task (99)"
Master: slave finished is task and says "I completed my task (111)"
Master: slave finished is task and says "I completed my task (100)"
Master: slave finished is task and says "I completed my task (97)"
Master: slave finished is task and says "I completed my task (96)"
Master: slave finished is task and says "I completed my task (103)"
Master: slave finished is task and says "I completed my task (101)"
Master: slave finished is task and says "I completed my task (0)"
Master: slave finished is task and says "I completed my task (108)"
Master: slave finished is task and says "I completed my task (107)"
Master: slave finished is task and says "I completed my task (105)"
Master: slave finished is task and says "I completed my task (95)"
Master: slave finished is task and says "I completed my task (120)"
Master: slave finished is task and says "I completed my task (139)"
Master: slave finished is task and says "I completed my task (121)"
Master: slave finished is task and says "I completed my task (104)"
Master: slave finished is task and says "I completed my task (137)"
Master: slave finished is task and says "I completed my task (138)"
Master: slave finished is task and says "I completed my task (106)"
Master: slave finished is task and says "I completed my task (26)"
Master: slave finished is task and says "I completed my task (122)"
Master: slave finished is task and says "I completed my task (136)"
Master: slave finished is task and says "I completed my task (124)"
Master: slave finished is task and says "I completed my task (135)"
Master: slave finished is task and says "I completed my task (118)"
Master: slave finished is task and says "I completed my task (119)"
logging to.../global/cscratch1/sd/huikong/obiwan_Aug/repos_for_docker/obiwan_out/elg_eight_bricks/logs/001//more_rs201/log.0016p032
logging to.../global/cscratch1/sd/huikong/obiwan_Aug/repos_for_docker/obiwan_out/elg_eight_bricks/logs/001//more_rs201/log.0016p035
logging to.../global/cscratch1/sd/huikong/obiwan_Aug/repos_for_docker/obiwan_out/elg_eight_bricks/logs/001//more_rs201/log.0016p037
logging to.../global/cscratch1/sd/huikong/obiwan_Aug/repos_for_docker/obiwan_out/elg_eight_bricks/logs/001//more_rs201/log.0016p040
logging to.../global/cscratch1/sd/huikong/obiwan_Aug/repos_for_docker/obiwan_out/elg_eight_bricks/logs/001//more_rs201/log.0016p042
logging to.../global/cscratch1/sd/huikong/obiwan_Aug/repos_for_docker/obiwan_out/elg_eight_bricks/logs/001//more_rs201/log.0016p045
logging to.../global/cscratch1/sd/huikong/obiwan_Aug/repos_for_docker/obiwan_out/elg_eight_bricks/logs/001//more_rs201/log.0016p047
logging to.../global/cscratch1/sd/huikong/obiwan_Aug/repos_for_docker/obiwan_out/elg_eight_bricks/logs/001//more_rs201/log.0018m010
logging to.../global/cscratch1/sd/huikong/obiwan_Aug/repos_for_docker/obiwan_out/elg_eight_bricks/logs/001//more_rs201/log.0018m012
logging to.../global/cscratch1/sd/huikong/obiwan_Aug/repos_for_docker/obiwan_out/elg_eight_bricks/logs/001//more_rs201/log.0018m015
logging to.../global/cscratch1/sd/huikong/obiwan_Aug/repos_for_docker/obiwan_out/elg_eight_bricks/logs/001//more_rs201/log.0018m017
logging to.../global/cscratch1/sd/huikong/obiwan_Aug/repos_for_docker/obiwan_out/elg_eight_bricks/logs/001//more_rs201/log.0018m020
logging to.../global/cscratch1/sd/huikong/obiwan_Aug/repos_for_docker/obiwan_out/elg_eight_bricks/logs/001//more_rs201/log.0018m022
logging to.../global/cscratch1/sd/huikong/obiwan_Aug/repos_for_docker/obiwan_out/elg_eight_bricks/logs/001//more_rs201/log.0018m030
logging to.../global/cscratch1/sd/huikong/obiwan_Aug/repos_for_docker/obiwan_out/elg_eight_bricks/logs/001//more_rs201/log.0018m032
logging to.../global/cscratch1/sd/huikong/obiwan_Aug/repos_for_docker/obiwan_out/elg_eight_bricks/logs/001//more_rs201/log.0018m035
logging to.../global/cscratch1/sd/huikong/obiwan_Aug/repos_for_docker/obiwan_out/elg_eight_bricks/logs/001//more_rs201/log.0018m040
logging to.../global/cscratch1/sd/huikong/obiwan_Aug/repos_for_docker/obiwan_out/elg_eight_bricks/logs/001//more_rs201/log.0018m042
logging to.../global/cscratch1/sd/huikong/obiwan_Aug/repos_for_docker/obiwan_out/elg_eight_bricks/logs/001//more_rs201/log.0018p005
logging to.../global/cscratch1/sd/huikong/obiwan_Aug/repos_for_docker/obiwan_out/elg_eight_bricks/logs/001//more_rs201/log.0018p015
logging to.../global/cscratch1/sd/huikong/obiwan_Aug/repos_for_docker/obiwan_out/elg_eight_bricks/logs/001//more_rs201/log.0018p017
logging to.../global/cscratch1/sd/huikong/obiwan_Aug/repos_for_docker/obiwan_out/elg_eight_bricks/logs/001//more_rs201/log.0018p022
logging to.../global/cscratch1/sd/huikong/obiwan_Aug/repos_for_docker/obiwan_out/elg_eight_bricks/logs/001//more_rs201/log.0018p027
slurmstepd: error: *** STEP 16226319.1 ON nid12938 CANCELLED AT 2018-11-07T01:31:25 DUE TO TIME LIMIT ***
srun: got SIGCONT
srun: forcing job termination
