logging to.../global/cscratch1/sd/huikong/obiwan_Aug/repos_for_docker/obiwan_out/elg_eight_bricks/logs/000//more_rs201/log.0001p027
logging to.../global/cscratch1/sd/huikong/obiwan_Aug/repos_for_docker/obiwan_out/elg_eight_bricks/logs/000//more_rs201/log.0001p010
logging to.../global/cscratch1/sd/huikong/obiwan_Aug/repos_for_docker/obiwan_out/elg_eight_bricks/logs/000//more_rs201/log.0001p007
logging to.../global/cscratch1/sd/huikong/obiwan_Aug/repos_for_docker/obiwan_out/elg_eight_bricks/logs/000//more_rs201/log.0001m007
logging to.../global/cscratch1/sd/huikong/obiwan_Aug/repos_for_docker/obiwan_out/elg_eight_bricks/logs/000//more_rs201/log.0001p025
logging to.../global/cscratch1/sd/huikong/obiwan_Aug/repos_for_docker/obiwan_out/elg_eight_bricks/logs/000//more_rs201/log.0001p002
logging to.../global/cscratch1/sd/huikong/obiwan_Aug/repos_for_docker/obiwan_out/elg_eight_bricks/logs/000//more_rs201/log.0001p017
logging to.../global/cscratch1/sd/huikong/obiwan_Aug/repos_for_docker/obiwan_out/elg_eight_bricks/logs/000//more_rs201/log.0001p032
logging to.../global/cscratch1/sd/huikong/obiwan_Aug/repos_for_docker/obiwan_out/elg_eight_bricks/logs/000//more_rs201/log.0003m002
logging to.../global/cscratch1/sd/huikong/obiwan_Aug/repos_for_docker/obiwan_out/elg_eight_bricks/logs/000//more_rs201/log.0003m017
logging to.../global/cscratch1/sd/huikong/obiwan_Aug/repos_for_docker/obiwan_out/elg_eight_bricks/logs/000//more_rs201/log.0003m022
logging to.../global/cscratch1/sd/huikong/obiwan_Aug/repos_for_docker/obiwan_out/elg_eight_bricks/logs/000//more_rs201/log.0003m030
logging to.../global/cscratch1/sd/huikong/obiwan_Aug/repos_for_docker/obiwan_out/elg_eight_bricks/logs/000//more_rs201/log.0003m032
logging to.../global/cscratch1/sd/huikong/obiwan_Aug/repos_for_docker/obiwan_out/elg_eight_bricks/logs/000//more_rs201/log.0003m042
logging to.../global/cscratch1/sd/huikong/obiwan_Aug/repos_for_docker/obiwan_out/elg_eight_bricks/logs/000//more_rs201/log.0003p002
logging to.../global/cscratch1/sd/huikong/obiwan_Aug/repos_for_docker/obiwan_out/elg_eight_bricks/logs/000//more_rs201/log.0003p000
logging to.../global/cscratch1/sd/huikong/obiwan_Aug/repos_for_docker/obiwan_out/elg_eight_bricks/logs/000//more_rs201/log.0003p007
logging to.../global/cscratch1/sd/huikong/obiwan_Aug/repos_for_docker/obiwan_out/elg_eight_bricks/logs/000//more_rs201/log.0003p015
logging to.../global/cscratch1/sd/huikong/obiwan_Aug/repos_for_docker/obiwan_out/elg_eight_bricks/logs/000//more_rs201/log.0003p025
logging to.../global/cscratch1/sd/huikong/obiwan_Aug/repos_for_docker/obiwan_out/elg_eight_bricks/logs/000//more_rs201/log.0006m002
logging to.../global/cscratch1/sd/huikong/obiwan_Aug/repos_for_docker/obiwan_out/elg_eight_bricks/logs/000//more_rs201/log.0006m005
logging to.../global/cscratch1/sd/huikong/obiwan_Aug/repos_for_docker/obiwan_out/elg_eight_bricks/logs/000//more_rs201/log.0006m007
logging to.../global/cscratch1/sd/huikong/obiwan_Aug/repos_for_docker/obiwan_out/elg_eight_bricks/logs/000//more_rs201/log.0006m010
logging to.../global/cscratch1/sd/huikong/obiwan_Aug/repos_for_docker/obiwan_out/elg_eight_bricks/logs/000//more_rs201/log.0006m012
logging to.../global/cscratch1/sd/huikong/obiwan_Aug/repos_for_docker/obiwan_out/elg_eight_bricks/logs/000//more_rs201/log.0006m017
logging to.../global/cscratch1/sd/huikong/obiwan_Aug/repos_for_docker/obiwan_out/elg_eight_bricks/logs/000//more_rs201/log.0006m022
logging to.../global/cscratch1/sd/huikong/obiwan_Aug/repos_for_docker/obiwan_out/elg_eight_bricks/logs/000//more_rs201/log.0006m027
logging to.../global/cscratch1/sd/huikong/obiwan_Aug/repos_for_docker/obiwan_out/elg_eight_bricks/logs/000//more_rs201/log.0006m035
logging to.../global/cscratch1/sd/huikong/obiwan_Aug/repos_for_docker/obiwan_out/elg_eight_bricks/logs/000//more_rs201/log.0006m037
logging to.../global/cscratch1/sd/huikong/obiwan_Aug/repos_for_docker/obiwan_out/elg_eight_bricks/logs/000//more_rs201/log.0006m047
logging to.../global/cscratch1/sd/huikong/obiwan_Aug/repos_for_docker/obiwan_out/elg_eight_bricks/logs/000//more_rs201/log.0006p005
logging to.../global/cscratch1/sd/huikong/obiwan_Aug/repos_for_docker/obiwan_out/elg_eight_bricks/logs/000//more_rs201/log.0006p022
logging to.../global/cscratch1/sd/huikong/obiwan_Aug/repos_for_docker/obiwan_out/elg_eight_bricks/logs/000//more_rs201/log.0006p037
logging to.../global/cscratch1/sd/huikong/obiwan_Aug/repos_for_docker/obiwan_out/elg_eight_bricks/logs/000//more_rs201/log.0006p040
logging to.../global/cscratch1/sd/huikong/obiwan_Aug/repos_for_docker/obiwan_out/elg_eight_bricks/logs/000//more_rs201/log.0008m002
logging to.../global/cscratch1/sd/huikong/obiwan_Aug/repos_for_docker/obiwan_out/elg_eight_bricks/logs/000//more_rs201/log.0008m007
logging to.../global/cscratch1/sd/huikong/obiwan_Aug/repos_for_docker/obiwan_out/elg_eight_bricks/logs/000//more_rs201/log.0008m010
logging to.../global/cscratch1/sd/huikong/obiwan_Aug/repos_for_docker/obiwan_out/elg_eight_bricks/logs/000//more_rs201/log.0008m012
logging to.../global/cscratch1/sd/huikong/obiwan_Aug/repos_for_docker/obiwan_out/elg_eight_bricks/logs/000//more_rs201/log.0008m015
logging to.../global/cscratch1/sd/huikong/obiwan_Aug/repos_for_docker/obiwan_out/elg_eight_bricks/logs/000//more_rs201/log.0008m017
logging to.../global/cscratch1/sd/huikong/obiwan_Aug/repos_for_docker/obiwan_out/elg_eight_bricks/logs/000//more_rs201/log.0008m020
logging to.../global/cscratch1/sd/huikong/obiwan_Aug/repos_for_docker/obiwan_out/elg_eight_bricks/logs/000//more_rs201/log.0008m022
logging to.../global/cscratch1/sd/huikong/obiwan_Aug/repos_for_docker/obiwan_out/elg_eight_bricks/logs/000//more_rs201/log.0008m025
logging to.../global/cscratch1/sd/huikong/obiwan_Aug/repos_for_docker/obiwan_out/elg_eight_bricks/logs/000//more_rs201/log.0008p000
logging to.../global/cscratch1/sd/huikong/obiwan_Aug/repos_for_docker/obiwan_out/elg_eight_bricks/logs/000//more_rs201/log.0008p002
logging to.../global/cscratch1/sd/huikong/obiwan_Aug/repos_for_docker/obiwan_out/elg_eight_bricks/logs/000//more_rs201/log.0008p010
logging to.../global/cscratch1/sd/huikong/obiwan_Aug/repos_for_docker/obiwan_out/elg_eight_bricks/logs/000//more_rs201/log.0008p015
logging to.../global/cscratch1/sd/huikong/obiwan_Aug/repos_for_docker/obiwan_out/elg_eight_bricks/logs/000//more_rs201/log.0008p020
srun: Job step aborted: Waiting up to 32 seconds for job step to finish.
srun: got SIGCONT
slurmstepd: error: *** STEP 16061572.1 ON nid01423 CANCELLED AT 2018-11-02T12:34:15 ***
srun: forcing job termination
