logging to.../global/cscratch1/sd/huikong/obiwan_Aug/repos_for_docker/obiwan_out/elg_new_ccd_list/logs/000//more_rs0/log.0001m005
logging to.../global/cscratch1/sd/huikong/obiwan_Aug/repos_for_docker/obiwan_out/elg_new_ccd_list/logs/000//more_rs0/log.0001m002
logging to.../global/cscratch1/sd/huikong/obiwan_Aug/repos_for_docker/obiwan_out/elg_new_ccd_list/logs/000//more_rs0/log.0001m007
logging to.../global/cscratch1/sd/huikong/obiwan_Aug/repos_for_docker/obiwan_out/elg_new_ccd_list/logs/000//more_rs0/log.0001m010
logging to.../global/cscratch1/sd/huikong/obiwan_Aug/repos_for_docker/obiwan_out/elg_new_ccd_list/logs/000//more_rs0/log.0001m012
logging to.../global/cscratch1/sd/huikong/obiwan_Aug/repos_for_docker/obiwan_out/elg_new_ccd_list/logs/000//more_rs0/log.0001m015
logging to.../global/cscratch1/sd/huikong/obiwan_Aug/repos_for_docker/obiwan_out/elg_new_ccd_list/logs/000//more_rs0/log.0001m017
logging to.../global/cscratch1/sd/huikong/obiwan_Aug/repos_for_docker/obiwan_out/elg_new_ccd_list/logs/000//more_rs0/log.0001m020
logging to.../global/cscratch1/sd/huikong/obiwan_Aug/repos_for_docker/obiwan_out/elg_new_ccd_list/logs/000//more_rs0/log.0001m022
logging to.../global/cscratch1/sd/huikong/obiwan_Aug/repos_for_docker/obiwan_out/elg_new_ccd_list/logs/000//more_rs0/log.0001m025
logging to.../global/cscratch1/sd/huikong/obiwan_Aug/repos_for_docker/obiwan_out/elg_new_ccd_list/logs/000//more_rs0/log.0001m027
logging to.../global/cscratch1/sd/huikong/obiwan_Aug/repos_for_docker/obiwan_out/elg_new_ccd_list/logs/000//more_rs0/log.0001m030
logging to.../global/cscratch1/sd/huikong/obiwan_Aug/repos_for_docker/obiwan_out/elg_new_ccd_list/logs/000//more_rs0/log.0001m032
logging to.../global/cscratch1/sd/huikong/obiwan_Aug/repos_for_docker/obiwan_out/elg_new_ccd_list/logs/000//more_rs0/log.0001m035
logging to.../global/cscratch1/sd/huikong/obiwan_Aug/repos_for_docker/obiwan_out/elg_new_ccd_list/logs/000//more_rs0/log.0001m037
logging to.../global/cscratch1/sd/huikong/obiwan_Aug/repos_for_docker/obiwan_out/elg_new_ccd_list/logs/000//more_rs0/log.0001m040
logging to.../global/cscratch1/sd/huikong/obiwan_Aug/repos_for_docker/obiwan_out/elg_new_ccd_list/logs/000//more_rs0/log.0001m042
logging to.../global/cscratch1/sd/huikong/obiwan_Aug/repos_for_docker/obiwan_out/elg_new_ccd_list/logs/000//more_rs0/log.0001m045
logging to.../global/cscratch1/sd/huikong/obiwan_Aug/repos_for_docker/obiwan_out/elg_new_ccd_list/logs/000//more_rs0/log.0001m047
logging to.../global/cscratch1/sd/huikong/obiwan_Aug/repos_for_docker/obiwan_out/elg_new_ccd_list/logs/000//more_rs0/log.0001p000
logging to.../global/cscratch1/sd/huikong/obiwan_Aug/repos_for_docker/obiwan_out/elg_new_ccd_list/logs/000//more_rs0/log.0001p002
logging to.../global/cscratch1/sd/huikong/obiwan_Aug/repos_for_docker/obiwan_out/elg_new_ccd_list/logs/000//more_rs0/log.0001p005
logging to.../global/cscratch1/sd/huikong/obiwan_Aug/repos_for_docker/obiwan_out/elg_new_ccd_list/logs/000//more_rs0/log.0001p007
logging to.../global/cscratch1/sd/huikong/obiwan_Aug/repos_for_docker/obiwan_out/elg_new_ccd_list/logs/000//more_rs0/log.0001p010
logging to.../global/cscratch1/sd/huikong/obiwan_Aug/repos_for_docker/obiwan_out/elg_new_ccd_list/logs/000//more_rs0/log.0001p012
logging to.../global/cscratch1/sd/huikong/obiwan_Aug/repos_for_docker/obiwan_out/elg_new_ccd_list/logs/000//more_rs0/log.0001p015
slurmstepd: error: *** STEP 16368499.1 ON nid00765 CANCELLED AT 2018-11-15T00:19:35 DUE TO TIME LIMIT ***
srun: got SIGCONT
srun: forcing job termination
